This file contains any messages produced by compilers while
running configure, to aid debugging if configure makes a mistake.

It was created by libsodium configure 1.0.0, which was
generated by GNU Autoconf 2.69.  Invocation command line was

  $ ./configure 

## --------- ##
## Platform. ##
## --------- ##

hostname = Pedros-MacBook-Pro.local
uname -m = x86_64
uname -r = 14.0.0
uname -s = Darwin
uname -v = Darwin Kernel Version 14.0.0: Fri Sep 19 00:26:44 PDT 2014; root:xnu-2782.1.97~2/RELEASE_X86_64

/usr/bin/uname -p = i386
/bin/uname -X     = unknown

/bin/arch              = unknown
/usr/bin/arch -k       = unknown
/usr/convex/getsysinfo = unknown
/usr/bin/hostinfo      = Mach kernel version:
	 Darwin Kernel Version 14.0.0: Fri Sep 19 00:26:44 PDT 2014; root:xnu-2782.1.97~2/RELEASE_X86_64
Kernel configured for up to 4 processors.
2 processors are physically available.
4 processors are logically available.
Processor type: x86_64h (Intel x86-64h Haswell)
Processors active: 0 1 2 3
Primary memory available: 16.00 gigabytes
Default processor set: 275 tasks, 1277 threads, 4 processors
Load average: 2.50, Mach factor: 1.70
/bin/machine           = unknown
/usr/bin/oslevel       = unknown
/bin/universe          = unknown

PATH: /usr/local/bin
PATH: /usr/bin
PATH: /bin
PATH: /usr/sbin
PATH: /sbin


## ----------- ##
## Core tests. ##
## ----------- ##

configure:2305: checking build system type
configure:2319: result: x86_64-apple-darwin14.0.0
configure:2339: checking host system type
configure:2352: result: x86_64-apple-darwin14.0.0
configure:2388: checking for a BSD-compatible install
configure:2456: result: /usr/bin/install -c
configure:2467: checking whether build environment is sane
configure:2522: result: yes
configure:2673: checking for a thread-safe mkdir -p
configure:2712: result: ./install-sh -c -d
configure:2719: checking for gawk
configure:2749: result: no
configure:2719: checking for mawk
configure:2749: result: no
configure:2719: checking for nawk
configure:2749: result: no
configure:2719: checking for awk
configure:2735: found /usr/bin/awk
configure:2746: result: awk
configure:2757: checking whether make sets $(MAKE)
configure:2779: result: yes
configure:2808: checking whether make supports nested variables
configure:2825: result: yes
configure:2914: checking whether UID '501' is supported by ustar format
configure:2917: result: yes
configure:2924: checking whether GID '20' is supported by ustar format
configure:2927: result: yes
configure:2935: checking how to create a ustar tar archive
configure:2946: tar --version
bsdtar 2.8.3 - libarchive 2.8.3
configure:2949: $? = 0
configure:2989: tardir=conftest.dir && eval tar --format=ustar -chf - "$tardir" >conftest.tar
configure:2992: $? = 0
configure:2996: tar -xf - <conftest.tar
configure:2999: $? = 0
configure:3001: cat conftest.dir/file
GrepMe
configure:3004: $? = 0
configure:3017: result: gnutar
configure:3077: checking whether make supports nested variables
configure:3094: result: yes
configure:3106: checking whether to enable maintainer-specific portions of Makefiles
configure:3115: result: no
configure:3341: checking for style of include used by make
configure:3369: result: GNU
configure:3421: checking for gcc
configure:3437: found /usr/bin/gcc
configure:3448: result: gcc
configure:3677: checking for C compiler version
configure:3686: gcc --version >&5
Apple LLVM version 6.0 (clang-600.0.54) (based on LLVM 3.5svn)
Target: x86_64-apple-darwin14.0.0
Thread model: posix
Configured with: --prefix=/Applications/Xcode.app/Contents/Developer/usr --with-gxx-include-dir=/usr/include/c++/4.2.1
configure:3697: $? = 0
configure:3686: gcc -v >&5
Configured with: --prefix=/Applications/Xcode.app/Contents/Developer/usr --with-gxx-include-dir=/usr/include/c++/4.2.1
Apple LLVM version 6.0 (clang-600.0.54) (based on LLVM 3.5svn)
Target: x86_64-apple-darwin14.0.0
Thread model: posix
configure:3697: $? = 0
configure:3686: gcc -V >&5
clang: error: argument to '-V' is missing (expected 1 value)
clang: error: no input files
configure:3697: $? = 1
configure:3686: gcc -qversion >&5
clang: error: unknown argument: '-qversion'
clang: error: no input files
configure:3697: $? = 1
configure:3717: checking whether the C compiler works
configure:3739: gcc    conftest.c  >&5
configure:3743: $? = 0
configure:3791: result: yes
configure:3794: checking for C compiler default output file name
configure:3796: result: a.out
configure:3802: checking for suffix of executables
configure:3809: gcc -o conftest    conftest.c  >&5
configure:3813: $? = 0
configure:3835: result: 
configure:3857: checking whether we are cross compiling
configure:3865: gcc -o conftest    conftest.c  >&5
configure:3869: $? = 0
configure:3876: ./conftest
configure:3880: $? = 0
configure:3895: result: no
configure:3900: checking for suffix of object files
configure:3922: gcc -c   conftest.c >&5
configure:3926: $? = 0
configure:3947: result: o
configure:3951: checking whether we are using the GNU C compiler
configure:3970: gcc -c   conftest.c >&5
configure:3970: $? = 0
configure:3979: result: yes
configure:3988: checking whether gcc accepts -g
configure:4008: gcc -c -g  conftest.c >&5
configure:4008: $? = 0
configure:4049: result: yes
configure:4066: checking for gcc option to accept ISO C89
configure:4129: gcc  -c -g -O2  conftest.c >&5
configure:4129: $? = 0
configure:4142: result: none needed
configure:4167: checking whether gcc understands -c and -o together
configure:4189: gcc -c conftest.c -o conftest2.o
configure:4192: $? = 0
configure:4189: gcc -c conftest.c -o conftest2.o
configure:4192: $? = 0
configure:4204: result: yes
configure:4223: checking dependency style of gcc
configure:4334: result: gcc3
configure:4349: checking for gcc option to accept ISO C99
configure:4498: gcc  -c -g -O2  conftest.c >&5
configure:4498: $? = 0
configure:4511: result: none needed
configure:4535: checking dependency style of gcc
configure:4644: result: gcc3
configure:4665: checking how to run the C preprocessor
configure:4696: gcc -E  conftest.c
configure:4696: $? = 0
configure:4710: gcc -E  conftest.c
conftest.c:11:10: fatal error: 'ac_nonexistent.h' file not found
#include <ac_nonexistent.h>
         ^
1 error generated.
configure:4710: $? = 1
configure: failed program was:
| /* confdefs.h */
| #define PACKAGE_NAME "libsodium"
| #define PACKAGE_TARNAME "libsodium"
| #define PACKAGE_VERSION "1.0.0"
| #define PACKAGE_STRING "libsodium 1.0.0"
| #define PACKAGE_BUGREPORT "https://github.com/jedisct1/libsodium/issues"
| #define PACKAGE_URL "https://github.com/jedisct1/libsodium"
| #define PACKAGE "libsodium"
| #define VERSION "1.0.0"
| /* end confdefs.h.  */
| #include <ac_nonexistent.h>
configure:4735: result: gcc -E
configure:4755: gcc -E  conftest.c
configure:4755: $? = 0
configure:4769: gcc -E  conftest.c
conftest.c:11:10: fatal error: 'ac_nonexistent.h' file not found
#include <ac_nonexistent.h>
         ^
1 error generated.
configure:4769: $? = 1
configure: failed program was:
| /* confdefs.h */
| #define PACKAGE_NAME "libsodium"
| #define PACKAGE_TARNAME "libsodium"
| #define PACKAGE_VERSION "1.0.0"
| #define PACKAGE_STRING "libsodium 1.0.0"
| #define PACKAGE_BUGREPORT "https://github.com/jedisct1/libsodium/issues"
| #define PACKAGE_URL "https://github.com/jedisct1/libsodium"
| #define PACKAGE "libsodium"
| #define VERSION "1.0.0"
| /* end confdefs.h.  */
| #include <ac_nonexistent.h>
configure:4798: checking for grep that handles long lines and -e
configure:4856: result: /usr/bin/grep
configure:4861: checking for egrep
configure:4923: result: /usr/bin/grep -E
configure:4928: checking for ANSI C header files
configure:4948: gcc -c -g -O2  conftest.c >&5
configure:4948: $? = 0
configure:5021: gcc -o conftest -g -O2   conftest.c  >&5
configure:5021: $? = 0
configure:5021: ./conftest
configure:5021: $? = 0
configure:5032: result: yes
configure:5045: checking for sys/types.h
configure:5045: gcc -c -g -O2  conftest.c >&5
configure:5045: $? = 0
configure:5045: result: yes
configure:5045: checking for sys/stat.h
configure:5045: gcc -c -g -O2  conftest.c >&5
configure:5045: $? = 0
configure:5045: result: yes
configure:5045: checking for stdlib.h
configure:5045: gcc -c -g -O2  conftest.c >&5
configure:5045: $? = 0
configure:5045: result: yes
configure:5045: checking for string.h
configure:5045: gcc -c -g -O2  conftest.c >&5
configure:5045: $? = 0
configure:5045: result: yes
configure:5045: checking for memory.h
configure:5045: gcc -c -g -O2  conftest.c >&5
configure:5045: $? = 0
configure:5045: result: yes
configure:5045: checking for strings.h
configure:5045: gcc -c -g -O2  conftest.c >&5
configure:5045: $? = 0
configure:5045: result: yes
configure:5045: checking for inttypes.h
configure:5045: gcc -c -g -O2  conftest.c >&5
configure:5045: $? = 0
configure:5045: result: yes
configure:5045: checking for stdint.h
configure:5045: gcc -c -g -O2  conftest.c >&5
configure:5045: $? = 0
configure:5045: result: yes
configure:5045: checking for unistd.h
configure:5045: gcc -c -g -O2  conftest.c >&5
configure:5045: $? = 0
configure:5045: result: yes
configure:5058: checking minix/config.h usability
configure:5058: gcc -c -g -O2  conftest.c >&5
conftest.c:54:10: fatal error: 'minix/config.h' file not found
#include <minix/config.h>
         ^
1 error generated.
configure:5058: $? = 1
configure: failed program was:
| /* confdefs.h */
| #define PACKAGE_NAME "libsodium"
| #define PACKAGE_TARNAME "libsodium"
| #define PACKAGE_VERSION "1.0.0"
| #define PACKAGE_STRING "libsodium 1.0.0"
| #define PACKAGE_BUGREPORT "https://github.com/jedisct1/libsodium/issues"
| #define PACKAGE_URL "https://github.com/jedisct1/libsodium"
| #define PACKAGE "libsodium"
| #define VERSION "1.0.0"
| #define STDC_HEADERS 1
| #define HAVE_SYS_TYPES_H 1
| #define HAVE_SYS_STAT_H 1
| #define HAVE_STDLIB_H 1
| #define HAVE_STRING_H 1
| #define HAVE_MEMORY_H 1
| #define HAVE_STRINGS_H 1
| #define HAVE_INTTYPES_H 1
| #define HAVE_STDINT_H 1
| #define HAVE_UNISTD_H 1
| /* end confdefs.h.  */
| #include <stdio.h>
| #ifdef HAVE_SYS_TYPES_H
| # include <sys/types.h>
| #endif
| #ifdef HAVE_SYS_STAT_H
| # include <sys/stat.h>
| #endif
| #ifdef STDC_HEADERS
| # include <stdlib.h>
| # include <stddef.h>
| #else
| # ifdef HAVE_STDLIB_H
| #  include <stdlib.h>
| # endif
| #endif
| #ifdef HAVE_STRING_H
| # if !defined STDC_HEADERS && defined HAVE_MEMORY_H
| #  include <memory.h>
| # endif
| # include <string.h>
| #endif
| #ifdef HAVE_STRINGS_H
| # include <strings.h>
| #endif
| #ifdef HAVE_INTTYPES_H
| # include <inttypes.h>
| #endif
| #ifdef HAVE_STDINT_H
| # include <stdint.h>
| #endif
| #ifdef HAVE_UNISTD_H
| # include <unistd.h>
| #endif
| #include <minix/config.h>
configure:5058: result: no
configure:5058: checking minix/config.h presence
configure:5058: gcc -E  conftest.c
conftest.c:21:10: fatal error: 'minix/config.h' file not found
#include <minix/config.h>
         ^
1 error generated.
configure:5058: $? = 1
configure: failed program was:
| /* confdefs.h */
| #define PACKAGE_NAME "libsodium"
| #define PACKAGE_TARNAME "libsodium"
| #define PACKAGE_VERSION "1.0.0"
| #define PACKAGE_STRING "libsodium 1.0.0"
| #define PACKAGE_BUGREPORT "https://github.com/jedisct1/libsodium/issues"
| #define PACKAGE_URL "https://github.com/jedisct1/libsodium"
| #define PACKAGE "libsodium"
| #define VERSION "1.0.0"
| #define STDC_HEADERS 1
| #define HAVE_SYS_TYPES_H 1
| #define HAVE_SYS_STAT_H 1
| #define HAVE_STDLIB_H 1
| #define HAVE_STRING_H 1
| #define HAVE_MEMORY_H 1
| #define HAVE_STRINGS_H 1
| #define HAVE_INTTYPES_H 1
| #define HAVE_STDINT_H 1
| #define HAVE_UNISTD_H 1
| /* end confdefs.h.  */
| #include <minix/config.h>
configure:5058: result: no
configure:5058: checking for minix/config.h
configure:5058: result: no
configure:5079: checking whether it is safe to define __EXTENSIONS__
configure:5097: gcc -c -g -O2  conftest.c >&5
configure:5097: $? = 0
configure:5104: result: yes
configure:5120: checking whether C compiler accepts -fvisibility=hidden
configure:5139: gcc -c -g -O2  -fvisibility=hidden  -D_FORTIFY_SOURCE=2 conftest.c >&5
conftest.c:30:36: warning: comparison of constant -1000 with expression of type 'char' is always true [-Wtautological-constant-out-of-range-compare]
char x[42U], fodder = 0;if (fodder > -1000 && fgets(x,1000,stdin)) puts(x)
                            ~~~~~~ ^ ~~~~~
1 warning generated.
configure:5139: $? = 0
configure:5147: result: yes
configure:5161: checking whether C compiler accepts -fPIC
configure:5180: gcc -c -g -O2 -fvisibility=hidden  -fPIC  -D_FORTIFY_SOURCE=2 conftest.c >&5
conftest.c:30:36: warning: comparison of constant -1000 with expression of type 'char' is always true [-Wtautological-constant-out-of-range-compare]
char x[42U], fodder = 0;if (fodder > -1000 && fgets(x,1000,stdin)) puts(x)
                            ~~~~~~ ^ ~~~~~
1 warning generated.
configure:5180: $? = 0
configure:5188: result: yes
configure:5192: checking whether the linker accepts -fPIC
configure:5211: gcc -o conftest -g -O2 -fvisibility=hidden  -D_FORTIFY_SOURCE=2   -fPIC conftest.c  >&5
configure:5211: $? = 0
configure:5220: result: yes
configure:5239: checking whether C compiler accepts -fPIE
configure:5258: gcc -c -g -O2 -fvisibility=hidden -fPIC  -fPIE  -D_FORTIFY_SOURCE=2 conftest.c >&5
conftest.c:30:36: warning: comparison of constant -1000 with expression of type 'char' is always true [-Wtautological-constant-out-of-range-compare]
char x[42U], fodder = 0;if (fodder > -1000 && fgets(x,1000,stdin)) puts(x)
                            ~~~~~~ ^ ~~~~~
1 warning generated.
configure:5258: $? = 0
configure:5266: result: yes
configure:5270: checking whether the linker accepts -fPIE
configure:5289: gcc -o conftest -g -O2 -fvisibility=hidden -fPIC  -D_FORTIFY_SOURCE=2   -fPIE conftest.c  >&5
configure:5289: $? = 0
configure:5298: result: yes
configure:5301: checking whether the linker accepts -pie
configure:5320: gcc -o conftest -g -O2 -fvisibility=hidden -fPIC  -D_FORTIFY_SOURCE=2   -pie conftest.c  >&5
clang: warning: argument unused during compilation: '-pie'
configure:5320: $? = 0
configure:5329: result: yes
configure:5351: checking whether C compiler accepts -fwrapv
configure:5370: gcc -c -g -O2 -fvisibility=hidden -fPIC -fPIE  -fwrapv  -D_FORTIFY_SOURCE=2 conftest.c >&5
conftest.c:30:36: warning: comparison of constant -1000 with expression of type 'char' is always true [-Wtautological-constant-out-of-range-compare]
char x[42U], fodder = 0;if (fodder > -1000 && fgets(x,1000,stdin)) puts(x)
                            ~~~~~~ ^ ~~~~~
1 warning generated.
configure:5370: $? = 0
configure:5378: result: yes
configure:5386: checking whether C compiler accepts -fno-strict-aliasing
configure:5405: gcc -c -g -O2 -fvisibility=hidden -fPIC -fPIE -fwrapv  -fno-strict-aliasing  -D_FORTIFY_SOURCE=2 conftest.c >&5
conftest.c:30:36: warning: comparison of constant -1000 with expression of type 'char' is always true [-Wtautological-constant-out-of-range-compare]
char x[42U], fodder = 0;if (fodder > -1000 && fgets(x,1000,stdin)) puts(x)
                            ~~~~~~ ^ ~~~~~
1 warning generated.
configure:5405: $? = 0
configure:5413: result: yes
configure:5421: checking whether C compiler accepts -fno-strict-overflow
configure:5440: gcc -c -g -O2 -fvisibility=hidden -fPIC -fPIE -fwrapv -fno-strict-aliasing  -fno-strict-overflow  -D_FORTIFY_SOURCE=2 conftest.c >&5
clang: warning: argument unused during compilation: '-fno-strict-overflow'
conftest.c:30:36: warning: comparison of constant -1000 with expression of type 'char' is always true [-Wtautological-constant-out-of-range-compare]
char x[42U], fodder = 0;if (fodder > -1000 && fgets(x,1000,stdin)) puts(x)
                            ~~~~~~ ^ ~~~~~
1 warning generated.
configure:5440: $? = 0
configure:5448: result: yes
configure:5560: checking whether C compiler accepts -fstack-protector
configure:5579: gcc -c -g -O2 -fvisibility=hidden -fPIC -fPIE -fwrapv -fno-strict-aliasing -fno-strict-overflow  -fstack-protector  -D_FORTIFY_SOURCE=2 conftest.c >&5
clang: warning: argument unused during compilation: '-fno-strict-overflow'
conftest.c:30:36: warning: comparison of constant -1000 with expression of type 'char' is always true [-Wtautological-constant-out-of-range-compare]
char x[42U], fodder = 0;if (fodder > -1000 && fgets(x,1000,stdin)) puts(x)
                            ~~~~~~ ^ ~~~~~
1 warning generated.
configure:5579: $? = 0
configure:5587: result: yes
configure:5591: checking whether the linker accepts -fstack-protector
configure:5610: gcc -o conftest -g -O2 -fvisibility=hidden -fPIC -fPIE -fwrapv -fno-strict-aliasing -fno-strict-overflow  -D_FORTIFY_SOURCE=2  -pie  -fstack-protector conftest.c  >&5
clang: warning: argument unused during compilation: '-fno-strict-overflow'
clang: warning: argument unused during compilation: '-pie'
configure:5610: $? = 0
configure:5619: result: yes
configure:5640: checking whether C compiler accepts -Winit-self
configure:5659: gcc -c -g -O2 -fvisibility=hidden -fPIC -fPIE -fwrapv -fno-strict-aliasing -fno-strict-overflow -fstack-protector  -Winit-self  -D_FORTIFY_SOURCE=2 conftest.c >&5
clang: warning: argument unused during compilation: '-fno-strict-overflow'
conftest.c:30:36: warning: comparison of constant -1000 with expression of type 'char' is always true [-Wtautological-constant-out-of-range-compare]
char x[42U], fodder = 0;if (fodder > -1000 && fgets(x,1000,stdin)) puts(x)
                            ~~~~~~ ^ ~~~~~
1 warning generated.
configure:5659: $? = 0
configure:5667: result: yes
configure:5675: checking whether C compiler accepts -Wwrite-strings
configure:5694: gcc -c -g -O2 -fvisibility=hidden -fPIC -fPIE -fwrapv -fno-strict-aliasing -fno-strict-overflow -fstack-protector -Winit-self  -Wwrite-strings  -D_FORTIFY_SOURCE=2 conftest.c >&5
clang: warning: argument unused during compilation: '-fno-strict-overflow'
conftest.c:30:36: warning: comparison of constant -1000 with expression of type 'char' is always true [-Wtautological-constant-out-of-range-compare]
char x[42U], fodder = 0;if (fodder > -1000 && fgets(x,1000,stdin)) puts(x)
                            ~~~~~~ ^ ~~~~~
1 warning generated.
configure:5694: $? = 0
configure:5702: result: yes
configure:5710: checking whether C compiler accepts -Wdiv-by-zero
configure:5729: gcc -c -g -O2 -fvisibility=hidden -fPIC -fPIE -fwrapv -fno-strict-aliasing -fno-strict-overflow -fstack-protector -Winit-self -Wwrite-strings  -Wdiv-by-zero  -D_FORTIFY_SOURCE=2 conftest.c >&5
clang: warning: argument unused during compilation: '-fno-strict-overflow'
conftest.c:30:36: warning: comparison of constant -1000 with expression of type 'char' is always true [-Wtautological-constant-out-of-range-compare]
char x[42U], fodder = 0;if (fodder > -1000 && fgets(x,1000,stdin)) puts(x)
                            ~~~~~~ ^ ~~~~~
1 warning generated.
configure:5729: $? = 0
configure:5737: result: yes
configure:5745: checking whether C compiler accepts -Wsometimes-uninitialized
configure:5764: gcc -c -g -O2 -fvisibility=hidden -fPIC -fPIE -fwrapv -fno-strict-aliasing -fno-strict-overflow -fstack-protector -Winit-self -Wwrite-strings -Wdiv-by-zero  -Wsometimes-uninitialized  -D_FORTIFY_SOURCE=2 conftest.c >&5
clang: warning: argument unused during compilation: '-fno-strict-overflow'
conftest.c:30:36: warning: comparison of constant -1000 with expression of type 'char' is always true [-Wtautological-constant-out-of-range-compare]
char x[42U], fodder = 0;if (fodder > -1000 && fgets(x,1000,stdin)) puts(x)
                            ~~~~~~ ^ ~~~~~
1 warning generated.
configure:5764: $? = 0
configure:5772: result: yes
configure:5784: checking whether C compiler accepts  -Wall
configure:5803: gcc -c -g -O2 -fvisibility=hidden -fPIC -fPIE -fwrapv -fno-strict-aliasing -fno-strict-overflow -fstack-protector -Winit-self -Wwrite-strings -Wdiv-by-zero -Wsometimes-uninitialized   -Wall  -D_FORTIFY_SOURCE=2 conftest.c >&5
clang: warning: argument unused during compilation: '-fno-strict-overflow'
conftest.c:30:36: warning: comparison of constant -1000 with expression of type 'char' is always true [-Wtautological-constant-out-of-range-compare]
char x[42U], fodder = 0;if (fodder > -1000 && fgets(x,1000,stdin)) puts(x)
                            ~~~~~~ ^ ~~~~~
1 warning generated.
configure:5803: $? = 0
configure:5812: result: yes
configure:5821: checking whether C compiler accepts  -Wall -Wextra
configure:5840: gcc -c -g -O2 -fvisibility=hidden -fPIC -fPIE -fwrapv -fno-strict-aliasing -fno-strict-overflow -fstack-protector -Winit-self -Wwrite-strings -Wdiv-by-zero -Wsometimes-uninitialized   -Wall -Wextra  -D_FORTIFY_SOURCE=2 conftest.c >&5
clang: warning: argument unused during compilation: '-fno-strict-overflow'
conftest.c:30:36: warning: comparison of constant -1000 with expression of type 'char' is always true [-Wtautological-constant-out-of-range-compare]
char x[42U], fodder = 0;if (fodder > -1000 && fgets(x,1000,stdin)) puts(x)
                            ~~~~~~ ^ ~~~~~
1 warning generated.
configure:5840: $? = 0
configure:5849: result: yes
configure:5858: checking for clang
configure:5875: gcc -c -g -O2 -fvisibility=hidden -fPIC -fPIE -fwrapv -fno-strict-aliasing -fno-strict-overflow -fstack-protector -Winit-self -Wwrite-strings -Wdiv-by-zero -Wsometimes-uninitialized  -D_FORTIFY_SOURCE=2 conftest.c >&5
clang: warning: argument unused during compilation: '-fno-strict-overflow'
configure:5875: $? = 0
configure:5876: result: yes
configure:5879: checking whether C compiler accepts  -Wall -Wextra -Wno-unknown-warning-option
configure:5898: gcc -c -g -O2 -fvisibility=hidden -fPIC -fPIE -fwrapv -fno-strict-aliasing -fno-strict-overflow -fstack-protector -Winit-self -Wwrite-strings -Wdiv-by-zero -Wsometimes-uninitialized   -Wall -Wextra -Wno-unknown-warning-option  -D_FORTIFY_SOURCE=2 conftest.c >&5
clang: warning: argument unused during compilation: '-fno-strict-overflow'
conftest.c:30:36: warning: comparison of constant -1000 with expression of type 'char' is always true [-Wtautological-constant-out-of-range-compare]
char x[42U], fodder = 0;if (fodder > -1000 && fgets(x,1000,stdin)) puts(x)
                            ~~~~~~ ^ ~~~~~
1 warning generated.
configure:5898: $? = 0
configure:5907: result: yes
configure:5924: checking whether C compiler accepts  -Wall -Wextra -Wno-unknown-warning-option -Wbad-function-cast
configure:5943: gcc -c -g -O2 -fvisibility=hidden -fPIC -fPIE -fwrapv -fno-strict-aliasing -fno-strict-overflow -fstack-protector -Winit-self -Wwrite-strings -Wdiv-by-zero -Wsometimes-uninitialized   -Wall -Wextra -Wno-unknown-warning-option -Wbad-function-cast  -D_FORTIFY_SOURCE=2 conftest.c >&5
clang: warning: argument unused during compilation: '-fno-strict-overflow'
conftest.c:30:36: warning: comparison of constant -1000 with expression of type 'char' is always true [-Wtautological-constant-out-of-range-compare]
char x[42U], fodder = 0;if (fodder > -1000 && fgets(x,1000,stdin)) puts(x)
                            ~~~~~~ ^ ~~~~~
1 warning generated.
configure:5943: $? = 0
configure:5952: result: yes
configure:5961: checking whether C compiler accepts  -Wall -Wextra -Wno-unknown-warning-option -Wbad-function-cast -Wcast-align
configure:5980: gcc -c -g -O2 -fvisibility=hidden -fPIC -fPIE -fwrapv -fno-strict-aliasing -fno-strict-overflow -fstack-protector -Winit-self -Wwrite-strings -Wdiv-by-zero -Wsometimes-uninitialized   -Wall -Wextra -Wno-unknown-warning-option -Wbad-function-cast -Wcast-align  -D_FORTIFY_SOURCE=2 conftest.c >&5
clang: warning: argument unused during compilation: '-fno-strict-overflow'
conftest.c:30:36: warning: comparison of constant -1000 with expression of type 'char' is always true [-Wtautological-constant-out-of-range-compare]
char x[42U], fodder = 0;if (fodder > -1000 && fgets(x,1000,stdin)) puts(x)
                            ~~~~~~ ^ ~~~~~
1 warning generated.
configure:5980: $? = 0
configure:5989: result: yes
configure:5998: checking whether C compiler accepts  -Wall -Wextra -Wno-unknown-warning-option -Wbad-function-cast -Wcast-align -Wcast-qual
configure:6017: gcc -c -g -O2 -fvisibility=hidden -fPIC -fPIE -fwrapv -fno-strict-aliasing -fno-strict-overflow -fstack-protector -Winit-self -Wwrite-strings -Wdiv-by-zero -Wsometimes-uninitialized   -Wall -Wextra -Wno-unknown-warning-option -Wbad-function-cast -Wcast-align -Wcast-qual  -D_FORTIFY_SOURCE=2 conftest.c >&5
clang: warning: argument unused during compilation: '-fno-strict-overflow'
conftest.c:30:36: warning: comparison of constant -1000 with expression of type 'char' is always true [-Wtautological-constant-out-of-range-compare]
char x[42U], fodder = 0;if (fodder > -1000 && fgets(x,1000,stdin)) puts(x)
                            ~~~~~~ ^ ~~~~~
1 warning generated.
configure:6017: $? = 0
configure:6026: result: yes
configure:6035: checking whether C compiler accepts  -Wall -Wextra -Wno-unknown-warning-option -Wbad-function-cast -Wcast-align -Wcast-qual -Wchar-subscripts
configure:6054: gcc -c -g -O2 -fvisibility=hidden -fPIC -fPIE -fwrapv -fno-strict-aliasing -fno-strict-overflow -fstack-protector -Winit-self -Wwrite-strings -Wdiv-by-zero -Wsometimes-uninitialized   -Wall -Wextra -Wno-unknown-warning-option -Wbad-function-cast -Wcast-align -Wcast-qual -Wchar-subscripts  -D_FORTIFY_SOURCE=2 conftest.c >&5
clang: warning: argument unused during compilation: '-fno-strict-overflow'
conftest.c:30:36: warning: comparison of constant -1000 with expression of type 'char' is always true [-Wtautological-constant-out-of-range-compare]
char x[42U], fodder = 0;if (fodder > -1000 && fgets(x,1000,stdin)) puts(x)
                            ~~~~~~ ^ ~~~~~
1 warning generated.
configure:6054: $? = 0
configure:6063: result: yes
configure:6072: checking whether C compiler accepts  -Wall -Wextra -Wno-unknown-warning-option -Wbad-function-cast -Wcast-align -Wcast-qual -Wchar-subscripts -Wcomment
configure:6091: gcc -c -g -O2 -fvisibility=hidden -fPIC -fPIE -fwrapv -fno-strict-aliasing -fno-strict-overflow -fstack-protector -Winit-self -Wwrite-strings -Wdiv-by-zero -Wsometimes-uninitialized   -Wall -Wextra -Wno-unknown-warning-option -Wbad-function-cast -Wcast-align -Wcast-qual -Wchar-subscripts -Wcomment  -D_FORTIFY_SOURCE=2 conftest.c >&5
clang: warning: argument unused during compilation: '-fno-strict-overflow'
conftest.c:30:36: warning: comparison of constant -1000 with expression of type 'char' is always true [-Wtautological-constant-out-of-range-compare]
char x[42U], fodder = 0;if (fodder > -1000 && fgets(x,1000,stdin)) puts(x)
                            ~~~~~~ ^ ~~~~~
1 warning generated.
configure:6091: $? = 0
configure:6100: result: yes
configure:6109: checking whether C compiler accepts  -Wall -Wextra -Wno-unknown-warning-option -Wbad-function-cast -Wcast-align -Wcast-qual -Wchar-subscripts -Wcomment -Wfloat-equal
configure:6128: gcc -c -g -O2 -fvisibility=hidden -fPIC -fPIE -fwrapv -fno-strict-aliasing -fno-strict-overflow -fstack-protector -Winit-self -Wwrite-strings -Wdiv-by-zero -Wsometimes-uninitialized   -Wall -Wextra -Wno-unknown-warning-option -Wbad-function-cast -Wcast-align -Wcast-qual -Wchar-subscripts -Wcomment -Wfloat-equal  -D_FORTIFY_SOURCE=2 conftest.c >&5
clang: warning: argument unused during compilation: '-fno-strict-overflow'
conftest.c:30:36: warning: comparison of constant -1000 with expression of type 'char' is always true [-Wtautological-constant-out-of-range-compare]
char x[42U], fodder = 0;if (fodder > -1000 && fgets(x,1000,stdin)) puts(x)
                            ~~~~~~ ^ ~~~~~
1 warning generated.
configure:6128: $? = 0
configure:6137: result: yes
configure:6146: checking whether C compiler accepts  -Wall -Wextra -Wno-unknown-warning-option -Wbad-function-cast -Wcast-align -Wcast-qual -Wchar-subscripts -Wcomment -Wfloat-equal -Wformat=2
configure:6165: gcc -c -g -O2 -fvisibility=hidden -fPIC -fPIE -fwrapv -fno-strict-aliasing -fno-strict-overflow -fstack-protector -Winit-self -Wwrite-strings -Wdiv-by-zero -Wsometimes-uninitialized   -Wall -Wextra -Wno-unknown-warning-option -Wbad-function-cast -Wcast-align -Wcast-qual -Wchar-subscripts -Wcomment -Wfloat-equal -Wformat=2  -D_FORTIFY_SOURCE=2 conftest.c >&5
clang: warning: argument unused during compilation: '-fno-strict-overflow'
conftest.c:30:36: warning: comparison of constant -1000 with expression of type 'char' is always true [-Wtautological-constant-out-of-range-compare]
char x[42U], fodder = 0;if (fodder > -1000 && fgets(x,1000,stdin)) puts(x)
                            ~~~~~~ ^ ~~~~~
1 warning generated.
configure:6165: $? = 0
configure:6174: result: yes
configure:6183: checking whether C compiler accepts  -Wall -Wextra -Wno-unknown-warning-option -Wbad-function-cast -Wcast-align -Wcast-qual -Wchar-subscripts -Wcomment -Wfloat-equal -Wformat=2 -Wimplicit
configure:6202: gcc -c -g -O2 -fvisibility=hidden -fPIC -fPIE -fwrapv -fno-strict-aliasing -fno-strict-overflow -fstack-protector -Winit-self -Wwrite-strings -Wdiv-by-zero -Wsometimes-uninitialized   -Wall -Wextra -Wno-unknown-warning-option -Wbad-function-cast -Wcast-align -Wcast-qual -Wchar-subscripts -Wcomment -Wfloat-equal -Wformat=2 -Wimplicit  -D_FORTIFY_SOURCE=2 conftest.c >&5
clang: warning: argument unused during compilation: '-fno-strict-overflow'
conftest.c:30:36: warning: comparison of constant -1000 with expression of type 'char' is always true [-Wtautological-constant-out-of-range-compare]
char x[42U], fodder = 0;if (fodder > -1000 && fgets(x,1000,stdin)) puts(x)
                            ~~~~~~ ^ ~~~~~
1 warning generated.
configure:6202: $? = 0
configure:6211: result: yes
configure:6220: checking whether C compiler accepts  -Wall -Wextra -Wno-unknown-warning-option -Wbad-function-cast -Wcast-align -Wcast-qual -Wchar-subscripts -Wcomment -Wfloat-equal -Wformat=2 -Wimplicit -Wmissing-declarations
configure:6239: gcc -c -g -O2 -fvisibility=hidden -fPIC -fPIE -fwrapv -fno-strict-aliasing -fno-strict-overflow -fstack-protector -Winit-self -Wwrite-strings -Wdiv-by-zero -Wsometimes-uninitialized   -Wall -Wextra -Wno-unknown-warning-option -Wbad-function-cast -Wcast-align -Wcast-qual -Wchar-subscripts -Wcomment -Wfloat-equal -Wformat=2 -Wimplicit -Wmissing-declarations  -D_FORTIFY_SOURCE=2 conftest.c >&5
clang: warning: argument unused during compilation: '-fno-strict-overflow'
conftest.c:30:36: warning: comparison of constant -1000 with expression of type 'char' is always true [-Wtautological-constant-out-of-range-compare]
char x[42U], fodder = 0;if (fodder > -1000 && fgets(x,1000,stdin)) puts(x)
                            ~~~~~~ ^ ~~~~~
1 warning generated.
configure:6239: $? = 0
configure:6248: result: yes
configure:6257: checking whether C compiler accepts  -Wall -Wextra -Wno-unknown-warning-option -Wbad-function-cast -Wcast-align -Wcast-qual -Wchar-subscripts -Wcomment -Wfloat-equal -Wformat=2 -Wimplicit -Wmissing-declarations -Wmissing-prototypes
configure:6276: gcc -c -g -O2 -fvisibility=hidden -fPIC -fPIE -fwrapv -fno-strict-aliasing -fno-strict-overflow -fstack-protector -Winit-self -Wwrite-strings -Wdiv-by-zero -Wsometimes-uninitialized   -Wall -Wextra -Wno-unknown-warning-option -Wbad-function-cast -Wcast-align -Wcast-qual -Wchar-subscripts -Wcomment -Wfloat-equal -Wformat=2 -Wimplicit -Wmissing-declarations -Wmissing-prototypes  -D_FORTIFY_SOURCE=2 conftest.c >&5
clang: warning: argument unused during compilation: '-fno-strict-overflow'
conftest.c:30:36: warning: comparison of constant -1000 with expression of type 'char' is always true [-Wtautological-constant-out-of-range-compare]
char x[42U], fodder = 0;if (fodder > -1000 && fgets(x,1000,stdin)) puts(x)
                            ~~~~~~ ^ ~~~~~
1 warning generated.
configure:6276: $? = 0
configure:6285: result: yes
configure:6294: checking whether C compiler accepts  -Wall -Wextra -Wno-unknown-warning-option -Wbad-function-cast -Wcast-align -Wcast-qual -Wchar-subscripts -Wcomment -Wfloat-equal -Wformat=2 -Wimplicit -Wmissing-declarations -Wmissing-prototypes -Wnormalized=id
configure:6313: gcc -c -g -O2 -fvisibility=hidden -fPIC -fPIE -fwrapv -fno-strict-aliasing -fno-strict-overflow -fstack-protector -Winit-self -Wwrite-strings -Wdiv-by-zero -Wsometimes-uninitialized   -Wall -Wextra -Wno-unknown-warning-option -Wbad-function-cast -Wcast-align -Wcast-qual -Wchar-subscripts -Wcomment -Wfloat-equal -Wformat=2 -Wimplicit -Wmissing-declarations -Wmissing-prototypes -Wnormalized=id  -D_FORTIFY_SOURCE=2 conftest.c >&5
clang: warning: argument unused during compilation: '-fno-strict-overflow'
conftest.c:30:36: warning: comparison of constant -1000 with expression of type 'char' is always true [-Wtautological-constant-out-of-range-compare]
char x[42U], fodder = 0;if (fodder > -1000 && fgets(x,1000,stdin)) puts(x)
                            ~~~~~~ ^ ~~~~~
1 warning generated.
configure:6313: $? = 0
configure:6322: result: yes
configure:6331: checking whether C compiler accepts  -Wall -Wextra -Wno-unknown-warning-option -Wbad-function-cast -Wcast-align -Wcast-qual -Wchar-subscripts -Wcomment -Wfloat-equal -Wformat=2 -Wimplicit -Wmissing-declarations -Wmissing-prototypes -Wnormalized=id -Woverride-init
configure:6350: gcc -c -g -O2 -fvisibility=hidden -fPIC -fPIE -fwrapv -fno-strict-aliasing -fno-strict-overflow -fstack-protector -Winit-self -Wwrite-strings -Wdiv-by-zero -Wsometimes-uninitialized   -Wall -Wextra -Wno-unknown-warning-option -Wbad-function-cast -Wcast-align -Wcast-qual -Wchar-subscripts -Wcomment -Wfloat-equal -Wformat=2 -Wimplicit -Wmissing-declarations -Wmissing-prototypes -Wnormalized=id -Woverride-init  -D_FORTIFY_SOURCE=2 conftest.c >&5
clang: warning: argument unused during compilation: '-fno-strict-overflow'
conftest.c:30:36: warning: comparison of constant -1000 with expression of type 'char' is always true [-Wtautological-constant-out-of-range-compare]
char x[42U], fodder = 0;if (fodder > -1000 && fgets(x,1000,stdin)) puts(x)
                            ~~~~~~ ^ ~~~~~
1 warning generated.
configure:6350: $? = 0
configure:6359: result: yes
configure:6368: checking whether C compiler accepts  -Wall -Wextra -Wno-unknown-warning-option -Wbad-function-cast -Wcast-align -Wcast-qual -Wchar-subscripts -Wcomment -Wfloat-equal -Wformat=2 -Wimplicit -Wmissing-declarations -Wmissing-prototypes -Wnormalized=id -Woverride-init -Wparentheses
configure:6387: gcc -c -g -O2 -fvisibility=hidden -fPIC -fPIE -fwrapv -fno-strict-aliasing -fno-strict-overflow -fstack-protector -Winit-self -Wwrite-strings -Wdiv-by-zero -Wsometimes-uninitialized   -Wall -Wextra -Wno-unknown-warning-option -Wbad-function-cast -Wcast-align -Wcast-qual -Wchar-subscripts -Wcomment -Wfloat-equal -Wformat=2 -Wimplicit -Wmissing-declarations -Wmissing-prototypes -Wnormalized=id -Woverride-init -Wparentheses  -D_FORTIFY_SOURCE=2 conftest.c >&5
clang: warning: argument unused during compilation: '-fno-strict-overflow'
conftest.c:30:36: warning: comparison of constant -1000 with expression of type 'char' is always true [-Wtautological-constant-out-of-range-compare]
char x[42U], fodder = 0;if (fodder > -1000 && fgets(x,1000,stdin)) puts(x)
                            ~~~~~~ ^ ~~~~~
1 warning generated.
configure:6387: $? = 0
configure:6396: result: yes
configure:6405: checking whether C compiler accepts  -Wall -Wextra -Wno-unknown-warning-option -Wbad-function-cast -Wcast-align -Wcast-qual -Wchar-subscripts -Wcomment -Wfloat-equal -Wformat=2 -Wimplicit -Wmissing-declarations -Wmissing-prototypes -Wnormalized=id -Woverride-init -Wparentheses -Wpointer-arith
configure:6424: gcc -c -g -O2 -fvisibility=hidden -fPIC -fPIE -fwrapv -fno-strict-aliasing -fno-strict-overflow -fstack-protector -Winit-self -Wwrite-strings -Wdiv-by-zero -Wsometimes-uninitialized   -Wall -Wextra -Wno-unknown-warning-option -Wbad-function-cast -Wcast-align -Wcast-qual -Wchar-subscripts -Wcomment -Wfloat-equal -Wformat=2 -Wimplicit -Wmissing-declarations -Wmissing-prototypes -Wnormalized=id -Woverride-init -Wparentheses -Wpointer-arith  -D_FORTIFY_SOURCE=2 conftest.c >&5
clang: warning: argument unused during compilation: '-fno-strict-overflow'
conftest.c:30:36: warning: comparison of constant -1000 with expression of type 'char' is always true [-Wtautological-constant-out-of-range-compare]
char x[42U], fodder = 0;if (fodder > -1000 && fgets(x,1000,stdin)) puts(x)
                            ~~~~~~ ^ ~~~~~
1 warning generated.
configure:6424: $? = 0
configure:6433: result: yes
configure:6442: checking whether C compiler accepts  -Wall -Wextra -Wno-unknown-warning-option -Wbad-function-cast -Wcast-align -Wcast-qual -Wchar-subscripts -Wcomment -Wfloat-equal -Wformat=2 -Wimplicit -Wmissing-declarations -Wmissing-prototypes -Wnormalized=id -Woverride-init -Wparentheses -Wpointer-arith -Wredundant-decls
configure:6461: gcc -c -g -O2 -fvisibility=hidden -fPIC -fPIE -fwrapv -fno-strict-aliasing -fno-strict-overflow -fstack-protector -Winit-self -Wwrite-strings -Wdiv-by-zero -Wsometimes-uninitialized   -Wall -Wextra -Wno-unknown-warning-option -Wbad-function-cast -Wcast-align -Wcast-qual -Wchar-subscripts -Wcomment -Wfloat-equal -Wformat=2 -Wimplicit -Wmissing-declarations -Wmissing-prototypes -Wnormalized=id -Woverride-init -Wparentheses -Wpointer-arith -Wredundant-decls  -D_FORTIFY_SOURCE=2 conftest.c >&5
clang: warning: argument unused during compilation: '-fno-strict-overflow'
conftest.c:30:36: warning: comparison of constant -1000 with expression of type 'char' is always true [-Wtautological-constant-out-of-range-compare]
char x[42U], fodder = 0;if (fodder > -1000 && fgets(x,1000,stdin)) puts(x)
                            ~~~~~~ ^ ~~~~~
1 warning generated.
configure:6461: $? = 0
configure:6470: result: yes
configure:6479: checking whether C compiler accepts  -Wall -Wextra -Wno-unknown-warning-option -Wbad-function-cast -Wcast-align -Wcast-qual -Wchar-subscripts -Wcomment -Wfloat-equal -Wformat=2 -Wimplicit -Wmissing-declarations -Wmissing-prototypes -Wnormalized=id -Woverride-init -Wparentheses -Wpointer-arith -Wredundant-decls -Wstrict-prototypes
configure:6498: gcc -c -g -O2 -fvisibility=hidden -fPIC -fPIE -fwrapv -fno-strict-aliasing -fno-strict-overflow -fstack-protector -Winit-self -Wwrite-strings -Wdiv-by-zero -Wsometimes-uninitialized   -Wall -Wextra -Wno-unknown-warning-option -Wbad-function-cast -Wcast-align -Wcast-qual -Wchar-subscripts -Wcomment -Wfloat-equal -Wformat=2 -Wimplicit -Wmissing-declarations -Wmissing-prototypes -Wnormalized=id -Woverride-init -Wparentheses -Wpointer-arith -Wredundant-decls -Wstrict-prototypes  -D_FORTIFY_SOURCE=2 conftest.c >&5
clang: warning: argument unused during compilation: '-fno-strict-overflow'
conftest.c:30:36: warning: comparison of constant -1000 with expression of type 'char' is always true [-Wtautological-constant-out-of-range-compare]
char x[42U], fodder = 0;if (fodder > -1000 && fgets(x,1000,stdin)) puts(x)
                            ~~~~~~ ^ ~~~~~
1 warning generated.
configure:6498: $? = 0
configure:6507: result: yes
configure:6516: checking whether C compiler accepts  -Wall -Wextra -Wno-unknown-warning-option -Wbad-function-cast -Wcast-align -Wcast-qual -Wchar-subscripts -Wcomment -Wfloat-equal -Wformat=2 -Wimplicit -Wmissing-declarations -Wmissing-prototypes -Wnormalized=id -Woverride-init -Wparentheses -Wpointer-arith -Wredundant-decls -Wstrict-prototypes -Wswitch-enum
configure:6535: gcc -c -g -O2 -fvisibility=hidden -fPIC -fPIE -fwrapv -fno-strict-aliasing -fno-strict-overflow -fstack-protector -Winit-self -Wwrite-strings -Wdiv-by-zero -Wsometimes-uninitialized   -Wall -Wextra -Wno-unknown-warning-option -Wbad-function-cast -Wcast-align -Wcast-qual -Wchar-subscripts -Wcomment -Wfloat-equal -Wformat=2 -Wimplicit -Wmissing-declarations -Wmissing-prototypes -Wnormalized=id -Woverride-init -Wparentheses -Wpointer-arith -Wredundant-decls -Wstrict-prototypes -Wswitch-enum  -D_FORTIFY_SOURCE=2 conftest.c >&5
clang: warning: argument unused during compilation: '-fno-strict-overflow'
conftest.c:30:36: warning: comparison of constant -1000 with expression of type 'char' is always true [-Wtautological-constant-out-of-range-compare]
char x[42U], fodder = 0;if (fodder > -1000 && fgets(x,1000,stdin)) puts(x)
                            ~~~~~~ ^ ~~~~~
1 warning generated.
configure:6535: $? = 0
configure:6544: result: yes
configure:6553: checking whether C compiler accepts  -Wall -Wextra -Wno-unknown-warning-option -Wbad-function-cast -Wcast-align -Wcast-qual -Wchar-subscripts -Wcomment -Wfloat-equal -Wformat=2 -Wimplicit -Wmissing-declarations -Wmissing-prototypes -Wnormalized=id -Woverride-init -Wparentheses -Wpointer-arith -Wredundant-decls -Wstrict-prototypes -Wswitch-enum -Wvariable-decl
configure:6572: gcc -c -g -O2 -fvisibility=hidden -fPIC -fPIE -fwrapv -fno-strict-aliasing -fno-strict-overflow -fstack-protector -Winit-self -Wwrite-strings -Wdiv-by-zero -Wsometimes-uninitialized   -Wall -Wextra -Wno-unknown-warning-option -Wbad-function-cast -Wcast-align -Wcast-qual -Wchar-subscripts -Wcomment -Wfloat-equal -Wformat=2 -Wimplicit -Wmissing-declarations -Wmissing-prototypes -Wnormalized=id -Woverride-init -Wparentheses -Wpointer-arith -Wredundant-decls -Wstrict-prototypes -Wswitch-enum -Wvariable-decl  -D_FORTIFY_SOURCE=2 conftest.c >&5
clang: warning: argument unused during compilation: '-fno-strict-overflow'
conftest.c:30:36: warning: comparison of constant -1000 with expression of type 'char' is always true [-Wtautological-constant-out-of-range-compare]
char x[42U], fodder = 0;if (fodder > -1000 && fgets(x,1000,stdin)) puts(x)
                            ~~~~~~ ^ ~~~~~
1 warning generated.
configure:6572: $? = 0
configure:6581: result: yes
configure:6590: checking whether the linker accepts -Wl,-z,relro
configure:6609: gcc -o conftest -g -O2 -fvisibility=hidden -fPIC -fPIE -fwrapv -fno-strict-aliasing -fno-strict-overflow -fstack-protector -Winit-self -Wwrite-strings -Wdiv-by-zero -Wsometimes-uninitialized  -D_FORTIFY_SOURCE=2  -pie  -Wl,-z,relro conftest.c  >&5
clang: warning: argument unused during compilation: '-fno-strict-overflow'
clang: warning: argument unused during compilation: '-pie'
ld: unknown option: -z
clang: error: linker command failed with exit code 1 (use -v to see invocation)
configure:6609: $? = 1
configure: failed program was:
| /* confdefs.h */
| #define PACKAGE_NAME "libsodium"
| #define PACKAGE_TARNAME "libsodium"
| #define PACKAGE_VERSION "1.0.0"
| #define PACKAGE_STRING "libsodium 1.0.0"
| #define PACKAGE_BUGREPORT "https://github.com/jedisct1/libsodium/issues"
| #define PACKAGE_URL "https://github.com/jedisct1/libsodium"
| #define PACKAGE "libsodium"
| #define VERSION "1.0.0"
| #define STDC_HEADERS 1
| #define HAVE_SYS_TYPES_H 1
| #define HAVE_SYS_STAT_H 1
| #define HAVE_STDLIB_H 1
| #define HAVE_STRING_H 1
| #define HAVE_MEMORY_H 1
| #define HAVE_STRINGS_H 1
| #define HAVE_INTTYPES_H 1
| #define HAVE_STDINT_H 1
| #define HAVE_UNISTD_H 1
| #define __EXTENSIONS__ 1
| #define _ALL_SOURCE 1
| #define _GNU_SOURCE 1
| #define _POSIX_PTHREAD_SEMANTICS 1
| #define _TANDEM_SOURCE 1
| /* end confdefs.h.  */
| #include <stdio.h>
| int
| main ()
| {
| char x[42U];if (fgets(x,1000,stdin)) puts(x)
|   ;
|   return 0;
| }
configure:6618: result: no
configure:6626: checking whether the linker accepts -Wl,-z,now
configure:6645: gcc -o conftest -g -O2 -fvisibility=hidden -fPIC -fPIE -fwrapv -fno-strict-aliasing -fno-strict-overflow -fstack-protector -Winit-self -Wwrite-strings -Wdiv-by-zero -Wsometimes-uninitialized  -D_FORTIFY_SOURCE=2  -pie  -Wl,-z,now conftest.c  >&5
clang: warning: argument unused during compilation: '-fno-strict-overflow'
clang: warning: argument unused during compilation: '-pie'
ld: unknown option: -z
clang: error: linker command failed with exit code 1 (use -v to see invocation)
configure:6645: $? = 1
configure: failed program was:
| /* confdefs.h */
| #define PACKAGE_NAME "libsodium"
| #define PACKAGE_TARNAME "libsodium"
| #define PACKAGE_VERSION "1.0.0"
| #define PACKAGE_STRING "libsodium 1.0.0"
| #define PACKAGE_BUGREPORT "https://github.com/jedisct1/libsodium/issues"
| #define PACKAGE_URL "https://github.com/jedisct1/libsodium"
| #define PACKAGE "libsodium"
| #define VERSION "1.0.0"
| #define STDC_HEADERS 1
| #define HAVE_SYS_TYPES_H 1
| #define HAVE_SYS_STAT_H 1
| #define HAVE_STDLIB_H 1
| #define HAVE_STRING_H 1
| #define HAVE_MEMORY_H 1
| #define HAVE_STRINGS_H 1
| #define HAVE_INTTYPES_H 1
| #define HAVE_STDINT_H 1
| #define HAVE_UNISTD_H 1
| #define __EXTENSIONS__ 1
| #define _ALL_SOURCE 1
| #define _GNU_SOURCE 1
| #define _POSIX_PTHREAD_SEMANTICS 1
| #define _TANDEM_SOURCE 1
| /* end confdefs.h.  */
| #include <stdio.h>
| int
| main ()
| {
| char x[42U];if (fgets(x,1000,stdin)) puts(x)
|   ;
|   return 0;
| }
configure:6654: result: no
configure:6662: checking whether the linker accepts -Wl,-z,noexecstack
configure:6681: gcc -o conftest -g -O2 -fvisibility=hidden -fPIC -fPIE -fwrapv -fno-strict-aliasing -fno-strict-overflow -fstack-protector -Winit-self -Wwrite-strings -Wdiv-by-zero -Wsometimes-uninitialized  -D_FORTIFY_SOURCE=2  -pie  -Wl,-z,noexecstack conftest.c  >&5
clang: warning: argument unused during compilation: '-fno-strict-overflow'
clang: warning: argument unused during compilation: '-pie'
ld: unknown option: -z
clang: error: linker command failed with exit code 1 (use -v to see invocation)
configure:6681: $? = 1
configure: failed program was:
| /* confdefs.h */
| #define PACKAGE_NAME "libsodium"
| #define PACKAGE_TARNAME "libsodium"
| #define PACKAGE_VERSION "1.0.0"
| #define PACKAGE_STRING "libsodium 1.0.0"
| #define PACKAGE_BUGREPORT "https://github.com/jedisct1/libsodium/issues"
| #define PACKAGE_URL "https://github.com/jedisct1/libsodium"
| #define PACKAGE "libsodium"
| #define VERSION "1.0.0"
| #define STDC_HEADERS 1
| #define HAVE_SYS_TYPES_H 1
| #define HAVE_SYS_STAT_H 1
| #define HAVE_STDLIB_H 1
| #define HAVE_STRING_H 1
| #define HAVE_MEMORY_H 1
| #define HAVE_STRINGS_H 1
| #define HAVE_INTTYPES_H 1
| #define HAVE_STDINT_H 1
| #define HAVE_UNISTD_H 1
| #define __EXTENSIONS__ 1
| #define _ALL_SOURCE 1
| #define _GNU_SOURCE 1
| #define _POSIX_PTHREAD_SEMANTICS 1
| #define _TANDEM_SOURCE 1
| /* end confdefs.h.  */
| #include <stdio.h>
| int
| main ()
| {
| char x[42U];if (fgets(x,1000,stdin)) puts(x)
|   ;
|   return 0;
| }
configure:6690: result: no
configure:6745: checking how to print strings
configure:6772: result: printf
configure:6793: checking for a sed that does not truncate output
configure:6857: result: /usr/bin/sed
configure:6875: checking for fgrep
configure:6937: result: /usr/bin/grep -F
configure:6972: checking for ld used by gcc
configure:7039: result: /Applications/Xcode.app/Contents/Developer/Toolchains/XcodeDefault.xctoolchain/usr/bin/ld
configure:7046: checking if the linker (/Applications/Xcode.app/Contents/Developer/Toolchains/XcodeDefault.xctoolchain/usr/bin/ld) is GNU ld
configure:7061: result: no
configure:7073: checking for BSD- or MS-compatible name lister (nm)
configure:7122: result: /usr/bin/nm
configure:7252: checking the name lister (/usr/bin/nm) interface
configure:7259: gcc -c -g -O2 -fvisibility=hidden -fPIC -fPIE -fwrapv -fno-strict-aliasing -fno-strict-overflow -fstack-protector -Winit-self -Wwrite-strings -Wdiv-by-zero -Wsometimes-uninitialized  -D_FORTIFY_SOURCE=2 conftest.c >&5
clang: warning: argument unused during compilation: '-fno-strict-overflow'
configure:7262: /usr/bin/nm "conftest.o"
configure:7265: output
0000000000000230 S _some_variable
configure:7272: result: BSD nm
configure:7275: checking whether ln -s works
configure:7279: result: yes
configure:7287: checking the maximum length of command line arguments
configure:7417: result: 196608
configure:7434: checking whether the shell understands some XSI constructs
configure:7444: result: yes
configure:7448: checking whether the shell understands "+="
configure:7454: result: yes
configure:7489: checking how to convert x86_64-apple-darwin14.0.0 file names to x86_64-apple-darwin14.0.0 format
configure:7529: result: func_convert_file_noop
configure:7536: checking how to convert x86_64-apple-darwin14.0.0 file names to toolchain format
configure:7556: result: func_convert_file_noop
configure:7563: checking for /Applications/Xcode.app/Contents/Developer/Toolchains/XcodeDefault.xctoolchain/usr/bin/ld option to reload object files
configure:7570: result: -r
configure:7644: checking for objdump
configure:7674: result: no
configure:7703: checking how to recognize dependent libraries
configure:7905: result: pass_all
configure:7990: checking for dlltool
configure:8020: result: no
configure:8050: checking how to associate runtime and link libraries
configure:8077: result: printf %s\n
configure:8137: checking for ar
configure:8153: found /usr/bin/ar
configure:8164: result: ar
configure:8201: checking for archiver @FILE support
configure:8218: gcc -c -g -O2 -fvisibility=hidden -fPIC -fPIE -fwrapv -fno-strict-aliasing -fno-strict-overflow -fstack-protector -Winit-self -Wwrite-strings -Wdiv-by-zero -Wsometimes-uninitialized  -D_FORTIFY_SOURCE=2 conftest.c >&5
clang: warning: argument unused during compilation: '-fno-strict-overflow'
configure:8218: $? = 0
configure:8221: ar cru libconftest.a @conftest.lst >&5
ar: @conftest.lst: No such file or directory
configure:8224: $? = 1
configure:8244: result: no
configure:8302: checking for strip
configure:8318: found /usr/bin/strip
configure:8329: result: strip
configure:8401: checking for ranlib
configure:8417: found /usr/bin/ranlib
configure:8428: result: ranlib
configure:8530: checking command to parse /usr/bin/nm output from gcc object
configure:8650: gcc -c -g -O2 -fvisibility=hidden -fPIC -fPIE -fwrapv -fno-strict-aliasing -fno-strict-overflow -fstack-protector -Winit-self -Wwrite-strings -Wdiv-by-zero -Wsometimes-uninitialized  -D_FORTIFY_SOURCE=2 conftest.c >&5
clang: warning: argument unused during compilation: '-fno-strict-overflow'
configure:8653: $? = 0
configure:8657: /usr/bin/nm conftest.o \| sed -n -e 's/^.*[ ]\([BCDEGRST][BCDEGRST]*\)[ ][ ]*\([_A-Za-z][_A-Za-z0-9]*\)$/\1 \2 \2/p' | sed '/ __gnu_lto/d' \> conftest.nm
configure:8660: $? = 0
cannot find nm_test_var in conftest.nm
configure:8650: gcc -c -g -O2 -fvisibility=hidden -fPIC -fPIE -fwrapv -fno-strict-aliasing -fno-strict-overflow -fstack-protector -Winit-self -Wwrite-strings -Wdiv-by-zero -Wsometimes-uninitialized  -D_FORTIFY_SOURCE=2 conftest.c >&5
clang: warning: argument unused during compilation: '-fno-strict-overflow'
configure:8653: $? = 0
configure:8657: /usr/bin/nm conftest.o \| sed -n -e 's/^.*[ ]\([BCDEGRST][BCDEGRST]*\)[ ][ ]*_\([_A-Za-z][_A-Za-z0-9]*\)$/\1 _\2 \2/p' | sed '/ __gnu_lto/d' \> conftest.nm
configure:8660: $? = 0
configure:8726: gcc -o conftest -g -O2 -fvisibility=hidden -fPIC -fPIE -fwrapv -fno-strict-aliasing -fno-strict-overflow -fstack-protector -Winit-self -Wwrite-strings -Wdiv-by-zero -Wsometimes-uninitialized  -D_FORTIFY_SOURCE=2  -pie conftest.c conftstm.o >&5
clang: warning: argument unused during compilation: '-pie'
configure:8729: $? = 0
configure:8767: result: ok
configure:8804: checking for sysroot
configure:8834: result: no
configure:9090: checking for mt
configure:9120: result: no
configure:9140: checking if : is a manifest tool
configure:9146: : '-?'
configure:9154: result: no
configure:9210: checking for dsymutil
configure:9226: found /usr/bin/dsymutil
configure:9237: result: dsymutil
configure:9302: checking for nmedit
configure:9318: found /usr/bin/nmedit
configure:9329: result: nmedit
configure:9394: checking for lipo
configure:9410: found /usr/bin/lipo
configure:9421: result: lipo
configure:9486: checking for otool
configure:9502: found /usr/bin/otool
configure:9513: result: otool
configure:9578: checking for otool64
configure:9608: result: no
configure:9653: checking for -single_module linker flag
gcc -g -O2 -fvisibility=hidden -fPIC -fPIE -fwrapv -fno-strict-aliasing -fno-strict-overflow -fstack-protector -Winit-self -Wwrite-strings -Wdiv-by-zero -Wsometimes-uninitialized  -pie -o libconftest.dylib -dynamiclib -Wl,-single_module conftest.c
configure:9686: result: yes
configure:9689: checking for -exported_symbols_list linker flag
configure:9709: gcc -o conftest -g -O2 -fvisibility=hidden -fPIC -fPIE -fwrapv -fno-strict-aliasing -fno-strict-overflow -fstack-protector -Winit-self -Wwrite-strings -Wdiv-by-zero -Wsometimes-uninitialized  -D_FORTIFY_SOURCE=2  -pie -Wl,-exported_symbols_list,conftest.sym conftest.c  >&5
clang: warning: argument unused during compilation: '-fno-strict-overflow'
clang: warning: argument unused during compilation: '-pie'
ld: warning: cannot export hidden symbol _main from /var/folders/s3/38cp18x529b2x5czlsszqpk00000gn/T/conftest-618167.o
configure:9709: $? = 0
configure:9719: result: yes
configure:9722: checking for -force_load linker flag
gcc -g -O2 -fvisibility=hidden -fPIC -fPIE -fwrapv -fno-strict-aliasing -fno-strict-overflow -fstack-protector -Winit-self -Wwrite-strings -Wdiv-by-zero -Wsometimes-uninitialized -c -o conftest.o conftest.c
clang: warning: argument unused during compilation: '-fno-strict-overflow'
ar cru libconftest.a conftest.o
ranlib libconftest.a
gcc -g -O2 -fvisibility=hidden -fPIC -fPIE -fwrapv -fno-strict-aliasing -fno-strict-overflow -fstack-protector -Winit-self -Wwrite-strings -Wdiv-by-zero -Wsometimes-uninitialized  -pie -o conftest conftest.c -Wl,-force_load,./libconftest.a
configure:9754: result: yes
configure:9793: checking for dlfcn.h
configure:9793: gcc -c -g -O2 -fvisibility=hidden -fPIC -fPIE -fwrapv -fno-strict-aliasing -fno-strict-overflow -fstack-protector -Winit-self -Wwrite-strings -Wdiv-by-zero -Wsometimes-uninitialized  -D_FORTIFY_SOURCE=2 conftest.c >&5
clang: warning: argument unused during compilation: '-fno-strict-overflow'
configure:9793: $? = 0
configure:9793: result: yes
configure:9999: checking for objdir
configure:10014: result: .libs
configure:10285: checking if gcc supports -fno-rtti -fno-exceptions
configure:10303: gcc -c -g -O2 -fvisibility=hidden -fPIC -fPIE -fwrapv -fno-strict-aliasing -fno-strict-overflow -fstack-protector -Winit-self -Wwrite-strings -Wdiv-by-zero -Wsometimes-uninitialized  -D_FORTIFY_SOURCE=2 -fno-rtti -fno-exceptions conftest.c >&5
clang: warning: argument unused during compilation: '-fno-strict-overflow'
configure:10307: $? = 0
configure:10320: result: yes
configure:10647: checking for gcc option to produce PIC
configure:10654: result: -fno-common -DPIC
configure:10662: checking if gcc PIC flag -fno-common -DPIC works
configure:10680: gcc -c -g -O2 -fvisibility=hidden -fPIC -fPIE -fwrapv -fno-strict-aliasing -fno-strict-overflow -fstack-protector -Winit-self -Wwrite-strings -Wdiv-by-zero -Wsometimes-uninitialized  -D_FORTIFY_SOURCE=2 -fno-common -DPIC -DPIC conftest.c >&5
clang: warning: argument unused during compilation: '-fno-strict-overflow'
configure:10684: $? = 0
configure:10697: result: yes
configure:10726: checking if gcc static flag -static works
configure:10754: result: no
configure:10769: checking if gcc supports -c -o file.o
configure:10790: gcc -c -g -O2 -fvisibility=hidden -fPIC -fPIE -fwrapv -fno-strict-aliasing -fno-strict-overflow -fstack-protector -Winit-self -Wwrite-strings -Wdiv-by-zero -Wsometimes-uninitialized  -D_FORTIFY_SOURCE=2 -o out/conftest2.o conftest.c >&5
clang: warning: argument unused during compilation: '-fno-strict-overflow'
configure:10794: $? = 0
configure:10816: result: yes
configure:10824: checking if gcc supports -c -o file.o
configure:10871: result: yes
configure:10904: checking whether the gcc linker (/Applications/Xcode.app/Contents/Developer/Toolchains/XcodeDefault.xctoolchain/usr/bin/ld) supports shared libraries
configure:12057: result: yes
configure:12297: checking dynamic linker characteristics
configure:13030: result: darwin14.0.0 dyld
configure:13137: checking how to hardcode library paths into programs
configure:13162: result: immediate
configure:13702: checking whether stripping libraries is possible
configure:13716: result: yes
configure:13742: checking if libtool supports shared libraries
configure:13744: result: yes
configure:13747: checking whether to build shared libraries
configure:13768: result: yes
configure:13771: checking whether to build static libraries
configure:13775: result: yes
configure:13858: checking for ar
configure:13885: result: ar
configure:13912: checking for MMX instructions set
configure:13928: gcc -c -g -O2 -fvisibility=hidden -fPIC -fPIE -fwrapv -fno-strict-aliasing -fno-strict-overflow -fstack-protector -Winit-self -Wwrite-strings -Wdiv-by-zero -Wsometimes-uninitialized  -D_FORTIFY_SOURCE=2 conftest.c >&5
clang: warning: argument unused during compilation: '-fno-strict-overflow'
configure:13928: $? = 0
configure:13929: result: yes
configure:13940: checking for SSE2 instructions set
configure:13956: gcc -c -g -O2 -fvisibility=hidden -fPIC -fPIE -fwrapv -fno-strict-aliasing -fno-strict-overflow -fstack-protector -Winit-self -Wwrite-strings -Wdiv-by-zero -Wsometimes-uninitialized  -D_FORTIFY_SOURCE=2 conftest.c >&5
clang: warning: argument unused during compilation: '-fno-strict-overflow'
configure:13956: $? = 0
configure:13957: result: yes
configure:13968: checking for SSE3 instructions set
configure:13985: gcc -c -g -O2 -fvisibility=hidden -fPIC -fPIE -fwrapv -fno-strict-aliasing -fno-strict-overflow -fstack-protector -Winit-self -Wwrite-strings -Wdiv-by-zero -Wsometimes-uninitialized  -D_FORTIFY_SOURCE=2 conftest.c >&5
clang: warning: argument unused during compilation: '-fno-strict-overflow'
configure:13985: $? = 0
configure:13986: result: yes
configure:13997: checking for SSSE3 instructions set
configure:14013: gcc -c -g -O2 -fvisibility=hidden -fPIC -fPIE -fwrapv -fno-strict-aliasing -fno-strict-overflow -fstack-protector -Winit-self -Wwrite-strings -Wdiv-by-zero -Wsometimes-uninitialized  -D_FORTIFY_SOURCE=2 conftest.c >&5
clang: warning: argument unused during compilation: '-fno-strict-overflow'
configure:14013: $? = 0
configure:14014: result: yes
configure:14029: checking sys/mman.h usability
configure:14029: gcc -c -g -O2 -fvisibility=hidden -fPIC -fPIE -fwrapv -fno-strict-aliasing -fno-strict-overflow -fstack-protector -Winit-self -Wwrite-strings -Wdiv-by-zero -Wsometimes-uninitialized  -D_FORTIFY_SOURCE=2 conftest.c >&5
clang: warning: argument unused during compilation: '-fno-strict-overflow'
configure:14029: $? = 0
configure:14029: result: yes
configure:14029: checking sys/mman.h presence
configure:14029: gcc -E  -D_FORTIFY_SOURCE=2 conftest.c
configure:14029: $? = 0
configure:14029: result: yes
configure:14029: checking for sys/mman.h
configure:14029: result: yes
configure:14041: checking for inline
configure:14057: gcc -c -g -O2 -fvisibility=hidden -fPIC -fPIE -fwrapv -fno-strict-aliasing -fno-strict-overflow -fstack-protector -Winit-self -Wwrite-strings -Wdiv-by-zero -Wsometimes-uninitialized  -D_FORTIFY_SOURCE=2 conftest.c >&5
clang: warning: argument unused during compilation: '-fno-strict-overflow'
configure:14057: $? = 0
configure:14065: result: inline
configure:14083: checking whether byte ordering is bigendian
configure:14098: gcc -c -g -O2 -fvisibility=hidden -fPIC -fPIE -fwrapv -fno-strict-aliasing -fno-strict-overflow -fstack-protector -Winit-self -Wwrite-strings -Wdiv-by-zero -Wsometimes-uninitialized  -D_FORTIFY_SOURCE=2 conftest.c >&5
clang: warning: argument unused during compilation: '-fno-strict-overflow'
configure:14098: $? = 0
configure:14143: gcc -c -g -O2 -fvisibility=hidden -fPIC -fPIE -fwrapv -fno-strict-aliasing -fno-strict-overflow -fstack-protector -Winit-self -Wwrite-strings -Wdiv-by-zero -Wsometimes-uninitialized  -D_FORTIFY_SOURCE=2 conftest.c >&5
clang: warning: argument unused during compilation: '-fno-strict-overflow'
configure:14143: $? = 0
configure:14161: gcc -c -g -O2 -fvisibility=hidden -fPIC -fPIE -fwrapv -fno-strict-aliasing -fno-strict-overflow -fstack-protector -Winit-self -Wwrite-strings -Wdiv-by-zero -Wsometimes-uninitialized  -D_FORTIFY_SOURCE=2 conftest.c >&5
clang: warning: argument unused during compilation: '-fno-strict-overflow'
conftest.c:40:4: error: use of undeclared identifier 'not'
                 not big endian
                 ^
1 error generated.
configure:14161: $? = 1
configure: failed program was:
| /* confdefs.h */
| #define PACKAGE_NAME "libsodium"
| #define PACKAGE_TARNAME "libsodium"
| #define PACKAGE_VERSION "1.0.0"
| #define PACKAGE_STRING "libsodium 1.0.0"
| #define PACKAGE_BUGREPORT "https://github.com/jedisct1/libsodium/issues"
| #define PACKAGE_URL "https://github.com/jedisct1/libsodium"
| #define PACKAGE "libsodium"
| #define VERSION "1.0.0"
| #define STDC_HEADERS 1
| #define HAVE_SYS_TYPES_H 1
| #define HAVE_SYS_STAT_H 1
| #define HAVE_STDLIB_H 1
| #define HAVE_STRING_H 1
| #define HAVE_MEMORY_H 1
| #define HAVE_STRINGS_H 1
| #define HAVE_INTTYPES_H 1
| #define HAVE_STDINT_H 1
| #define HAVE_UNISTD_H 1
| #define __EXTENSIONS__ 1
| #define _ALL_SOURCE 1
| #define _GNU_SOURCE 1
| #define _POSIX_PTHREAD_SEMANTICS 1
| #define _TANDEM_SOURCE 1
| #define HAVE_DLFCN_H 1
| #define LT_OBJDIR ".libs/"
| #define HAVE_MMINTRIN_H 1
| #define HAVE_EMMINTRIN_H 1
| #define HAVE_PMMINTRIN_H 1
| #define HAVE_TMMINTRIN_H 1
| #define HAVE_SYS_MMAN_H 1
| /* end confdefs.h.  */
| #include <sys/types.h>
| 		#include <sys/param.h>
| 
| int
| main ()
| {
| #if BYTE_ORDER != BIG_ENDIAN
| 		 not big endian
| 		#endif
| 
|   ;
|   return 0;
| }
configure:14289: result: no
configure:14309: checking whether __STDC_LIMIT_MACROS is required
configure:14328: gcc -c -g -O2 -fvisibility=hidden -fPIC -fPIE -fwrapv -fno-strict-aliasing -fno-strict-overflow -fstack-protector -Winit-self -Wwrite-strings -Wdiv-by-zero -Wsometimes-uninitialized  -D_FORTIFY_SOURCE=2 conftest.c >&5
clang: warning: argument unused during compilation: '-fno-strict-overflow'
configure:14328: $? = 0
configure:14329: result: no
configure:14342: checking whether we should use x86_64 asm code
configure:14366: gcc -c -g -O2 -fvisibility=hidden -fPIC -fPIE -fwrapv -fno-strict-aliasing -fno-strict-overflow -fstack-protector -Winit-self -Wwrite-strings -Wdiv-by-zero -Wsometimes-uninitialized  -D_FORTIFY_SOURCE=2 conftest.c >&5
clang: warning: argument unused during compilation: '-fno-strict-overflow'
configure:14366: $? = 0
configure:14367: result: yes
configure:14390: checking for 128-bit arithmetic
configure:14425: gcc -c -g -O2 -fvisibility=hidden -fPIC -fPIE -fwrapv -fno-strict-aliasing -fno-strict-overflow -fstack-protector -Winit-self -Wwrite-strings -Wdiv-by-zero -Wsometimes-uninitialized  -D_FORTIFY_SOURCE=2 conftest.c >&5
clang: warning: argument unused during compilation: '-fno-strict-overflow'
configure:14425: $? = 0
configure:14426: result: yes
configure:14450: checking for cpuid instruction
configure:14469: gcc -c -g -O2 -fvisibility=hidden -fPIC -fPIE -fwrapv -fno-strict-aliasing -fno-strict-overflow -fstack-protector -Winit-self -Wwrite-strings -Wdiv-by-zero -Wsometimes-uninitialized  -D_FORTIFY_SOURCE=2 conftest.c >&5
clang: warning: argument unused during compilation: '-fno-strict-overflow'
configure:14469: $? = 0
configure:14470: result: yes
configure:14485: checking if weak symbols are supported
configure:14502: gcc -o conftest -g -O2 -fvisibility=hidden -fPIC -fPIE -fwrapv -fno-strict-aliasing -fno-strict-overflow -fstack-protector -Winit-self -Wwrite-strings -Wdiv-by-zero -Wsometimes-uninitialized  -D_FORTIFY_SOURCE=2  -pie conftest.c  >&5
clang: warning: argument unused during compilation: '-fno-strict-overflow'
clang: warning: argument unused during compilation: '-pie'
configure:14502: $? = 0
configure:14503: result: yes
configure:14517: data alignment is not required on this target
configure:14536: checking for arc4random
configure:14536: gcc -o conftest -g -O2 -fvisibility=hidden -fPIC -fPIE -fwrapv -fno-strict-aliasing -fno-strict-overflow -fstack-protector -Winit-self -Wwrite-strings -Wdiv-by-zero -Wsometimes-uninitialized  -D_FORTIFY_SOURCE=2  -pie conftest.c  >&5
clang: warning: argument unused during compilation: '-fno-strict-overflow'
clang: warning: argument unused during compilation: '-pie'
configure:14536: $? = 0
configure:14536: result: yes
configure:14536: checking for arc4random_buf
configure:14536: gcc -o conftest -g -O2 -fvisibility=hidden -fPIC -fPIE -fwrapv -fno-strict-aliasing -fno-strict-overflow -fstack-protector -Winit-self -Wwrite-strings -Wdiv-by-zero -Wsometimes-uninitialized  -D_FORTIFY_SOURCE=2  -pie conftest.c  >&5
clang: warning: argument unused during compilation: '-fno-strict-overflow'
clang: warning: argument unused during compilation: '-pie'
configure:14536: $? = 0
configure:14536: result: yes
configure:14550: checking for mlock
configure:14550: gcc -o conftest -g -O2 -fvisibility=hidden -fPIC -fPIE -fwrapv -fno-strict-aliasing -fno-strict-overflow -fstack-protector -Winit-self -Wwrite-strings -Wdiv-by-zero -Wsometimes-uninitialized  -D_FORTIFY_SOURCE=2  -pie conftest.c  >&5
clang: warning: argument unused during compilation: '-fno-strict-overflow'
clang: warning: argument unused during compilation: '-pie'
configure:14550: $? = 0
configure:14550: result: yes
configure:14550: checking for mprotect
configure:14550: gcc -o conftest -g -O2 -fvisibility=hidden -fPIC -fPIE -fwrapv -fno-strict-aliasing -fno-strict-overflow -fstack-protector -Winit-self -Wwrite-strings -Wdiv-by-zero -Wsometimes-uninitialized  -D_FORTIFY_SOURCE=2  -pie conftest.c  >&5
clang: warning: argument unused during compilation: '-fno-strict-overflow'
clang: warning: argument unused during compilation: '-pie'
configure:14550: $? = 0
configure:14550: result: yes
configure:14550: checking for explicit_bzero
configure:14550: gcc -o conftest -g -O2 -fvisibility=hidden -fPIC -fPIE -fwrapv -fno-strict-aliasing -fno-strict-overflow -fstack-protector -Winit-self -Wwrite-strings -Wdiv-by-zero -Wsometimes-uninitialized  -D_FORTIFY_SOURCE=2  -pie conftest.c  >&5
clang: warning: argument unused during compilation: '-fno-strict-overflow'
clang: warning: argument unused during compilation: '-pie'
Undefined symbols for architecture x86_64:
  "_explicit_bzero", referenced from:
      _main in conftest-a6f4b3.o
ld: symbol(s) not found for architecture x86_64
clang: error: linker command failed with exit code 1 (use -v to see invocation)
configure:14550: $? = 1
configure: failed program was:
| /* confdefs.h */
| #define PACKAGE_NAME "libsodium"
| #define PACKAGE_TARNAME "libsodium"
| #define PACKAGE_VERSION "1.0.0"
| #define PACKAGE_STRING "libsodium 1.0.0"
| #define PACKAGE_BUGREPORT "https://github.com/jedisct1/libsodium/issues"
| #define PACKAGE_URL "https://github.com/jedisct1/libsodium"
| #define PACKAGE "libsodium"
| #define VERSION "1.0.0"
| #define STDC_HEADERS 1
| #define HAVE_SYS_TYPES_H 1
| #define HAVE_SYS_STAT_H 1
| #define HAVE_STDLIB_H 1
| #define HAVE_STRING_H 1
| #define HAVE_MEMORY_H 1
| #define HAVE_STRINGS_H 1
| #define HAVE_INTTYPES_H 1
| #define HAVE_STDINT_H 1
| #define HAVE_UNISTD_H 1
| #define __EXTENSIONS__ 1
| #define _ALL_SOURCE 1
| #define _GNU_SOURCE 1
| #define _POSIX_PTHREAD_SEMANTICS 1
| #define _TANDEM_SOURCE 1
| #define HAVE_DLFCN_H 1
| #define LT_OBJDIR ".libs/"
| #define HAVE_MMINTRIN_H 1
| #define HAVE_EMMINTRIN_H 1
| #define HAVE_PMMINTRIN_H 1
| #define HAVE_TMMINTRIN_H 1
| #define HAVE_SYS_MMAN_H 1
| #define NATIVE_LITTLE_ENDIAN 1
| #define HAVE_AMD64_ASM 1
| #define HAVE_TI_MODE 1
| #define HAVE_CPUID 1
| #define HAVE_WEAK_SYMBOLS 1
| #define HAVE_ARC4RANDOM 1
| #define HAVE_ARC4RANDOM_BUF 1
| #define HAVE_MLOCK 1
| #define HAVE_MPROTECT 1
| /* end confdefs.h.  */
| /* Define explicit_bzero to an innocuous variant, in case <limits.h> declares explicit_bzero.
|    For example, HP-UX 11i <limits.h> declares gettimeofday.  */
| #define explicit_bzero innocuous_explicit_bzero
| 
| /* System header to define __stub macros and hopefully few prototypes,
|     which can conflict with char explicit_bzero (); below.
|     Prefer <limits.h> to <assert.h> if __STDC__ is defined, since
|     <limits.h> exists even on freestanding compilers.  */
| 
| #ifdef __STDC__
| # include <limits.h>
| #else
| # include <assert.h>
| #endif
| 
| #undef explicit_bzero
| 
| /* Override any GCC internal prototype to avoid an error.
|    Use char because int might match the return type of a GCC
|    builtin and then its argument prototype would still apply.  */
| #ifdef __cplusplus
| extern "C"
| #endif
| char explicit_bzero ();
| /* The GNU C library defines this for functions which it implements
|     to always fail with ENOSYS.  Some functions are actually named
|     something starting with __ and the normal name is an alias.  */
| #if defined __stub_explicit_bzero || defined __stub___explicit_bzero
| choke me
| #endif
| 
| int
| main ()
| {
| return explicit_bzero ();
|   ;
|   return 0;
| }
configure:14550: result: no
configure:14550: checking for posix_memalign
configure:14550: gcc -o conftest -g -O2 -fvisibility=hidden -fPIC -fPIE -fwrapv -fno-strict-aliasing -fno-strict-overflow -fstack-protector -Winit-self -Wwrite-strings -Wdiv-by-zero -Wsometimes-uninitialized  -D_FORTIFY_SOURCE=2  -pie conftest.c  >&5
clang: warning: argument unused during compilation: '-fno-strict-overflow'
clang: warning: argument unused during compilation: '-pie'
configure:14550: $? = 0
configure:14550: result: yes
configure:14862: checking if gcc/ld supports -Wl,--output-def
configure:14883: gcc -o conftest -g -O2 -fvisibility=hidden -fPIC -fPIE -fwrapv -fno-strict-aliasing -fno-strict-overflow -fstack-protector -Winit-self -Wwrite-strings -Wdiv-by-zero -Wsometimes-uninitialized  -D_FORTIFY_SOURCE=2 -Wl,--output-def,conftest.def conftest.c  >&5
clang: warning: argument unused during compilation: '-fno-strict-overflow'
ld: unknown option: --output-def
clang: error: linker command failed with exit code 1 (use -v to see invocation)
configure:14883: $? = 1
configure: failed program was:
| /* confdefs.h */
| #define PACKAGE_NAME "libsodium"
| #define PACKAGE_TARNAME "libsodium"
| #define PACKAGE_VERSION "1.0.0"
| #define PACKAGE_STRING "libsodium 1.0.0"
| #define PACKAGE_BUGREPORT "https://github.com/jedisct1/libsodium/issues"
| #define PACKAGE_URL "https://github.com/jedisct1/libsodium"
| #define PACKAGE "libsodium"
| #define VERSION "1.0.0"
| #define STDC_HEADERS 1
| #define HAVE_SYS_TYPES_H 1
| #define HAVE_SYS_STAT_H 1
| #define HAVE_STDLIB_H 1
| #define HAVE_STRING_H 1
| #define HAVE_MEMORY_H 1
| #define HAVE_STRINGS_H 1
| #define HAVE_INTTYPES_H 1
| #define HAVE_STDINT_H 1
| #define HAVE_UNISTD_H 1
| #define __EXTENSIONS__ 1
| #define _ALL_SOURCE 1
| #define _GNU_SOURCE 1
| #define _POSIX_PTHREAD_SEMANTICS 1
| #define _TANDEM_SOURCE 1
| #define HAVE_DLFCN_H 1
| #define LT_OBJDIR ".libs/"
| #define HAVE_MMINTRIN_H 1
| #define HAVE_EMMINTRIN_H 1
| #define HAVE_PMMINTRIN_H 1
| #define HAVE_TMMINTRIN_H 1
| #define HAVE_SYS_MMAN_H 1
| #define NATIVE_LITTLE_ENDIAN 1
| #define HAVE_AMD64_ASM 1
| #define HAVE_TI_MODE 1
| #define HAVE_CPUID 1
| #define HAVE_WEAK_SYMBOLS 1
| #define HAVE_ARC4RANDOM 1
| #define HAVE_ARC4RANDOM_BUF 1
| #define HAVE_MLOCK 1
| #define HAVE_MPROTECT 1
| #define HAVE_POSIX_MEMALIGN 1
| /* end confdefs.h.  */
| 
| int
| main ()
| {
| 
|   ;
|   return 0;
| }
configure:14894: result: no
configure:15062: checking that generated files are newer than configure
configure:15068: result: done
configure:15115: creating ./config.status

## ---------------------- ##
## Running config.status. ##
## ---------------------- ##

This file was extended by libsodium config.status 1.0.0, which was
generated by GNU Autoconf 2.69.  Invocation command line was

  CONFIG_FILES    = 
  CONFIG_HEADERS  = 
  CONFIG_LINKS    = 
  CONFIG_COMMANDS = 
  $ ./config.status 

on Pedros-MacBook-Pro.local

config.status:1046: creating Makefile
config.status:1046: creating dist-build/Makefile
config.status:1046: creating msvc-scripts/Makefile
config.status:1046: creating src/Makefile
config.status:1046: creating src/libsodium/Makefile
config.status:1046: creating src/libsodium/include/Makefile
config.status:1046: creating src/libsodium/include/sodium/version.h
config.status:1046: creating test/default/Makefile
config.status:1046: creating test/Makefile
config.status:1218: executing depfiles commands
config.status:1218: executing libtool commands

## ---------------- ##
## Cache variables. ##
## ---------------- ##

ac_cv_build=x86_64-apple-darwin14.0.0
ac_cv_c_bigendian=no
ac_cv_c_compiler_gnu=yes
ac_cv_c_inline=inline
ac_cv_env_AR_set=
ac_cv_env_AR_value=
ac_cv_env_CCASFLAGS_set=
ac_cv_env_CCASFLAGS_value=
ac_cv_env_CCAS_set=
ac_cv_env_CCAS_value=
ac_cv_env_CC_set=
ac_cv_env_CC_value=
ac_cv_env_CFLAGS_set=
ac_cv_env_CFLAGS_value=
ac_cv_env_CPPFLAGS_set=
ac_cv_env_CPPFLAGS_value=
ac_cv_env_CPP_set=
ac_cv_env_CPP_value=
ac_cv_env_CWFLAGS_set=
ac_cv_env_CWFLAGS_value=
ac_cv_env_LDFLAGS_set=
ac_cv_env_LDFLAGS_value=
ac_cv_env_LIBS_set=
ac_cv_env_LIBS_value=
ac_cv_env_SAFECODE_HOME_set=
ac_cv_env_SAFECODE_HOME_value=
ac_cv_env_build_alias_set=
ac_cv_env_build_alias_value=
ac_cv_env_host_alias_set=
ac_cv_env_host_alias_value=
ac_cv_env_target_alias_set=
ac_cv_env_target_alias_value=
ac_cv_func_arc4random=yes
ac_cv_func_arc4random_buf=yes
ac_cv_func_explicit_bzero=no
ac_cv_func_mlock=yes
ac_cv_func_mprotect=yes
ac_cv_func_posix_memalign=yes
ac_cv_header_dlfcn_h=yes
ac_cv_header_inttypes_h=yes
ac_cv_header_memory_h=yes
ac_cv_header_minix_config_h=no
ac_cv_header_stdc=yes
ac_cv_header_stdint_h=yes
ac_cv_header_stdlib_h=yes
ac_cv_header_string_h=yes
ac_cv_header_strings_h=yes
ac_cv_header_sys_mman_h=yes
ac_cv_header_sys_stat_h=yes
ac_cv_header_sys_types_h=yes
ac_cv_header_unistd_h=yes
ac_cv_host=x86_64-apple-darwin14.0.0
ac_cv_objext=o
ac_cv_path_EGREP='/usr/bin/grep -E'
ac_cv_path_FGREP='/usr/bin/grep -F'
ac_cv_path_GREP=/usr/bin/grep
ac_cv_path_SED=/usr/bin/sed
ac_cv_path_install='/usr/bin/install -c'
ac_cv_prog_AWK=awk
ac_cv_prog_CPP='gcc -E'
ac_cv_prog_ac_ct_AR=ar
ac_cv_prog_ac_ct_CC=gcc
ac_cv_prog_ac_ct_DSYMUTIL=dsymutil
ac_cv_prog_ac_ct_LIPO=lipo
ac_cv_prog_ac_ct_NMEDIT=nmedit
ac_cv_prog_ac_ct_OTOOL=otool
ac_cv_prog_ac_ct_RANLIB=ranlib
ac_cv_prog_ac_ct_STRIP=strip
ac_cv_prog_cc_c89=
ac_cv_prog_cc_c99=
ac_cv_prog_cc_g=yes
ac_cv_prog_make_make_set=yes
ac_cv_safe_to_define___extensions__=yes
am_cv_CCAS_dependencies_compiler_type=gcc3
am_cv_CC_dependencies_compiler_type=gcc3
am_cv_make_support_nested_variables=yes
am_cv_prog_cc_c_o=yes
am_cv_prog_tar_ustar=gnutar
ax_cv_check_cflags___Wdiv_by_zero=yes
ax_cv_check_cflags___Winit_self=yes
ax_cv_check_cflags___Wsometimes_uninitialized=yes
ax_cv_check_cflags___Wwrite_strings=yes
ax_cv_check_cflags____Wall=yes
ax_cv_check_cflags____Wall__Wextra=yes
ax_cv_check_cflags____Wall__Wextra__Wno_unknown_warning_option=yes
ax_cv_check_cflags____Wall__Wextra__Wno_unknown_warning_option__Wbad_function_cast=yes
ax_cv_check_cflags____Wall__Wextra__Wno_unknown_warning_option__Wbad_function_cast__Wcast_align=yes
ax_cv_check_cflags____Wall__Wextra__Wno_unknown_warning_option__Wbad_function_cast__Wcast_align__Wcast_qual=yes
ax_cv_check_cflags____Wall__Wextra__Wno_unknown_warning_option__Wbad_function_cast__Wcast_align__Wcast_qual__Wchar_subscripts=yes
ax_cv_check_cflags____Wall__Wextra__Wno_unknown_warning_option__Wbad_function_cast__Wcast_align__Wcast_qual__Wchar_subscripts__Wcomment=yes
ax_cv_check_cflags____Wall__Wextra__Wno_unknown_warning_option__Wbad_function_cast__Wcast_align__Wcast_qual__Wchar_subscripts__Wcomment__Wfloat_equal=yes
ax_cv_check_cflags____Wall__Wextra__Wno_unknown_warning_option__Wbad_function_cast__Wcast_align__Wcast_qual__Wchar_subscripts__Wcomment__Wfloat_equal__Wformat_2=yes
ax_cv_check_cflags____Wall__Wextra__Wno_unknown_warning_option__Wbad_function_cast__Wcast_align__Wcast_qual__Wchar_subscripts__Wcomment__Wfloat_equal__Wformat_2__Wimplicit=yes
ax_cv_check_cflags____Wall__Wextra__Wno_unknown_warning_option__Wbad_function_cast__Wcast_align__Wcast_qual__Wchar_subscripts__Wcomment__Wfloat_equal__Wformat_2__Wimplicit__Wmissing_declarations=yes
ax_cv_check_cflags____Wall__Wextra__Wno_unknown_warning_option__Wbad_function_cast__Wcast_align__Wcast_qual__Wchar_subscripts__Wcomment__Wfloat_equal__Wformat_2__Wimplicit__Wmissing_declarations__Wmissing_prototypes=yes
ax_cv_check_cflags____Wall__Wextra__Wno_unknown_warning_option__Wbad_function_cast__Wcast_align__Wcast_qual__Wchar_subscripts__Wcomment__Wfloat_equal__Wformat_2__Wimplicit__Wmissing_declarations__Wmissing_prototypes__Wnormalized_id=yes
ax_cv_check_cflags____Wall__Wextra__Wno_unknown_warning_option__Wbad_function_cast__Wcast_align__Wcast_qual__Wchar_subscripts__Wcomment__Wfloat_equal__Wformat_2__Wimplicit__Wmissing_declarations__Wmissing_prototypes__Wnormalized_id__Woverride_init=yes
ax_cv_check_cflags____Wall__Wextra__Wno_unknown_warning_option__Wbad_function_cast__Wcast_align__Wcast_qual__Wchar_subscripts__Wcomment__Wfloat_equal__Wformat_2__Wimplicit__Wmissing_declarations__Wmissing_prototypes__Wnormalized_id__Woverride_init__Wparentheses=yes
ax_cv_check_cflags____Wall__Wextra__Wno_unknown_warning_option__Wbad_function_cast__Wcast_align__Wcast_qual__Wchar_subscripts__Wcomment__Wfloat_equal__Wformat_2__Wimplicit__Wmissing_declarations__Wmissing_prototypes__Wnormalized_id__Woverride_init__Wparentheses__Wpointer_arith=yes
ax_cv_check_cflags____Wall__Wextra__Wno_unknown_warning_option__Wbad_function_cast__Wcast_align__Wcast_qual__Wchar_subscripts__Wcomment__Wfloat_equal__Wformat_2__Wimplicit__Wmissing_declarations__Wmissing_prototypes__Wnormalized_id__Woverride_init__Wparentheses__Wpointer_arith__Wredundant_decls=yes
ax_cv_check_cflags____Wall__Wextra__Wno_unknown_warning_option__Wbad_function_cast__Wcast_align__Wcast_qual__Wchar_subscripts__Wcomment__Wfloat_equal__Wformat_2__Wimplicit__Wmissing_declarations__Wmissing_prototypes__Wnormalized_id__Woverride_init__Wparentheses__Wpointer_arith__Wredundant_decls__Wstrict_prototypes=yes
ax_cv_check_cflags____Wall__Wextra__Wno_unknown_warning_option__Wbad_function_cast__Wcast_align__Wcast_qual__Wchar_subscripts__Wcomment__Wfloat_equal__Wformat_2__Wimplicit__Wmissing_declarations__Wmissing_prototypes__Wnormalized_id__Woverride_init__Wparentheses__Wpointer_arith__Wredundant_decls__Wstrict_prototypes__Wswitch_enum=yes
ax_cv_check_cflags____Wall__Wextra__Wno_unknown_warning_option__Wbad_function_cast__Wcast_align__Wcast_qual__Wchar_subscripts__Wcomment__Wfloat_equal__Wformat_2__Wimplicit__Wmissing_declarations__Wmissing_prototypes__Wnormalized_id__Woverride_init__Wparentheses__Wpointer_arith__Wredundant_decls__Wstrict_prototypes__Wswitch_enum__Wvariable_decl=yes
ax_cv_check_cflags___fPIC=yes
ax_cv_check_cflags___fPIE=yes
ax_cv_check_cflags___fno_strict_aliasing=yes
ax_cv_check_cflags___fno_strict_overflow=yes
ax_cv_check_cflags___fstack_protector=yes
ax_cv_check_cflags___fvisibility_hidden=yes
ax_cv_check_cflags___fwrapv=yes
ax_cv_check_ldflags___Wl__z_noexecstack=no
ax_cv_check_ldflags___Wl__z_now=no
ax_cv_check_ldflags___Wl__z_relro=no
ax_cv_check_ldflags___fPIC=yes
ax_cv_check_ldflags___fPIE=yes
ax_cv_check_ldflags___fstack_protector=yes
ax_cv_check_ldflags___pie=yes
gl_cv_ld_output_def=no
lt_cv_apple_cc_single_mod=yes
lt_cv_ar_at_file=no
lt_cv_deplibs_check_method=pass_all
lt_cv_file_magic_cmd='$MAGIC_CMD'
lt_cv_file_magic_test_file=
lt_cv_ld_exported_symbols_list=yes
lt_cv_ld_force_load=yes
lt_cv_ld_reload_flag=-r
lt_cv_nm_interface='BSD nm'
lt_cv_objdir=.libs
lt_cv_path_LD=/Applications/Xcode.app/Contents/Developer/Toolchains/XcodeDefault.xctoolchain/usr/bin/ld
lt_cv_path_NM=/usr/bin/nm
lt_cv_path_mainfest_tool=no
lt_cv_prog_compiler_c_o=yes
lt_cv_prog_compiler_pic='-fno-common -DPIC'
lt_cv_prog_compiler_pic_works=yes
lt_cv_prog_compiler_rtti_exceptions=yes
lt_cv_prog_compiler_static_works=no
lt_cv_prog_gnu_ld=no
lt_cv_sharedlib_from_linklib_cmd='printf %s\n'
lt_cv_sys_global_symbol_pipe='sed -n -e '\''s/^.*[	 ]\([BCDEGRST][BCDEGRST]*\)[	 ][	 ]*_\([_A-Za-z][_A-Za-z0-9]*\)$/\1 _\2 \2/p'\'' | sed '\''/ __gnu_lto/d'\'''
lt_cv_sys_global_symbol_to_c_name_address='sed -n -e '\''s/^: \([^ ]*\)[ ]*$/  {\"\1\", (void *) 0},/p'\'' -e '\''s/^[BCDEGRST]* \([^ ]*\) \([^ ]*\)$/  {"\2", (void *) \&\2},/p'\'''
lt_cv_sys_global_symbol_to_c_name_address_lib_prefix='sed -n -e '\''s/^: \([^ ]*\)[ ]*$/  {\"\1\", (void *) 0},/p'\'' -e '\''s/^[BCDEGRST]* \([^ ]*\) \(lib[^ ]*\)$/  {"\2", (void *) \&\2},/p'\'' -e '\''s/^[BCDEGRST]* \([^ ]*\) \([^ ]*\)$/  {"lib\2", (void *) \&\2},/p'\'''
lt_cv_sys_global_symbol_to_cdecl='sed -n -e '\''s/^T .* \(.*\)$/extern int \1();/p'\'' -e '\''s/^[BCDEGRST]* .* \(.*\)$/extern char \1;/p'\'''
lt_cv_sys_max_cmd_len=196608
lt_cv_to_host_file_cmd=func_convert_file_noop
lt_cv_to_tool_file_cmd=func_convert_file_noop

## ----------------- ##
## Output variables. ##
## ----------------- ##

ACLOCAL='${SHELL} /Users/pedro/work/node-sodium/deps/libsodium-1.0.0/missing aclocal-1.14'
AMDEPBACKSLASH='\'
AMDEP_FALSE='#'
AMDEP_TRUE=''
AMTAR='$${TAR-tar}'
AM_BACKSLASH='\'
AM_DEFAULT_V='$(AM_DEFAULT_VERBOSITY)'
AM_DEFAULT_VERBOSITY='0'
AM_V='$(V)'
AR='ar'
AS='as'
AUTOCONF='${SHELL} /Users/pedro/work/node-sodium/deps/libsodium-1.0.0/missing autoconf'
AUTOHEADER='${SHELL} /Users/pedro/work/node-sodium/deps/libsodium-1.0.0/missing autoheader'
AUTOMAKE='${SHELL} /Users/pedro/work/node-sodium/deps/libsodium-1.0.0/missing automake-1.14'
AWK='awk'
CC='gcc'
CCAS='gcc'
CCASDEPMODE='depmode=gcc3'
CCASFLAGS='-g -O2'
CCDEPMODE='depmode=gcc3'
CFLAGS='-g -O2 -fvisibility=hidden -fPIC -fPIE -fwrapv -fno-strict-aliasing -fno-strict-overflow -fstack-protector -Winit-self -Wwrite-strings -Wdiv-by-zero -Wsometimes-uninitialized'
CPP='gcc -E'
CPPFLAGS=' -D_FORTIFY_SOURCE=2'
CWFLAGS=' -Wall -Wextra -Wno-unknown-warning-option -Wbad-function-cast -Wcast-align -Wcast-qual -Wchar-subscripts -Wcomment -Wfloat-equal -Wformat=2 -Wimplicit -Wmissing-declarations -Wmissing-prototypes -Wnormalized=id -Woverride-init -Wparentheses -Wpointer-arith -Wredundant-decls -Wstrict-prototypes -Wswitch-enum -Wvariable-decl'
CYGPATH_W='echo'
DEFS='-DPACKAGE_NAME=\"libsodium\" -DPACKAGE_TARNAME=\"libsodium\" -DPACKAGE_VERSION=\"1.0.0\" -DPACKAGE_STRING=\"libsodium\ 1.0.0\" -DPACKAGE_BUGREPORT=\"https://github.com/jedisct1/libsodium/issues\" -DPACKAGE_URL=\"https://github.com/jedisct1/libsodium\" -DPACKAGE=\"libsodium\" -DVERSION=\"1.0.0\" -DSTDC_HEADERS=1 -DHAVE_SYS_TYPES_H=1 -DHAVE_SYS_STAT_H=1 -DHAVE_STDLIB_H=1 -DHAVE_STRING_H=1 -DHAVE_MEMORY_H=1 -DHAVE_STRINGS_H=1 -DHAVE_INTTYPES_H=1 -DHAVE_STDINT_H=1 -DHAVE_UNISTD_H=1 -D__EXTENSIONS__=1 -D_ALL_SOURCE=1 -D_GNU_SOURCE=1 -D_POSIX_PTHREAD_SEMANTICS=1 -D_TANDEM_SOURCE=1 -DHAVE_DLFCN_H=1 -DLT_OBJDIR=\".libs/\" -DHAVE_MMINTRIN_H=1 -DHAVE_EMMINTRIN_H=1 -DHAVE_PMMINTRIN_H=1 -DHAVE_TMMINTRIN_H=1 -DHAVE_SYS_MMAN_H=1 -DNATIVE_LITTLE_ENDIAN=1 -DHAVE_AMD64_ASM=1 -DHAVE_TI_MODE=1 -DHAVE_CPUID=1 -DHAVE_WEAK_SYMBOLS=1 -DHAVE_ARC4RANDOM=1 -DHAVE_ARC4RANDOM_BUF=1 -DHAVE_MLOCK=1 -DHAVE_MPROTECT=1 -DHAVE_POSIX_MEMALIGN=1'
DEPDIR='.deps'
DLLTOOL='false'
DLL_VERSION='6'
DSYMUTIL='dsymutil'
DUMPBIN=''
ECHO_C='\c'
ECHO_N=''
ECHO_T=''
EGREP='/usr/bin/grep -E'
EXEEXT=''
FGREP='/usr/bin/grep -F'
GREP='/usr/bin/grep'
HAVE_AMD64_ASM_FALSE='#'
HAVE_AMD64_ASM_TRUE=''
HAVE_AMD64_ASM_V='1'
HAVE_CPUID_V='1'
HAVE_LD_OUTPUT_DEF_FALSE=''
HAVE_LD_OUTPUT_DEF_TRUE='#'
HAVE_TI_MODE_FALSE='#'
HAVE_TI_MODE_TRUE=''
HAVE_TI_MODE_V='1'
INSTALL_DATA='${INSTALL} -m 644'
INSTALL_PROGRAM='${INSTALL}'
INSTALL_SCRIPT='${INSTALL}'
INSTALL_STRIP_PROGRAM='$(install_sh) -c -s'
ISODATE='2014-10-30'
LD='/Applications/Xcode.app/Contents/Developer/Toolchains/XcodeDefault.xctoolchain/usr/bin/ld'
LDFLAGS=' -pie'
LIBOBJS=''
LIBS=''
LIBTOOL='$(SHELL) $(top_builddir)/libtool'
LIBTOOL_DEPS='./ltmain.sh'
LIBTOOL_EXTRA_FLAGS=' -version-info 13:2:0'
LIPO='lipo'
LN_S='ln -s'
LTLIBOBJS=''
MAINT='#'
MAINTAINER_MODE_FALSE=''
MAINTAINER_MODE_TRUE='#'
MAKEINFO='${SHELL} /Users/pedro/work/node-sodium/deps/libsodium-1.0.0/missing makeinfo'
MANIFEST_TOOL=':'
MINIMAL_FALSE=''
MINIMAL_TRUE='#'
MKDIR_P='./install-sh -c -d'
NM='/usr/bin/nm'
NMEDIT='nmedit'
OBJDUMP='false'
OBJEXT='o'
OTOOL64=':'
OTOOL='otool'
PACKAGE='libsodium'
PACKAGE_BUGREPORT='https://github.com/jedisct1/libsodium/issues'
PACKAGE_NAME='libsodium'
PACKAGE_STRING='libsodium 1.0.0'
PACKAGE_TARNAME='libsodium'
PACKAGE_URL='https://github.com/jedisct1/libsodium'
PACKAGE_VERSION='1.0.0'
PATH_SEPARATOR=':'
RANLIB='ranlib'
SAFECODE_HOME=''
SED='/usr/bin/sed'
SET_MAKE=''
SHELL='/bin/sh'
SODIUM_LIBRARY_VERSION='13:2:0'
SODIUM_LIBRARY_VERSION_MAJOR='7'
SODIUM_LIBRARY_VERSION_MINOR='2'
STRIP='strip'
VERSION='1.0.0'
ac_ct_AR='ar'
ac_ct_CC='gcc'
ac_ct_DUMPBIN=''
am__EXEEXT_FALSE=''
am__EXEEXT_TRUE='#'
am__fastdepCCAS_FALSE='#'
am__fastdepCCAS_TRUE=''
am__fastdepCC_FALSE='#'
am__fastdepCC_TRUE=''
am__include='include'
am__isrc=''
am__leading_dot='.'
am__nodep='_no'
am__quote=''
am__tar='tar --format=ustar -chf - "$$tardir"'
am__untar='tar -xf -'
bindir='${exec_prefix}/bin'
build='x86_64-apple-darwin14.0.0'
build_alias=''
build_cpu='x86_64'
build_os='darwin14.0.0'
build_vendor='apple'
datadir='${datarootdir}'
datarootdir='${prefix}/share'
docdir='${datarootdir}/doc/${PACKAGE_TARNAME}'
dvidir='${docdir}'
exec_prefix='${prefix}'
host='x86_64-apple-darwin14.0.0'
host_alias=''
host_cpu='x86_64'
host_os='darwin14.0.0'
host_vendor='apple'
htmldir='${docdir}'
includedir='${prefix}/include'
infodir='${datarootdir}/info'
install_sh='${SHELL} /Users/pedro/work/node-sodium/deps/libsodium-1.0.0/install-sh'
libdir='${exec_prefix}/lib'
libexecdir='${exec_prefix}/libexec'
localedir='${datarootdir}/locale'
localstatedir='${prefix}/var'
mandir='${datarootdir}/man'
mkdir_p='$(MKDIR_P)'
oldincludedir='/usr/include'
pdfdir='${docdir}'
prefix='/usr/local'
program_transform_name='s,x,x,'
psdir='${docdir}'
sbindir='${exec_prefix}/sbin'
sharedstatedir='${prefix}/com'
sysconfdir='${prefix}/etc'
target_alias=''

## ----------- ##
## confdefs.h. ##
## ----------- ##

/* confdefs.h */
#define PACKAGE_NAME "libsodium"
#define PACKAGE_TARNAME "libsodium"
#define PACKAGE_VERSION "1.0.0"
#define PACKAGE_STRING "libsodium 1.0.0"
#define PACKAGE_BUGREPORT "https://github.com/jedisct1/libsodium/issues"
#define PACKAGE_URL "https://github.com/jedisct1/libsodium"
#define PACKAGE "libsodium"
#define VERSION "1.0.0"
#define STDC_HEADERS 1
#define HAVE_SYS_TYPES_H 1
#define HAVE_SYS_STAT_H 1
#define HAVE_STDLIB_H 1
#define HAVE_STRING_H 1
#define HAVE_MEMORY_H 1
#define HAVE_STRINGS_H 1
#define HAVE_INTTYPES_H 1
#define HAVE_STDINT_H 1
#define HAVE_UNISTD_H 1
#define __EXTENSIONS__ 1
#define _ALL_SOURCE 1
#define _GNU_SOURCE 1
#define _POSIX_PTHREAD_SEMANTICS 1
#define _TANDEM_SOURCE 1
#define HAVE_DLFCN_H 1
#define LT_OBJDIR ".libs/"
#define HAVE_MMINTRIN_H 1
#define HAVE_EMMINTRIN_H 1
#define HAVE_PMMINTRIN_H 1
#define HAVE_TMMINTRIN_H 1
#define HAVE_SYS_MMAN_H 1
#define NATIVE_LITTLE_ENDIAN 1
#define HAVE_AMD64_ASM 1
#define HAVE_TI_MODE 1
#define HAVE_CPUID 1
#define HAVE_WEAK_SYMBOLS 1
#define HAVE_ARC4RANDOM 1
#define HAVE_ARC4RANDOM_BUF 1
#define HAVE_MLOCK 1
#define HAVE_MPROTECT 1
#define HAVE_POSIX_MEMALIGN 1

configure: exit 0

## ---------------------- ##
## Running config.status. ##
## ---------------------- ##

This file was extended by libsodium config.status 1.0.0, which was
generated by GNU Autoconf 2.69.  Invocation command line was

  CONFIG_FILES    = 
  CONFIG_HEADERS  = 
  CONFIG_LINKS    = 
  CONFIG_COMMANDS = 
  $ ./config.status libsodium.pc

on Pedros-MacBook-Pro.local

config.status:1046: creating libsodium.pc
