This file contains any messages produced by compilers while
running configure, to aid debugging if configure makes a mistake.

It was created by libsodium configure 1.0.2, which was
generated by GNU Autoconf 2.69.  Invocation command line was

  $ ./configure 

## --------- ##
## Platform. ##
## --------- ##

hostname = Book.local
uname -m = x86_64
uname -r = 14.1.0
uname -s = Darwin
uname -v = Darwin Kernel Version 14.1.0: Mon Dec 22 23:10:38 PST 2014; root:xnu-2782.10.72~2/RELEASE_X86_64

/usr/bin/uname -p = i386
/bin/uname -X     = unknown

/bin/arch              = unknown
/usr/bin/arch -k       = unknown
/usr/convex/getsysinfo = unknown
/usr/bin/hostinfo      = Mach kernel version:
	 Darwin Kernel Version 14.1.0: Mon Dec 22 23:10:38 PST 2014; root:xnu-2782.10.72~2/RELEASE_X86_64
Kernel configured for up to 4 processors.
2 processors are physically available.
4 processors are logically available.
Processor type: x86_64h (Intel x86-64h Haswell)
Processors active: 0 1 2 3
Primary memory available: 16.00 gigabytes
Default processor set: 279 tasks, 1402 threads, 4 processors
Load average: 5.32, Mach factor: 0.62
/bin/machine           = unknown
/usr/bin/oslevel       = unknown
/bin/universe          = unknown

PATH: /usr/local/bin
PATH: /usr/bin
PATH: /bin
PATH: /usr/sbin
PATH: /sbin
PATH: /usr/local/deployd/bin


## ----------- ##
## Core tests. ##
## ----------- ##

configure:2317: checking build system type
configure:2331: result: x86_64-apple-darwin14.1.0
configure:2351: checking host system type
configure:2364: result: x86_64-apple-darwin14.1.0
configure:2400: checking for a BSD-compatible install
configure:2468: result: /usr/bin/install -c
configure:2479: checking whether build environment is sane
configure:2534: result: yes
configure:2685: checking for a thread-safe mkdir -p
configure:2724: result: build-aux/install-sh -c -d
configure:2731: checking for gawk
configure:2761: result: no
configure:2731: checking for mawk
configure:2761: result: no
configure:2731: checking for nawk
configure:2761: result: no
configure:2731: checking for awk
configure:2747: found /usr/bin/awk
configure:2758: result: awk
configure:2769: checking whether make sets $(MAKE)
configure:2791: result: yes
configure:2820: checking whether make supports nested variables
configure:2837: result: yes
configure:2926: checking whether UID '501' is supported by ustar format
configure:2929: result: yes
configure:2936: checking whether GID '20' is supported by ustar format
configure:2939: result: yes
configure:2947: checking how to create a ustar tar archive
configure:2958: tar --version
bsdtar 2.8.3 - libarchive 2.8.3
configure:2961: $? = 0
configure:3001: tardir=conftest.dir && eval tar --format=ustar -chf - "$tardir" >conftest.tar
configure:3004: $? = 0
configure:3008: tar -xf - <conftest.tar
configure:3011: $? = 0
configure:3013: cat conftest.dir/file
GrepMe
configure:3016: $? = 0
configure:3029: result: gnutar
configure:3090: checking whether make supports nested variables
configure:3107: result: yes
configure:3119: checking whether to enable maintainer-specific portions of Makefiles
configure:3128: result: no
configure:3361: checking for style of include used by make
configure:3389: result: GNU
configure:3441: checking for gcc
configure:3457: found /usr/bin/gcc
configure:3468: result: gcc
configure:3697: checking for C compiler version
configure:3706: gcc --version >&5
Apple LLVM version 6.0 (clang-600.0.56) (based on LLVM 3.5svn)
Target: x86_64-apple-darwin14.1.0
Thread model: posix
Configured with: --prefix=/Applications/Xcode.app/Contents/Developer/usr --with-gxx-include-dir=/usr/include/c++/4.2.1
configure:3717: $? = 0
configure:3706: gcc -v >&5
Configured with: --prefix=/Applications/Xcode.app/Contents/Developer/usr --with-gxx-include-dir=/usr/include/c++/4.2.1
Apple LLVM version 6.0 (clang-600.0.56) (based on LLVM 3.5svn)
Target: x86_64-apple-darwin14.1.0
Thread model: posix
configure:3717: $? = 0
configure:3706: gcc -V >&5
clang: error: argument to '-V' is missing (expected 1 value)
clang: error: no input files
configure:3717: $? = 1
configure:3706: gcc -qversion >&5
clang: error: unknown argument: '-qversion'
clang: error: no input files
configure:3717: $? = 1
configure:3737: checking whether the C compiler works
configure:3759: gcc    conftest.c  >&5
configure:3763: $? = 0
configure:3811: result: yes
configure:3814: checking for C compiler default output file name
configure:3816: result: a.out
configure:3822: checking for suffix of executables
configure:3829: gcc -o conftest    conftest.c  >&5
configure:3833: $? = 0
configure:3855: result: 
configure:3877: checking whether we are cross compiling
configure:3885: gcc -o conftest    conftest.c  >&5
configure:3889: $? = 0
configure:3896: ./conftest
configure:3900: $? = 0
configure:3915: result: no
configure:3920: checking for suffix of object files
configure:3942: gcc -c   conftest.c >&5
configure:3946: $? = 0
configure:3967: result: o
configure:3971: checking whether we are using the GNU C compiler
configure:3990: gcc -c   conftest.c >&5
configure:3990: $? = 0
configure:3999: result: yes
configure:4008: checking whether gcc accepts -g
configure:4028: gcc -c -g  conftest.c >&5
configure:4028: $? = 0
configure:4069: result: yes
configure:4086: checking for gcc option to accept ISO C89
configure:4149: gcc  -c -g -O2  conftest.c >&5
configure:4149: $? = 0
configure:4162: result: none needed
configure:4187: checking whether gcc understands -c and -o together
configure:4209: gcc -c conftest.c -o conftest2.o
configure:4212: $? = 0
configure:4209: gcc -c conftest.c -o conftest2.o
configure:4212: $? = 0
configure:4224: result: yes
configure:4243: checking dependency style of gcc
configure:4354: result: gcc3
configure:4369: checking for gcc option to accept ISO C99
configure:4518: gcc  -c -g -O2  conftest.c >&5
configure:4518: $? = 0
configure:4531: result: none needed
configure:4555: checking dependency style of gcc
configure:4664: result: gcc3
configure:4685: checking how to run the C preprocessor
configure:4716: gcc -E  conftest.c
configure:4716: $? = 0
configure:4730: gcc -E  conftest.c
conftest.c:11:10: fatal error: 'ac_nonexistent.h' file not found
#include <ac_nonexistent.h>
         ^
1 error generated.
configure:4730: $? = 1
configure: failed program was:
| /* confdefs.h */
| #define PACKAGE_NAME "libsodium"
| #define PACKAGE_TARNAME "libsodium"
| #define PACKAGE_VERSION "1.0.2"
| #define PACKAGE_STRING "libsodium 1.0.2"
| #define PACKAGE_BUGREPORT "https://github.com/jedisct1/libsodium/issues"
| #define PACKAGE_URL "https://github.com/jedisct1/libsodium"
| #define PACKAGE "libsodium"
| #define VERSION "1.0.2"
| /* end confdefs.h.  */
| #include <ac_nonexistent.h>
configure:4755: result: gcc -E
configure:4775: gcc -E  conftest.c
configure:4775: $? = 0
configure:4789: gcc -E  conftest.c
conftest.c:11:10: fatal error: 'ac_nonexistent.h' file not found
#include <ac_nonexistent.h>
         ^
1 error generated.
configure:4789: $? = 1
configure: failed program was:
| /* confdefs.h */
| #define PACKAGE_NAME "libsodium"
| #define PACKAGE_TARNAME "libsodium"
| #define PACKAGE_VERSION "1.0.2"
| #define PACKAGE_STRING "libsodium 1.0.2"
| #define PACKAGE_BUGREPORT "https://github.com/jedisct1/libsodium/issues"
| #define PACKAGE_URL "https://github.com/jedisct1/libsodium"
| #define PACKAGE "libsodium"
| #define VERSION "1.0.2"
| /* end confdefs.h.  */
| #include <ac_nonexistent.h>
configure:4818: checking for grep that handles long lines and -e
configure:4876: result: /usr/bin/grep
configure:4881: checking for egrep
configure:4943: result: /usr/bin/grep -E
configure:4948: checking for ANSI C header files
configure:4968: gcc -c -g -O2  conftest.c >&5
configure:4968: $? = 0
configure:5041: gcc -o conftest -g -O2   conftest.c  >&5
configure:5041: $? = 0
configure:5041: ./conftest
configure:5041: $? = 0
configure:5052: result: yes
configure:5065: checking for sys/types.h
configure:5065: gcc -c -g -O2  conftest.c >&5
configure:5065: $? = 0
configure:5065: result: yes
configure:5065: checking for sys/stat.h
configure:5065: gcc -c -g -O2  conftest.c >&5
configure:5065: $? = 0
configure:5065: result: yes
configure:5065: checking for stdlib.h
configure:5065: gcc -c -g -O2  conftest.c >&5
configure:5065: $? = 0
configure:5065: result: yes
configure:5065: checking for string.h
configure:5065: gcc -c -g -O2  conftest.c >&5
configure:5065: $? = 0
configure:5065: result: yes
configure:5065: checking for memory.h
configure:5065: gcc -c -g -O2  conftest.c >&5
configure:5065: $? = 0
configure:5065: result: yes
configure:5065: checking for strings.h
configure:5065: gcc -c -g -O2  conftest.c >&5
configure:5065: $? = 0
configure:5065: result: yes
configure:5065: checking for inttypes.h
configure:5065: gcc -c -g -O2  conftest.c >&5
configure:5065: $? = 0
configure:5065: result: yes
configure:5065: checking for stdint.h
configure:5065: gcc -c -g -O2  conftest.c >&5
configure:5065: $? = 0
configure:5065: result: yes
configure:5065: checking for unistd.h
configure:5065: gcc -c -g -O2  conftest.c >&5
configure:5065: $? = 0
configure:5065: result: yes
configure:5078: checking minix/config.h usability
configure:5078: gcc -c -g -O2  conftest.c >&5
conftest.c:54:10: fatal error: 'minix/config.h' file not found
#include <minix/config.h>
         ^
1 error generated.
configure:5078: $? = 1
configure: failed program was:
| /* confdefs.h */
| #define PACKAGE_NAME "libsodium"
| #define PACKAGE_TARNAME "libsodium"
| #define PACKAGE_VERSION "1.0.2"
| #define PACKAGE_STRING "libsodium 1.0.2"
| #define PACKAGE_BUGREPORT "https://github.com/jedisct1/libsodium/issues"
| #define PACKAGE_URL "https://github.com/jedisct1/libsodium"
| #define PACKAGE "libsodium"
| #define VERSION "1.0.2"
| #define STDC_HEADERS 1
| #define HAVE_SYS_TYPES_H 1
| #define HAVE_SYS_STAT_H 1
| #define HAVE_STDLIB_H 1
| #define HAVE_STRING_H 1
| #define HAVE_MEMORY_H 1
| #define HAVE_STRINGS_H 1
| #define HAVE_INTTYPES_H 1
| #define HAVE_STDINT_H 1
| #define HAVE_UNISTD_H 1
| /* end confdefs.h.  */
| #include <stdio.h>
| #ifdef HAVE_SYS_TYPES_H
| # include <sys/types.h>
| #endif
| #ifdef HAVE_SYS_STAT_H
| # include <sys/stat.h>
| #endif
| #ifdef STDC_HEADERS
| # include <stdlib.h>
| # include <stddef.h>
| #else
| # ifdef HAVE_STDLIB_H
| #  include <stdlib.h>
| # endif
| #endif
| #ifdef HAVE_STRING_H
| # if !defined STDC_HEADERS && defined HAVE_MEMORY_H
| #  include <memory.h>
| # endif
| # include <string.h>
| #endif
| #ifdef HAVE_STRINGS_H
| # include <strings.h>
| #endif
| #ifdef HAVE_INTTYPES_H
| # include <inttypes.h>
| #endif
| #ifdef HAVE_STDINT_H
| # include <stdint.h>
| #endif
| #ifdef HAVE_UNISTD_H
| # include <unistd.h>
| #endif
| #include <minix/config.h>
configure:5078: result: no
configure:5078: checking minix/config.h presence
configure:5078: gcc -E  conftest.c
conftest.c:21:10: fatal error: 'minix/config.h' file not found
#include <minix/config.h>
         ^
1 error generated.
configure:5078: $? = 1
configure: failed program was:
| /* confdefs.h */
| #define PACKAGE_NAME "libsodium"
| #define PACKAGE_TARNAME "libsodium"
| #define PACKAGE_VERSION "1.0.2"
| #define PACKAGE_STRING "libsodium 1.0.2"
| #define PACKAGE_BUGREPORT "https://github.com/jedisct1/libsodium/issues"
| #define PACKAGE_URL "https://github.com/jedisct1/libsodium"
| #define PACKAGE "libsodium"
| #define VERSION "1.0.2"
| #define STDC_HEADERS 1
| #define HAVE_SYS_TYPES_H 1
| #define HAVE_SYS_STAT_H 1
| #define HAVE_STDLIB_H 1
| #define HAVE_STRING_H 1
| #define HAVE_MEMORY_H 1
| #define HAVE_STRINGS_H 1
| #define HAVE_INTTYPES_H 1
| #define HAVE_STDINT_H 1
| #define HAVE_UNISTD_H 1
| /* end confdefs.h.  */
| #include <minix/config.h>
configure:5078: result: no
configure:5078: checking for minix/config.h
configure:5078: result: no
configure:5099: checking whether it is safe to define __EXTENSIONS__
configure:5117: gcc -c -g -O2  conftest.c >&5
configure:5117: $? = 0
configure:5124: result: yes
configure:5139: checking whether C compiler accepts -D_FORTIFY_SOURCE=2
configure:5158: gcc -c -g -O2  -D_FORTIFY_SOURCE=2  conftest.c >&5
conftest.c:30:36: warning: comparison of constant -1000 with expression of type 'char' is always true [-Wtautological-constant-out-of-range-compare]
char x[42U], fodder = 0;if (fodder > -1000 && fgets(x,1000,stdin)) puts(x)
                            ~~~~~~ ^ ~~~~~
1 warning generated.
configure:5158: $? = 0
configure:5166: result: yes
configure:5175: checking whether C compiler accepts -fvisibility=hidden
configure:5194: gcc -c -g -O2  -fvisibility=hidden  -D_FORTIFY_SOURCE=2 conftest.c >&5
conftest.c:30:36: warning: comparison of constant -1000 with expression of type 'char' is always true [-Wtautological-constant-out-of-range-compare]
char x[42U], fodder = 0;if (fodder > -1000 && fgets(x,1000,stdin)) puts(x)
                            ~~~~~~ ^ ~~~~~
1 warning generated.
configure:5194: $? = 0
configure:5202: result: yes
configure:5216: checking whether C compiler accepts -fPIC
configure:5235: gcc -c -g -O2 -fvisibility=hidden  -fPIC  -D_FORTIFY_SOURCE=2 conftest.c >&5
conftest.c:30:36: warning: comparison of constant -1000 with expression of type 'char' is always true [-Wtautological-constant-out-of-range-compare]
char x[42U], fodder = 0;if (fodder > -1000 && fgets(x,1000,stdin)) puts(x)
                            ~~~~~~ ^ ~~~~~
1 warning generated.
configure:5235: $? = 0
configure:5243: result: yes
configure:5247: checking whether the linker accepts -fPIC
configure:5266: gcc -o conftest -g -O2 -fvisibility=hidden  -D_FORTIFY_SOURCE=2   -fPIC conftest.c  >&5
configure:5266: $? = 0
configure:5275: result: yes
configure:5294: checking whether C compiler accepts -fPIE
configure:5313: gcc -c -g -O2 -fvisibility=hidden -fPIC  -fPIE  -D_FORTIFY_SOURCE=2 conftest.c >&5
conftest.c:30:36: warning: comparison of constant -1000 with expression of type 'char' is always true [-Wtautological-constant-out-of-range-compare]
char x[42U], fodder = 0;if (fodder > -1000 && fgets(x,1000,stdin)) puts(x)
                            ~~~~~~ ^ ~~~~~
1 warning generated.
configure:5313: $? = 0
configure:5321: result: yes
configure:5325: checking whether the linker accepts -fPIE
configure:5344: gcc -o conftest -g -O2 -fvisibility=hidden -fPIC  -D_FORTIFY_SOURCE=2   -fPIE conftest.c  >&5
configure:5344: $? = 0
configure:5353: result: yes
configure:5356: checking whether the linker accepts -pie
configure:5375: gcc -o conftest -g -O2 -fvisibility=hidden -fPIC  -D_FORTIFY_SOURCE=2   -pie conftest.c  >&5
clang: warning: argument unused during compilation: '-pie'
configure:5375: $? = 0
configure:5384: result: yes
configure:5406: checking whether C compiler accepts -fno-strict-aliasing
configure:5425: gcc -c -g -O2 -fvisibility=hidden -fPIC -fPIE  -fno-strict-aliasing  -D_FORTIFY_SOURCE=2 conftest.c >&5
conftest.c:30:36: warning: comparison of constant -1000 with expression of type 'char' is always true [-Wtautological-constant-out-of-range-compare]
char x[42U], fodder = 0;if (fodder > -1000 && fgets(x,1000,stdin)) puts(x)
                            ~~~~~~ ^ ~~~~~
1 warning generated.
configure:5425: $? = 0
configure:5433: result: yes
configure:5441: checking whether C compiler accepts -fno-strict-overflow
configure:5460: gcc -c -g -O2 -fvisibility=hidden -fPIC -fPIE -fno-strict-aliasing  -fno-strict-overflow  -D_FORTIFY_SOURCE=2 conftest.c >&5
conftest.c:30:36: warning: comparison of constant -1000 with expression of type 'char' is always true [-Wtautological-constant-out-of-range-compare]
char x[42U], fodder = 0;if (fodder > -1000 && fgets(x,1000,stdin)) puts(x)
                            ~~~~~~ ^ ~~~~~
1 warning generated.
configure:5460: $? = 0
configure:5468: result: yes
configure:5616: checking whether C compiler accepts -fstack-protector
configure:5635: gcc -c -g -O2 -fvisibility=hidden -fPIC -fPIE -fno-strict-aliasing -fno-strict-overflow  -fstack-protector  -D_FORTIFY_SOURCE=2 conftest.c >&5
conftest.c:30:36: warning: comparison of constant -1000 with expression of type 'char' is always true [-Wtautological-constant-out-of-range-compare]
char x[42U], fodder = 0;if (fodder > -1000 && fgets(x,1000,stdin)) puts(x)
                            ~~~~~~ ^ ~~~~~
1 warning generated.
configure:5635: $? = 0
configure:5643: result: yes
configure:5647: checking whether the linker accepts -fstack-protector
configure:5666: gcc -o conftest -g -O2 -fvisibility=hidden -fPIC -fPIE -fno-strict-aliasing -fno-strict-overflow  -D_FORTIFY_SOURCE=2  -pie  -fstack-protector conftest.c  >&5
clang: warning: argument unused during compilation: '-pie'
configure:5666: $? = 0
configure:5675: result: yes
configure:5696: checking whether C compiler accepts -Winit-self
configure:5715: gcc -c -g -O2 -fvisibility=hidden -fPIC -fPIE -fno-strict-aliasing -fno-strict-overflow -fstack-protector  -Winit-self  -D_FORTIFY_SOURCE=2 conftest.c >&5
conftest.c:30:36: warning: comparison of constant -1000 with expression of type 'char' is always true [-Wtautological-constant-out-of-range-compare]
char x[42U], fodder = 0;if (fodder > -1000 && fgets(x,1000,stdin)) puts(x)
                            ~~~~~~ ^ ~~~~~
1 warning generated.
configure:5715: $? = 0
configure:5723: result: yes
configure:5731: checking whether C compiler accepts -Wwrite-strings
configure:5750: gcc -c -g -O2 -fvisibility=hidden -fPIC -fPIE -fno-strict-aliasing -fno-strict-overflow -fstack-protector -Winit-self  -Wwrite-strings  -D_FORTIFY_SOURCE=2 conftest.c >&5
conftest.c:30:36: warning: comparison of constant -1000 with expression of type 'char' is always true [-Wtautological-constant-out-of-range-compare]
char x[42U], fodder = 0;if (fodder > -1000 && fgets(x,1000,stdin)) puts(x)
                            ~~~~~~ ^ ~~~~~
1 warning generated.
configure:5750: $? = 0
configure:5758: result: yes
configure:5766: checking whether C compiler accepts -Wdiv-by-zero
configure:5785: gcc -c -g -O2 -fvisibility=hidden -fPIC -fPIE -fno-strict-aliasing -fno-strict-overflow -fstack-protector -Winit-self -Wwrite-strings  -Wdiv-by-zero  -D_FORTIFY_SOURCE=2 conftest.c >&5
conftest.c:30:36: warning: comparison of constant -1000 with expression of type 'char' is always true [-Wtautological-constant-out-of-range-compare]
char x[42U], fodder = 0;if (fodder > -1000 && fgets(x,1000,stdin)) puts(x)
                            ~~~~~~ ^ ~~~~~
1 warning generated.
configure:5785: $? = 0
configure:5793: result: yes
configure:5801: checking whether C compiler accepts -Wsometimes-uninitialized
configure:5820: gcc -c -g -O2 -fvisibility=hidden -fPIC -fPIE -fno-strict-aliasing -fno-strict-overflow -fstack-protector -Winit-self -Wwrite-strings -Wdiv-by-zero  -Wsometimes-uninitialized  -D_FORTIFY_SOURCE=2 conftest.c >&5
conftest.c:30:36: warning: comparison of constant -1000 with expression of type 'char' is always true [-Wtautological-constant-out-of-range-compare]
char x[42U], fodder = 0;if (fodder > -1000 && fgets(x,1000,stdin)) puts(x)
                            ~~~~~~ ^ ~~~~~
1 warning generated.
configure:5820: $? = 0
configure:5828: result: yes
configure:5840: checking whether C compiler accepts  -Wall
configure:5859: gcc -c -g -O2 -fvisibility=hidden -fPIC -fPIE -fno-strict-aliasing -fno-strict-overflow -fstack-protector -Winit-self -Wwrite-strings -Wdiv-by-zero -Wsometimes-uninitialized   -Wall  -D_FORTIFY_SOURCE=2 conftest.c >&5
conftest.c:30:36: warning: comparison of constant -1000 with expression of type 'char' is always true [-Wtautological-constant-out-of-range-compare]
char x[42U], fodder = 0;if (fodder > -1000 && fgets(x,1000,stdin)) puts(x)
                            ~~~~~~ ^ ~~~~~
1 warning generated.
configure:5859: $? = 0
configure:5868: result: yes
configure:5877: checking whether C compiler accepts  -Wall -Wextra
configure:5896: gcc -c -g -O2 -fvisibility=hidden -fPIC -fPIE -fno-strict-aliasing -fno-strict-overflow -fstack-protector -Winit-self -Wwrite-strings -Wdiv-by-zero -Wsometimes-uninitialized   -Wall -Wextra  -D_FORTIFY_SOURCE=2 conftest.c >&5
conftest.c:30:36: warning: comparison of constant -1000 with expression of type 'char' is always true [-Wtautological-constant-out-of-range-compare]
char x[42U], fodder = 0;if (fodder > -1000 && fgets(x,1000,stdin)) puts(x)
                            ~~~~~~ ^ ~~~~~
1 warning generated.
configure:5896: $? = 0
configure:5905: result: yes
configure:5914: checking for clang
configure:5931: gcc -c -g -O2 -fvisibility=hidden -fPIC -fPIE -fno-strict-aliasing -fno-strict-overflow -fstack-protector -Winit-self -Wwrite-strings -Wdiv-by-zero -Wsometimes-uninitialized  -D_FORTIFY_SOURCE=2 conftest.c >&5
configure:5931: $? = 0
configure:5932: result: yes
configure:5935: checking whether C compiler accepts  -Wall -Wextra -Wno-unknown-warning-option
configure:5954: gcc -c -g -O2 -fvisibility=hidden -fPIC -fPIE -fno-strict-aliasing -fno-strict-overflow -fstack-protector -Winit-self -Wwrite-strings -Wdiv-by-zero -Wsometimes-uninitialized   -Wall -Wextra -Wno-unknown-warning-option  -D_FORTIFY_SOURCE=2 conftest.c >&5
conftest.c:30:36: warning: comparison of constant -1000 with expression of type 'char' is always true [-Wtautological-constant-out-of-range-compare]
char x[42U], fodder = 0;if (fodder > -1000 && fgets(x,1000,stdin)) puts(x)
                            ~~~~~~ ^ ~~~~~
1 warning generated.
configure:5954: $? = 0
configure:5963: result: yes
configure:5980: checking whether C compiler accepts  -Wall -Wextra -Wno-unknown-warning-option -Wbad-function-cast
configure:5999: gcc -c -g -O2 -fvisibility=hidden -fPIC -fPIE -fno-strict-aliasing -fno-strict-overflow -fstack-protector -Winit-self -Wwrite-strings -Wdiv-by-zero -Wsometimes-uninitialized   -Wall -Wextra -Wno-unknown-warning-option -Wbad-function-cast  -D_FORTIFY_SOURCE=2 conftest.c >&5
conftest.c:30:36: warning: comparison of constant -1000 with expression of type 'char' is always true [-Wtautological-constant-out-of-range-compare]
char x[42U], fodder = 0;if (fodder > -1000 && fgets(x,1000,stdin)) puts(x)
                            ~~~~~~ ^ ~~~~~
1 warning generated.
configure:5999: $? = 0
configure:6008: result: yes
configure:6017: checking whether C compiler accepts  -Wall -Wextra -Wno-unknown-warning-option -Wbad-function-cast -Wcast-align
configure:6036: gcc -c -g -O2 -fvisibility=hidden -fPIC -fPIE -fno-strict-aliasing -fno-strict-overflow -fstack-protector -Winit-self -Wwrite-strings -Wdiv-by-zero -Wsometimes-uninitialized   -Wall -Wextra -Wno-unknown-warning-option -Wbad-function-cast -Wcast-align  -D_FORTIFY_SOURCE=2 conftest.c >&5
conftest.c:30:36: warning: comparison of constant -1000 with expression of type 'char' is always true [-Wtautological-constant-out-of-range-compare]
char x[42U], fodder = 0;if (fodder > -1000 && fgets(x,1000,stdin)) puts(x)
                            ~~~~~~ ^ ~~~~~
1 warning generated.
configure:6036: $? = 0
configure:6045: result: yes
configure:6054: checking whether C compiler accepts  -Wall -Wextra -Wno-unknown-warning-option -Wbad-function-cast -Wcast-align -Wcast-qual
configure:6073: gcc -c -g -O2 -fvisibility=hidden -fPIC -fPIE -fno-strict-aliasing -fno-strict-overflow -fstack-protector -Winit-self -Wwrite-strings -Wdiv-by-zero -Wsometimes-uninitialized   -Wall -Wextra -Wno-unknown-warning-option -Wbad-function-cast -Wcast-align -Wcast-qual  -D_FORTIFY_SOURCE=2 conftest.c >&5
conftest.c:30:36: warning: comparison of constant -1000 with expression of type 'char' is always true [-Wtautological-constant-out-of-range-compare]
char x[42U], fodder = 0;if (fodder > -1000 && fgets(x,1000,stdin)) puts(x)
                            ~~~~~~ ^ ~~~~~
1 warning generated.
configure:6073: $? = 0
configure:6082: result: yes
configure:6091: checking whether C compiler accepts  -Wall -Wextra -Wno-unknown-warning-option -Wbad-function-cast -Wcast-align -Wcast-qual -Wchar-subscripts
configure:6110: gcc -c -g -O2 -fvisibility=hidden -fPIC -fPIE -fno-strict-aliasing -fno-strict-overflow -fstack-protector -Winit-self -Wwrite-strings -Wdiv-by-zero -Wsometimes-uninitialized   -Wall -Wextra -Wno-unknown-warning-option -Wbad-function-cast -Wcast-align -Wcast-qual -Wchar-subscripts  -D_FORTIFY_SOURCE=2 conftest.c >&5
conftest.c:30:36: warning: comparison of constant -1000 with expression of type 'char' is always true [-Wtautological-constant-out-of-range-compare]
char x[42U], fodder = 0;if (fodder > -1000 && fgets(x,1000,stdin)) puts(x)
                            ~~~~~~ ^ ~~~~~
1 warning generated.
configure:6110: $? = 0
configure:6119: result: yes
configure:6128: checking whether C compiler accepts  -Wall -Wextra -Wno-unknown-warning-option -Wbad-function-cast -Wcast-align -Wcast-qual -Wchar-subscripts -Wcomment
configure:6147: gcc -c -g -O2 -fvisibility=hidden -fPIC -fPIE -fno-strict-aliasing -fno-strict-overflow -fstack-protector -Winit-self -Wwrite-strings -Wdiv-by-zero -Wsometimes-uninitialized   -Wall -Wextra -Wno-unknown-warning-option -Wbad-function-cast -Wcast-align -Wcast-qual -Wchar-subscripts -Wcomment  -D_FORTIFY_SOURCE=2 conftest.c >&5
conftest.c:30:36: warning: comparison of constant -1000 with expression of type 'char' is always true [-Wtautological-constant-out-of-range-compare]
char x[42U], fodder = 0;if (fodder > -1000 && fgets(x,1000,stdin)) puts(x)
                            ~~~~~~ ^ ~~~~~
1 warning generated.
configure:6147: $? = 0
configure:6156: result: yes
configure:6165: checking whether C compiler accepts  -Wall -Wextra -Wno-unknown-warning-option -Wbad-function-cast -Wcast-align -Wcast-qual -Wchar-subscripts -Wcomment -Wfloat-equal
configure:6184: gcc -c -g -O2 -fvisibility=hidden -fPIC -fPIE -fno-strict-aliasing -fno-strict-overflow -fstack-protector -Winit-self -Wwrite-strings -Wdiv-by-zero -Wsometimes-uninitialized   -Wall -Wextra -Wno-unknown-warning-option -Wbad-function-cast -Wcast-align -Wcast-qual -Wchar-subscripts -Wcomment -Wfloat-equal  -D_FORTIFY_SOURCE=2 conftest.c >&5
conftest.c:30:36: warning: comparison of constant -1000 with expression of type 'char' is always true [-Wtautological-constant-out-of-range-compare]
char x[42U], fodder = 0;if (fodder > -1000 && fgets(x,1000,stdin)) puts(x)
                            ~~~~~~ ^ ~~~~~
1 warning generated.
configure:6184: $? = 0
configure:6193: result: yes
configure:6202: checking whether C compiler accepts  -Wall -Wextra -Wno-unknown-warning-option -Wbad-function-cast -Wcast-align -Wcast-qual -Wchar-subscripts -Wcomment -Wfloat-equal -Wformat=2
configure:6221: gcc -c -g -O2 -fvisibility=hidden -fPIC -fPIE -fno-strict-aliasing -fno-strict-overflow -fstack-protector -Winit-self -Wwrite-strings -Wdiv-by-zero -Wsometimes-uninitialized   -Wall -Wextra -Wno-unknown-warning-option -Wbad-function-cast -Wcast-align -Wcast-qual -Wchar-subscripts -Wcomment -Wfloat-equal -Wformat=2  -D_FORTIFY_SOURCE=2 conftest.c >&5
conftest.c:30:36: warning: comparison of constant -1000 with expression of type 'char' is always true [-Wtautological-constant-out-of-range-compare]
char x[42U], fodder = 0;if (fodder > -1000 && fgets(x,1000,stdin)) puts(x)
                            ~~~~~~ ^ ~~~~~
1 warning generated.
configure:6221: $? = 0
configure:6230: result: yes
configure:6239: checking whether C compiler accepts  -Wall -Wextra -Wno-unknown-warning-option -Wbad-function-cast -Wcast-align -Wcast-qual -Wchar-subscripts -Wcomment -Wfloat-equal -Wformat=2 -Wimplicit
configure:6258: gcc -c -g -O2 -fvisibility=hidden -fPIC -fPIE -fno-strict-aliasing -fno-strict-overflow -fstack-protector -Winit-self -Wwrite-strings -Wdiv-by-zero -Wsometimes-uninitialized   -Wall -Wextra -Wno-unknown-warning-option -Wbad-function-cast -Wcast-align -Wcast-qual -Wchar-subscripts -Wcomment -Wfloat-equal -Wformat=2 -Wimplicit  -D_FORTIFY_SOURCE=2 conftest.c >&5
conftest.c:30:36: warning: comparison of constant -1000 with expression of type 'char' is always true [-Wtautological-constant-out-of-range-compare]
char x[42U], fodder = 0;if (fodder > -1000 && fgets(x,1000,stdin)) puts(x)
                            ~~~~~~ ^ ~~~~~
1 warning generated.
configure:6258: $? = 0
configure:6267: result: yes
configure:6276: checking whether C compiler accepts  -Wall -Wextra -Wno-unknown-warning-option -Wbad-function-cast -Wcast-align -Wcast-qual -Wchar-subscripts -Wcomment -Wfloat-equal -Wformat=2 -Wimplicit -Wmissing-declarations
configure:6295: gcc -c -g -O2 -fvisibility=hidden -fPIC -fPIE -fno-strict-aliasing -fno-strict-overflow -fstack-protector -Winit-self -Wwrite-strings -Wdiv-by-zero -Wsometimes-uninitialized   -Wall -Wextra -Wno-unknown-warning-option -Wbad-function-cast -Wcast-align -Wcast-qual -Wchar-subscripts -Wcomment -Wfloat-equal -Wformat=2 -Wimplicit -Wmissing-declarations  -D_FORTIFY_SOURCE=2 conftest.c >&5
conftest.c:30:36: warning: comparison of constant -1000 with expression of type 'char' is always true [-Wtautological-constant-out-of-range-compare]
char x[42U], fodder = 0;if (fodder > -1000 && fgets(x,1000,stdin)) puts(x)
                            ~~~~~~ ^ ~~~~~
1 warning generated.
configure:6295: $? = 0
configure:6304: result: yes
configure:6313: checking whether C compiler accepts  -Wall -Wextra -Wno-unknown-warning-option -Wbad-function-cast -Wcast-align -Wcast-qual -Wchar-subscripts -Wcomment -Wfloat-equal -Wformat=2 -Wimplicit -Wmissing-declarations -Wmissing-prototypes
configure:6332: gcc -c -g -O2 -fvisibility=hidden -fPIC -fPIE -fno-strict-aliasing -fno-strict-overflow -fstack-protector -Winit-self -Wwrite-strings -Wdiv-by-zero -Wsometimes-uninitialized   -Wall -Wextra -Wno-unknown-warning-option -Wbad-function-cast -Wcast-align -Wcast-qual -Wchar-subscripts -Wcomment -Wfloat-equal -Wformat=2 -Wimplicit -Wmissing-declarations -Wmissing-prototypes  -D_FORTIFY_SOURCE=2 conftest.c >&5
conftest.c:30:36: warning: comparison of constant -1000 with expression of type 'char' is always true [-Wtautological-constant-out-of-range-compare]
char x[42U], fodder = 0;if (fodder > -1000 && fgets(x,1000,stdin)) puts(x)
                            ~~~~~~ ^ ~~~~~
1 warning generated.
configure:6332: $? = 0
configure:6341: result: yes
configure:6350: checking whether C compiler accepts  -Wall -Wextra -Wno-unknown-warning-option -Wbad-function-cast -Wcast-align -Wcast-qual -Wchar-subscripts -Wcomment -Wfloat-equal -Wformat=2 -Wimplicit -Wmissing-declarations -Wmissing-prototypes -Wnormalized=id
configure:6369: gcc -c -g -O2 -fvisibility=hidden -fPIC -fPIE -fno-strict-aliasing -fno-strict-overflow -fstack-protector -Winit-self -Wwrite-strings -Wdiv-by-zero -Wsometimes-uninitialized   -Wall -Wextra -Wno-unknown-warning-option -Wbad-function-cast -Wcast-align -Wcast-qual -Wchar-subscripts -Wcomment -Wfloat-equal -Wformat=2 -Wimplicit -Wmissing-declarations -Wmissing-prototypes -Wnormalized=id  -D_FORTIFY_SOURCE=2 conftest.c >&5
conftest.c:30:36: warning: comparison of constant -1000 with expression of type 'char' is always true [-Wtautological-constant-out-of-range-compare]
char x[42U], fodder = 0;if (fodder > -1000 && fgets(x,1000,stdin)) puts(x)
                            ~~~~~~ ^ ~~~~~
1 warning generated.
configure:6369: $? = 0
configure:6378: result: yes
configure:6387: checking whether C compiler accepts  -Wall -Wextra -Wno-unknown-warning-option -Wbad-function-cast -Wcast-align -Wcast-qual -Wchar-subscripts -Wcomment -Wfloat-equal -Wformat=2 -Wimplicit -Wmissing-declarations -Wmissing-prototypes -Wnormalized=id -Woverride-init
configure:6406: gcc -c -g -O2 -fvisibility=hidden -fPIC -fPIE -fno-strict-aliasing -fno-strict-overflow -fstack-protector -Winit-self -Wwrite-strings -Wdiv-by-zero -Wsometimes-uninitialized   -Wall -Wextra -Wno-unknown-warning-option -Wbad-function-cast -Wcast-align -Wcast-qual -Wchar-subscripts -Wcomment -Wfloat-equal -Wformat=2 -Wimplicit -Wmissing-declarations -Wmissing-prototypes -Wnormalized=id -Woverride-init  -D_FORTIFY_SOURCE=2 conftest.c >&5
conftest.c:30:36: warning: comparison of constant -1000 with expression of type 'char' is always true [-Wtautological-constant-out-of-range-compare]
char x[42U], fodder = 0;if (fodder > -1000 && fgets(x,1000,stdin)) puts(x)
                            ~~~~~~ ^ ~~~~~
1 warning generated.
configure:6406: $? = 0
configure:6415: result: yes
configure:6424: checking whether C compiler accepts  -Wall -Wextra -Wno-unknown-warning-option -Wbad-function-cast -Wcast-align -Wcast-qual -Wchar-subscripts -Wcomment -Wfloat-equal -Wformat=2 -Wimplicit -Wmissing-declarations -Wmissing-prototypes -Wnormalized=id -Woverride-init -Wparentheses
configure:6443: gcc -c -g -O2 -fvisibility=hidden -fPIC -fPIE -fno-strict-aliasing -fno-strict-overflow -fstack-protector -Winit-self -Wwrite-strings -Wdiv-by-zero -Wsometimes-uninitialized   -Wall -Wextra -Wno-unknown-warning-option -Wbad-function-cast -Wcast-align -Wcast-qual -Wchar-subscripts -Wcomment -Wfloat-equal -Wformat=2 -Wimplicit -Wmissing-declarations -Wmissing-prototypes -Wnormalized=id -Woverride-init -Wparentheses  -D_FORTIFY_SOURCE=2 conftest.c >&5
conftest.c:30:36: warning: comparison of constant -1000 with expression of type 'char' is always true [-Wtautological-constant-out-of-range-compare]
char x[42U], fodder = 0;if (fodder > -1000 && fgets(x,1000,stdin)) puts(x)
                            ~~~~~~ ^ ~~~~~
1 warning generated.
configure:6443: $? = 0
configure:6452: result: yes
configure:6461: checking whether C compiler accepts  -Wall -Wextra -Wno-unknown-warning-option -Wbad-function-cast -Wcast-align -Wcast-qual -Wchar-subscripts -Wcomment -Wfloat-equal -Wformat=2 -Wimplicit -Wmissing-declarations -Wmissing-prototypes -Wnormalized=id -Woverride-init -Wparentheses -Wpointer-arith
configure:6480: gcc -c -g -O2 -fvisibility=hidden -fPIC -fPIE -fno-strict-aliasing -fno-strict-overflow -fstack-protector -Winit-self -Wwrite-strings -Wdiv-by-zero -Wsometimes-uninitialized   -Wall -Wextra -Wno-unknown-warning-option -Wbad-function-cast -Wcast-align -Wcast-qual -Wchar-subscripts -Wcomment -Wfloat-equal -Wformat=2 -Wimplicit -Wmissing-declarations -Wmissing-prototypes -Wnormalized=id -Woverride-init -Wparentheses -Wpointer-arith  -D_FORTIFY_SOURCE=2 conftest.c >&5
conftest.c:30:36: warning: comparison of constant -1000 with expression of type 'char' is always true [-Wtautological-constant-out-of-range-compare]
char x[42U], fodder = 0;if (fodder > -1000 && fgets(x,1000,stdin)) puts(x)
                            ~~~~~~ ^ ~~~~~
1 warning generated.
configure:6480: $? = 0
configure:6489: result: yes
configure:6498: checking whether C compiler accepts  -Wall -Wextra -Wno-unknown-warning-option -Wbad-function-cast -Wcast-align -Wcast-qual -Wchar-subscripts -Wcomment -Wfloat-equal -Wformat=2 -Wimplicit -Wmissing-declarations -Wmissing-prototypes -Wnormalized=id -Woverride-init -Wparentheses -Wpointer-arith -Wredundant-decls
configure:6517: gcc -c -g -O2 -fvisibility=hidden -fPIC -fPIE -fno-strict-aliasing -fno-strict-overflow -fstack-protector -Winit-self -Wwrite-strings -Wdiv-by-zero -Wsometimes-uninitialized   -Wall -Wextra -Wno-unknown-warning-option -Wbad-function-cast -Wcast-align -Wcast-qual -Wchar-subscripts -Wcomment -Wfloat-equal -Wformat=2 -Wimplicit -Wmissing-declarations -Wmissing-prototypes -Wnormalized=id -Woverride-init -Wparentheses -Wpointer-arith -Wredundant-decls  -D_FORTIFY_SOURCE=2 conftest.c >&5
conftest.c:30:36: warning: comparison of constant -1000 with expression of type 'char' is always true [-Wtautological-constant-out-of-range-compare]
char x[42U], fodder = 0;if (fodder > -1000 && fgets(x,1000,stdin)) puts(x)
                            ~~~~~~ ^ ~~~~~
1 warning generated.
configure:6517: $? = 0
configure:6526: result: yes
configure:6535: checking whether C compiler accepts  -Wall -Wextra -Wno-unknown-warning-option -Wbad-function-cast -Wcast-align -Wcast-qual -Wchar-subscripts -Wcomment -Wfloat-equal -Wformat=2 -Wimplicit -Wmissing-declarations -Wmissing-prototypes -Wnormalized=id -Woverride-init -Wparentheses -Wpointer-arith -Wredundant-decls -Wstrict-prototypes
configure:6554: gcc -c -g -O2 -fvisibility=hidden -fPIC -fPIE -fno-strict-aliasing -fno-strict-overflow -fstack-protector -Winit-self -Wwrite-strings -Wdiv-by-zero -Wsometimes-uninitialized   -Wall -Wextra -Wno-unknown-warning-option -Wbad-function-cast -Wcast-align -Wcast-qual -Wchar-subscripts -Wcomment -Wfloat-equal -Wformat=2 -Wimplicit -Wmissing-declarations -Wmissing-prototypes -Wnormalized=id -Woverride-init -Wparentheses -Wpointer-arith -Wredundant-decls -Wstrict-prototypes  -D_FORTIFY_SOURCE=2 conftest.c >&5
conftest.c:30:36: warning: comparison of constant -1000 with expression of type 'char' is always true [-Wtautological-constant-out-of-range-compare]
char x[42U], fodder = 0;if (fodder > -1000 && fgets(x,1000,stdin)) puts(x)
                            ~~~~~~ ^ ~~~~~
1 warning generated.
configure:6554: $? = 0
configure:6563: result: yes
configure:6572: checking whether C compiler accepts  -Wall -Wextra -Wno-unknown-warning-option -Wbad-function-cast -Wcast-align -Wcast-qual -Wchar-subscripts -Wcomment -Wfloat-equal -Wformat=2 -Wimplicit -Wmissing-declarations -Wmissing-prototypes -Wnormalized=id -Woverride-init -Wparentheses -Wpointer-arith -Wredundant-decls -Wstrict-prototypes -Wswitch-enum
configure:6591: gcc -c -g -O2 -fvisibility=hidden -fPIC -fPIE -fno-strict-aliasing -fno-strict-overflow -fstack-protector -Winit-self -Wwrite-strings -Wdiv-by-zero -Wsometimes-uninitialized   -Wall -Wextra -Wno-unknown-warning-option -Wbad-function-cast -Wcast-align -Wcast-qual -Wchar-subscripts -Wcomment -Wfloat-equal -Wformat=2 -Wimplicit -Wmissing-declarations -Wmissing-prototypes -Wnormalized=id -Woverride-init -Wparentheses -Wpointer-arith -Wredundant-decls -Wstrict-prototypes -Wswitch-enum  -D_FORTIFY_SOURCE=2 conftest.c >&5
conftest.c:30:36: warning: comparison of constant -1000 with expression of type 'char' is always true [-Wtautological-constant-out-of-range-compare]
char x[42U], fodder = 0;if (fodder > -1000 && fgets(x,1000,stdin)) puts(x)
                            ~~~~~~ ^ ~~~~~
1 warning generated.
configure:6591: $? = 0
configure:6600: result: yes
configure:6609: checking whether C compiler accepts  -Wall -Wextra -Wno-unknown-warning-option -Wbad-function-cast -Wcast-align -Wcast-qual -Wchar-subscripts -Wcomment -Wfloat-equal -Wformat=2 -Wimplicit -Wmissing-declarations -Wmissing-prototypes -Wnormalized=id -Woverride-init -Wparentheses -Wpointer-arith -Wredundant-decls -Wstrict-prototypes -Wswitch-enum -Wvariable-decl
configure:6628: gcc -c -g -O2 -fvisibility=hidden -fPIC -fPIE -fno-strict-aliasing -fno-strict-overflow -fstack-protector -Winit-self -Wwrite-strings -Wdiv-by-zero -Wsometimes-uninitialized   -Wall -Wextra -Wno-unknown-warning-option -Wbad-function-cast -Wcast-align -Wcast-qual -Wchar-subscripts -Wcomment -Wfloat-equal -Wformat=2 -Wimplicit -Wmissing-declarations -Wmissing-prototypes -Wnormalized=id -Woverride-init -Wparentheses -Wpointer-arith -Wredundant-decls -Wstrict-prototypes -Wswitch-enum -Wvariable-decl  -D_FORTIFY_SOURCE=2 conftest.c >&5
conftest.c:30:36: warning: comparison of constant -1000 with expression of type 'char' is always true [-Wtautological-constant-out-of-range-compare]
char x[42U], fodder = 0;if (fodder > -1000 && fgets(x,1000,stdin)) puts(x)
                            ~~~~~~ ^ ~~~~~
1 warning generated.
configure:6628: $? = 0
configure:6637: result: yes
configure:6646: checking whether the linker accepts -Wl,-z,relro
configure:6665: gcc -o conftest -g -O2 -fvisibility=hidden -fPIC -fPIE -fno-strict-aliasing -fno-strict-overflow -fstack-protector -Winit-self -Wwrite-strings -Wdiv-by-zero -Wsometimes-uninitialized  -D_FORTIFY_SOURCE=2  -pie  -Wl,-z,relro conftest.c  >&5
clang: warning: argument unused during compilation: '-pie'
ld: unknown option: -z
clang: error: linker command failed with exit code 1 (use -v to see invocation)
configure:6665: $? = 1
configure: failed program was:
| /* confdefs.h */
| #define PACKAGE_NAME "libsodium"
| #define PACKAGE_TARNAME "libsodium"
| #define PACKAGE_VERSION "1.0.2"
| #define PACKAGE_STRING "libsodium 1.0.2"
| #define PACKAGE_BUGREPORT "https://github.com/jedisct1/libsodium/issues"
| #define PACKAGE_URL "https://github.com/jedisct1/libsodium"
| #define PACKAGE "libsodium"
| #define VERSION "1.0.2"
| #define STDC_HEADERS 1
| #define HAVE_SYS_TYPES_H 1
| #define HAVE_SYS_STAT_H 1
| #define HAVE_STDLIB_H 1
| #define HAVE_STRING_H 1
| #define HAVE_MEMORY_H 1
| #define HAVE_STRINGS_H 1
| #define HAVE_INTTYPES_H 1
| #define HAVE_STDINT_H 1
| #define HAVE_UNISTD_H 1
| #define __EXTENSIONS__ 1
| #define _ALL_SOURCE 1
| #define _GNU_SOURCE 1
| #define _POSIX_PTHREAD_SEMANTICS 1
| #define _TANDEM_SOURCE 1
| /* end confdefs.h.  */
| #include <stdio.h>
| int
| main ()
| {
| char x[42U];if (fgets(x,1000,stdin)) puts(x)
|   ;
|   return 0;
| }
configure:6674: result: no
configure:6682: checking whether the linker accepts -Wl,-z,now
configure:6701: gcc -o conftest -g -O2 -fvisibility=hidden -fPIC -fPIE -fno-strict-aliasing -fno-strict-overflow -fstack-protector -Winit-self -Wwrite-strings -Wdiv-by-zero -Wsometimes-uninitialized  -D_FORTIFY_SOURCE=2  -pie  -Wl,-z,now conftest.c  >&5
clang: warning: argument unused during compilation: '-pie'
ld: unknown option: -z
clang: error: linker command failed with exit code 1 (use -v to see invocation)
configure:6701: $? = 1
configure: failed program was:
| /* confdefs.h */
| #define PACKAGE_NAME "libsodium"
| #define PACKAGE_TARNAME "libsodium"
| #define PACKAGE_VERSION "1.0.2"
| #define PACKAGE_STRING "libsodium 1.0.2"
| #define PACKAGE_BUGREPORT "https://github.com/jedisct1/libsodium/issues"
| #define PACKAGE_URL "https://github.com/jedisct1/libsodium"
| #define PACKAGE "libsodium"
| #define VERSION "1.0.2"
| #define STDC_HEADERS 1
| #define HAVE_SYS_TYPES_H 1
| #define HAVE_SYS_STAT_H 1
| #define HAVE_STDLIB_H 1
| #define HAVE_STRING_H 1
| #define HAVE_MEMORY_H 1
| #define HAVE_STRINGS_H 1
| #define HAVE_INTTYPES_H 1
| #define HAVE_STDINT_H 1
| #define HAVE_UNISTD_H 1
| #define __EXTENSIONS__ 1
| #define _ALL_SOURCE 1
| #define _GNU_SOURCE 1
| #define _POSIX_PTHREAD_SEMANTICS 1
| #define _TANDEM_SOURCE 1
| /* end confdefs.h.  */
| #include <stdio.h>
| int
| main ()
| {
| char x[42U];if (fgets(x,1000,stdin)) puts(x)
|   ;
|   return 0;
| }
configure:6710: result: no
configure:6718: checking whether the linker accepts -Wl,-z,noexecstack
configure:6737: gcc -o conftest -g -O2 -fvisibility=hidden -fPIC -fPIE -fno-strict-aliasing -fno-strict-overflow -fstack-protector -Winit-self -Wwrite-strings -Wdiv-by-zero -Wsometimes-uninitialized  -D_FORTIFY_SOURCE=2  -pie  -Wl,-z,noexecstack conftest.c  >&5
clang: warning: argument unused during compilation: '-pie'
ld: unknown option: -z
clang: error: linker command failed with exit code 1 (use -v to see invocation)
configure:6737: $? = 1
configure: failed program was:
| /* confdefs.h */
| #define PACKAGE_NAME "libsodium"
| #define PACKAGE_TARNAME "libsodium"
| #define PACKAGE_VERSION "1.0.2"
| #define PACKAGE_STRING "libsodium 1.0.2"
| #define PACKAGE_BUGREPORT "https://github.com/jedisct1/libsodium/issues"
| #define PACKAGE_URL "https://github.com/jedisct1/libsodium"
| #define PACKAGE "libsodium"
| #define VERSION "1.0.2"
| #define STDC_HEADERS 1
| #define HAVE_SYS_TYPES_H 1
| #define HAVE_SYS_STAT_H 1
| #define HAVE_STDLIB_H 1
| #define HAVE_STRING_H 1
| #define HAVE_MEMORY_H 1
| #define HAVE_STRINGS_H 1
| #define HAVE_INTTYPES_H 1
| #define HAVE_STDINT_H 1
| #define HAVE_UNISTD_H 1
| #define __EXTENSIONS__ 1
| #define _ALL_SOURCE 1
| #define _GNU_SOURCE 1
| #define _POSIX_PTHREAD_SEMANTICS 1
| #define _TANDEM_SOURCE 1
| /* end confdefs.h.  */
| #include <stdio.h>
| int
| main ()
| {
| char x[42U];if (fgets(x,1000,stdin)) puts(x)
|   ;
|   return 0;
| }
configure:6746: result: no
configure:6801: checking how to print strings
configure:6828: result: printf
configure:6849: checking for a sed that does not truncate output
configure:6913: result: /usr/bin/sed
configure:6931: checking for fgrep
configure:6993: result: /usr/bin/grep -F
configure:7028: checking for ld used by gcc
configure:7095: result: /Applications/Xcode.app/Contents/Developer/Toolchains/XcodeDefault.xctoolchain/usr/bin/ld
configure:7102: checking if the linker (/Applications/Xcode.app/Contents/Developer/Toolchains/XcodeDefault.xctoolchain/usr/bin/ld) is GNU ld
configure:7117: result: no
configure:7129: checking for BSD- or MS-compatible name lister (nm)
configure:7183: result: /usr/bin/nm
configure:7313: checking the name lister (/usr/bin/nm) interface
configure:7320: gcc -c -g -O2 -fvisibility=hidden -fPIC -fPIE -fno-strict-aliasing -fno-strict-overflow -fstack-protector -Winit-self -Wwrite-strings -Wdiv-by-zero -Wsometimes-uninitialized  -D_FORTIFY_SOURCE=2 conftest.c >&5
configure:7323: /usr/bin/nm "conftest.o"
configure:7326: output
0000000000000230 S _some_variable
configure:7333: result: BSD nm
configure:7336: checking whether ln -s works
configure:7340: result: yes
configure:7348: checking the maximum length of command line arguments
configure:7479: result: 196608
configure:7527: checking how to convert x86_64-apple-darwin14.1.0 file names to x86_64-apple-darwin14.1.0 format
configure:7567: result: func_convert_file_noop
configure:7574: checking how to convert x86_64-apple-darwin14.1.0 file names to toolchain format
configure:7594: result: func_convert_file_noop
configure:7601: checking for /Applications/Xcode.app/Contents/Developer/Toolchains/XcodeDefault.xctoolchain/usr/bin/ld option to reload object files
configure:7608: result: -r
configure:7682: checking for objdump
configure:7712: result: no
configure:7741: checking how to recognize dependent libraries
configure:7941: result: pass_all
configure:8026: checking for dlltool
configure:8056: result: no
configure:8086: checking how to associate runtime and link libraries
configure:8113: result: printf %s\n
configure:8173: checking for ar
configure:8189: found /usr/bin/ar
configure:8200: result: ar
configure:8237: checking for archiver @FILE support
configure:8254: gcc -c -g -O2 -fvisibility=hidden -fPIC -fPIE -fno-strict-aliasing -fno-strict-overflow -fstack-protector -Winit-self -Wwrite-strings -Wdiv-by-zero -Wsometimes-uninitialized  -D_FORTIFY_SOURCE=2 conftest.c >&5
configure:8254: $? = 0
configure:8257: ar cru libconftest.a @conftest.lst >&5
ar: @conftest.lst: No such file or directory
configure:8260: $? = 1
configure:8280: result: no
configure:8338: checking for strip
configure:8354: found /usr/bin/strip
configure:8365: result: strip
configure:8437: checking for ranlib
configure:8453: found /usr/bin/ranlib
configure:8464: result: ranlib
configure:8566: checking command to parse /usr/bin/nm output from gcc object
configure:8719: gcc -c -g -O2 -fvisibility=hidden -fPIC -fPIE -fno-strict-aliasing -fno-strict-overflow -fstack-protector -Winit-self -Wwrite-strings -Wdiv-by-zero -Wsometimes-uninitialized  -D_FORTIFY_SOURCE=2 conftest.c >&5
configure:8722: $? = 0
configure:8726: /usr/bin/nm conftest.o \| sed -n -e 's/^.*[ ]\([BCDEGRST][BCDEGRST]*\)[ ][ ]*\([_A-Za-z][_A-Za-z0-9]*\)$/\1 \2 \2/p' | sed '/ __gnu_lto/d' \> conftest.nm
configure:8729: $? = 0
cannot find nm_test_var in conftest.nm
configure:8719: gcc -c -g -O2 -fvisibility=hidden -fPIC -fPIE -fno-strict-aliasing -fno-strict-overflow -fstack-protector -Winit-self -Wwrite-strings -Wdiv-by-zero -Wsometimes-uninitialized  -D_FORTIFY_SOURCE=2 conftest.c >&5
configure:8722: $? = 0
configure:8726: /usr/bin/nm conftest.o \| sed -n -e 's/^.*[ ]\([BCDEGRST][BCDEGRST]*\)[ ][ ]*_\([_A-Za-z][_A-Za-z0-9]*\)$/\1 _\2 \2/p' | sed '/ __gnu_lto/d' \> conftest.nm
configure:8729: $? = 0
configure:8795: gcc -o conftest -g -O2 -fvisibility=hidden -fPIC -fPIE -fno-strict-aliasing -fno-strict-overflow -fstack-protector -Winit-self -Wwrite-strings -Wdiv-by-zero -Wsometimes-uninitialized  -D_FORTIFY_SOURCE=2  -pie conftest.c conftstm.o >&5
clang: warning: argument unused during compilation: '-pie'
configure:8798: $? = 0
configure:8836: result: ok
configure:8883: checking for sysroot
configure:8913: result: no
configure:8920: checking for a working dd
configure:8958: result: /bin/dd
configure:8962: checking how to truncate binary pipes
configure:8977: result: /bin/dd bs=4096 count=1
configure:9306: checking for mt
configure:9336: result: no
configure:9356: checking if : is a manifest tool
configure:9362: : '-?'
configure:9370: result: no
configure:9426: checking for dsymutil
configure:9442: found /usr/bin/dsymutil
configure:9453: result: dsymutil
configure:9518: checking for nmedit
configure:9534: found /usr/bin/nmedit
configure:9545: result: nmedit
configure:9610: checking for lipo
configure:9626: found /usr/bin/lipo
configure:9637: result: lipo
configure:9702: checking for otool
configure:9718: found /usr/bin/otool
configure:9729: result: otool
configure:9794: checking for otool64
configure:9824: result: no
configure:9869: checking for -single_module linker flag
gcc -g -O2 -fvisibility=hidden -fPIC -fPIE -fno-strict-aliasing -fno-strict-overflow -fstack-protector -Winit-self -Wwrite-strings -Wdiv-by-zero -Wsometimes-uninitialized  -pie -o libconftest.dylib -dynamiclib -Wl,-single_module conftest.c
configure:9902: result: yes
configure:9905: checking for -exported_symbols_list linker flag
configure:9925: gcc -o conftest -g -O2 -fvisibility=hidden -fPIC -fPIE -fno-strict-aliasing -fno-strict-overflow -fstack-protector -Winit-self -Wwrite-strings -Wdiv-by-zero -Wsometimes-uninitialized  -D_FORTIFY_SOURCE=2  -pie -Wl,-exported_symbols_list,conftest.sym conftest.c  >&5
clang: warning: argument unused during compilation: '-pie'
ld: warning: cannot export hidden symbol _main from /var/folders/s3/38cp18x529b2x5czlsszqpk00000gn/T/conftest-d21f50.o
configure:9925: $? = 0
configure:9935: result: yes
configure:9938: checking for -force_load linker flag
gcc -g -O2 -fvisibility=hidden -fPIC -fPIE -fno-strict-aliasing -fno-strict-overflow -fstack-protector -Winit-self -Wwrite-strings -Wdiv-by-zero -Wsometimes-uninitialized -c -o conftest.o conftest.c
ar cru libconftest.a conftest.o
ranlib libconftest.a
gcc -g -O2 -fvisibility=hidden -fPIC -fPIE -fno-strict-aliasing -fno-strict-overflow -fstack-protector -Winit-self -Wwrite-strings -Wdiv-by-zero -Wsometimes-uninitialized  -pie -o conftest conftest.c -Wl,-force_load,./libconftest.a
configure:9970: result: yes
configure:10044: checking for dlfcn.h
configure:10044: gcc -c -g -O2 -fvisibility=hidden -fPIC -fPIE -fno-strict-aliasing -fno-strict-overflow -fstack-protector -Winit-self -Wwrite-strings -Wdiv-by-zero -Wsometimes-uninitialized  -D_FORTIFY_SOURCE=2 conftest.c >&5
configure:10044: $? = 0
configure:10044: result: yes
configure:10300: checking for objdir
configure:10315: result: .libs
configure:10579: checking if gcc supports -fno-rtti -fno-exceptions
configure:10597: gcc -c -g -O2 -fvisibility=hidden -fPIC -fPIE -fno-strict-aliasing -fno-strict-overflow -fstack-protector -Winit-self -Wwrite-strings -Wdiv-by-zero -Wsometimes-uninitialized  -D_FORTIFY_SOURCE=2 -fno-rtti -fno-exceptions conftest.c >&5
configure:10601: $? = 0
configure:10614: result: yes
configure:10972: checking for gcc option to produce PIC
configure:10979: result: -fno-common -DPIC
configure:10987: checking if gcc PIC flag -fno-common -DPIC works
configure:11005: gcc -c -g -O2 -fvisibility=hidden -fPIC -fPIE -fno-strict-aliasing -fno-strict-overflow -fstack-protector -Winit-self -Wwrite-strings -Wdiv-by-zero -Wsometimes-uninitialized  -D_FORTIFY_SOURCE=2 -fno-common -DPIC -DPIC conftest.c >&5
configure:11009: $? = 0
configure:11022: result: yes
configure:11051: checking if gcc static flag -static works
configure:11079: result: no
configure:11094: checking if gcc supports -c -o file.o
configure:11115: gcc -c -g -O2 -fvisibility=hidden -fPIC -fPIE -fno-strict-aliasing -fno-strict-overflow -fstack-protector -Winit-self -Wwrite-strings -Wdiv-by-zero -Wsometimes-uninitialized  -D_FORTIFY_SOURCE=2 -o out/conftest2.o conftest.c >&5
configure:11119: $? = 0
configure:11141: result: yes
configure:11149: checking if gcc supports -c -o file.o
configure:11196: result: yes
configure:11229: checking whether the gcc linker (/Applications/Xcode.app/Contents/Developer/Toolchains/XcodeDefault.xctoolchain/usr/bin/ld) supports shared libraries
configure:12488: result: yes
configure:12728: checking dynamic linker characteristics
configure:13546: result: darwin14.1.0 dyld
configure:13661: checking how to hardcode library paths into programs
configure:13686: result: immediate
configure:14234: checking whether stripping libraries is possible
configure:14248: result: yes
configure:14274: checking if libtool supports shared libraries
configure:14276: result: yes
configure:14279: checking whether to build shared libraries
configure:14304: result: yes
configure:14307: checking whether to build static libraries
configure:14311: result: yes
configure:14394: checking for ar
configure:14421: result: ar
configure:14448: checking for MMX instructions set
configure:14464: gcc -c -g -O2 -fvisibility=hidden -fPIC -fPIE -fno-strict-aliasing -fno-strict-overflow -fstack-protector -Winit-self -Wwrite-strings -Wdiv-by-zero -Wsometimes-uninitialized  -D_FORTIFY_SOURCE=2 conftest.c >&5
configure:14464: $? = 0
configure:14465: result: yes
configure:14476: checking for SSE2 instructions set
configure:14492: gcc -c -g -O2 -fvisibility=hidden -fPIC -fPIE -fno-strict-aliasing -fno-strict-overflow -fstack-protector -Winit-self -Wwrite-strings -Wdiv-by-zero -Wsometimes-uninitialized  -D_FORTIFY_SOURCE=2 conftest.c >&5
configure:14492: $? = 0
configure:14493: result: yes
configure:14504: checking for SSE3 instructions set
configure:14521: gcc -c -g -O2 -fvisibility=hidden -fPIC -fPIE -fno-strict-aliasing -fno-strict-overflow -fstack-protector -Winit-self -Wwrite-strings -Wdiv-by-zero -Wsometimes-uninitialized  -D_FORTIFY_SOURCE=2 conftest.c >&5
configure:14521: $? = 0
configure:14522: result: yes
configure:14533: checking for SSSE3 instructions set
configure:14549: gcc -c -g -O2 -fvisibility=hidden -fPIC -fPIE -fno-strict-aliasing -fno-strict-overflow -fstack-protector -Winit-self -Wwrite-strings -Wdiv-by-zero -Wsometimes-uninitialized  -D_FORTIFY_SOURCE=2 conftest.c >&5
configure:14549: $? = 0
configure:14550: result: yes
configure:14565: checking sys/mman.h usability
configure:14565: gcc -c -g -O2 -fvisibility=hidden -fPIC -fPIE -fno-strict-aliasing -fno-strict-overflow -fstack-protector -Winit-self -Wwrite-strings -Wdiv-by-zero -Wsometimes-uninitialized  -D_FORTIFY_SOURCE=2 conftest.c >&5
configure:14565: $? = 0
configure:14565: result: yes
configure:14565: checking sys/mman.h presence
configure:14565: gcc -E  -D_FORTIFY_SOURCE=2 conftest.c
configure:14565: $? = 0
configure:14565: result: yes
configure:14565: checking for sys/mman.h
configure:14565: result: yes
configure:14577: checking for inline
configure:14593: gcc -c -g -O2 -fvisibility=hidden -fPIC -fPIE -fno-strict-aliasing -fno-strict-overflow -fstack-protector -Winit-self -Wwrite-strings -Wdiv-by-zero -Wsometimes-uninitialized  -D_FORTIFY_SOURCE=2 conftest.c >&5
configure:14593: $? = 0
configure:14601: result: inline
configure:14619: checking whether byte ordering is bigendian
configure:14634: gcc -c -g -O2 -fvisibility=hidden -fPIC -fPIE -fno-strict-aliasing -fno-strict-overflow -fstack-protector -Winit-self -Wwrite-strings -Wdiv-by-zero -Wsometimes-uninitialized  -D_FORTIFY_SOURCE=2 conftest.c >&5
configure:14634: $? = 0
configure:14679: gcc -c -g -O2 -fvisibility=hidden -fPIC -fPIE -fno-strict-aliasing -fno-strict-overflow -fstack-protector -Winit-self -Wwrite-strings -Wdiv-by-zero -Wsometimes-uninitialized  -D_FORTIFY_SOURCE=2 conftest.c >&5
configure:14679: $? = 0
configure:14697: gcc -c -g -O2 -fvisibility=hidden -fPIC -fPIE -fno-strict-aliasing -fno-strict-overflow -fstack-protector -Winit-self -Wwrite-strings -Wdiv-by-zero -Wsometimes-uninitialized  -D_FORTIFY_SOURCE=2 conftest.c >&5
conftest.c:40:4: error: use of undeclared identifier 'not'
                 not big endian
                 ^
1 error generated.
configure:14697: $? = 1
configure: failed program was:
| /* confdefs.h */
| #define PACKAGE_NAME "libsodium"
| #define PACKAGE_TARNAME "libsodium"
| #define PACKAGE_VERSION "1.0.2"
| #define PACKAGE_STRING "libsodium 1.0.2"
| #define PACKAGE_BUGREPORT "https://github.com/jedisct1/libsodium/issues"
| #define PACKAGE_URL "https://github.com/jedisct1/libsodium"
| #define PACKAGE "libsodium"
| #define VERSION "1.0.2"
| #define STDC_HEADERS 1
| #define HAVE_SYS_TYPES_H 1
| #define HAVE_SYS_STAT_H 1
| #define HAVE_STDLIB_H 1
| #define HAVE_STRING_H 1
| #define HAVE_MEMORY_H 1
| #define HAVE_STRINGS_H 1
| #define HAVE_INTTYPES_H 1
| #define HAVE_STDINT_H 1
| #define HAVE_UNISTD_H 1
| #define __EXTENSIONS__ 1
| #define _ALL_SOURCE 1
| #define _GNU_SOURCE 1
| #define _POSIX_PTHREAD_SEMANTICS 1
| #define _TANDEM_SOURCE 1
| #define HAVE_DLFCN_H 1
| #define LT_OBJDIR ".libs/"
| #define HAVE_MMINTRIN_H 1
| #define HAVE_EMMINTRIN_H 1
| #define HAVE_PMMINTRIN_H 1
| #define HAVE_TMMINTRIN_H 1
| #define HAVE_SYS_MMAN_H 1
| /* end confdefs.h.  */
| #include <sys/types.h>
| 		#include <sys/param.h>
| 
| int
| main ()
| {
| #if BYTE_ORDER != BIG_ENDIAN
| 		 not big endian
| 		#endif
| 
|   ;
|   return 0;
| }
configure:14825: result: no
configure:14845: checking whether __STDC_LIMIT_MACROS is required
configure:14864: gcc -c -g -O2 -fvisibility=hidden -fPIC -fPIE -fno-strict-aliasing -fno-strict-overflow -fstack-protector -Winit-self -Wwrite-strings -Wdiv-by-zero -Wsometimes-uninitialized  -D_FORTIFY_SOURCE=2 conftest.c >&5
configure:14864: $? = 0
configure:14865: result: no
configure:14878: checking whether we should use x86_64 asm code
configure:14902: gcc -c -g -O2 -fvisibility=hidden -fPIC -fPIE -fno-strict-aliasing -fno-strict-overflow -fstack-protector -Winit-self -Wwrite-strings -Wdiv-by-zero -Wsometimes-uninitialized  -D_FORTIFY_SOURCE=2 conftest.c >&5
configure:14902: $? = 0
configure:14903: result: yes
configure:14926: checking for 128-bit arithmetic
configure:14961: gcc -c -g -O2 -fvisibility=hidden -fPIC -fPIE -fno-strict-aliasing -fno-strict-overflow -fstack-protector -Winit-self -Wwrite-strings -Wdiv-by-zero -Wsometimes-uninitialized  -D_FORTIFY_SOURCE=2 conftest.c >&5
configure:14961: $? = 0
configure:14962: result: yes
configure:14986: checking for cpuid instruction
configure:15005: gcc -c -g -O2 -fvisibility=hidden -fPIC -fPIE -fno-strict-aliasing -fno-strict-overflow -fstack-protector -Winit-self -Wwrite-strings -Wdiv-by-zero -Wsometimes-uninitialized  -D_FORTIFY_SOURCE=2 conftest.c >&5
configure:15005: $? = 0
configure:15006: result: yes
configure:15021: checking if weak symbols are supported
configure:15038: gcc -o conftest -g -O2 -fvisibility=hidden -fPIC -fPIE -fno-strict-aliasing -fno-strict-overflow -fstack-protector -Winit-self -Wwrite-strings -Wdiv-by-zero -Wsometimes-uninitialized  -D_FORTIFY_SOURCE=2  -pie conftest.c  >&5
clang: warning: argument unused during compilation: '-pie'
configure:15038: $? = 0
configure:15039: result: yes
configure:15053: data alignment is not required on this target
configure:15072: checking for arc4random
configure:15072: gcc -o conftest -g -O2 -fvisibility=hidden -fPIC -fPIE -fno-strict-aliasing -fno-strict-overflow -fstack-protector -Winit-self -Wwrite-strings -Wdiv-by-zero -Wsometimes-uninitialized  -D_FORTIFY_SOURCE=2  -pie conftest.c  >&5
clang: warning: argument unused during compilation: '-pie'
configure:15072: $? = 0
configure:15072: result: yes
configure:15072: checking for arc4random_buf
configure:15072: gcc -o conftest -g -O2 -fvisibility=hidden -fPIC -fPIE -fno-strict-aliasing -fno-strict-overflow -fstack-protector -Winit-self -Wwrite-strings -Wdiv-by-zero -Wsometimes-uninitialized  -D_FORTIFY_SOURCE=2  -pie conftest.c  >&5
clang: warning: argument unused during compilation: '-pie'
configure:15072: $? = 0
configure:15072: result: yes
configure:15084: checking for mmap
configure:15084: gcc -o conftest -g -O2 -fvisibility=hidden -fPIC -fPIE -fno-strict-aliasing -fno-strict-overflow -fstack-protector -Winit-self -Wwrite-strings -Wdiv-by-zero -Wsometimes-uninitialized  -D_FORTIFY_SOURCE=2  -pie conftest.c  >&5
clang: warning: argument unused during compilation: '-pie'
configure:15084: $? = 0
configure:15084: result: yes
configure:15084: checking for mlock
configure:15084: gcc -o conftest -g -O2 -fvisibility=hidden -fPIC -fPIE -fno-strict-aliasing -fno-strict-overflow -fstack-protector -Winit-self -Wwrite-strings -Wdiv-by-zero -Wsometimes-uninitialized  -D_FORTIFY_SOURCE=2  -pie conftest.c  >&5
clang: warning: argument unused during compilation: '-pie'
configure:15084: $? = 0
configure:15084: result: yes
configure:15084: checking for madvise
configure:15084: gcc -o conftest -g -O2 -fvisibility=hidden -fPIC -fPIE -fno-strict-aliasing -fno-strict-overflow -fstack-protector -Winit-self -Wwrite-strings -Wdiv-by-zero -Wsometimes-uninitialized  -D_FORTIFY_SOURCE=2  -pie conftest.c  >&5
clang: warning: argument unused during compilation: '-pie'
configure:15084: $? = 0
configure:15084: result: yes
configure:15084: checking for mprotect
configure:15084: gcc -o conftest -g -O2 -fvisibility=hidden -fPIC -fPIE -fno-strict-aliasing -fno-strict-overflow -fstack-protector -Winit-self -Wwrite-strings -Wdiv-by-zero -Wsometimes-uninitialized  -D_FORTIFY_SOURCE=2  -pie conftest.c  >&5
clang: warning: argument unused during compilation: '-pie'
configure:15084: $? = 0
configure:15084: result: yes
configure:15084: checking for explicit_bzero
configure:15084: gcc -o conftest -g -O2 -fvisibility=hidden -fPIC -fPIE -fno-strict-aliasing -fno-strict-overflow -fstack-protector -Winit-self -Wwrite-strings -Wdiv-by-zero -Wsometimes-uninitialized  -D_FORTIFY_SOURCE=2  -pie conftest.c  >&5
clang: warning: argument unused during compilation: '-pie'
Undefined symbols for architecture x86_64:
  "_explicit_bzero", referenced from:
      _main in conftest-0a5ae5.o
ld: symbol(s) not found for architecture x86_64
clang: error: linker command failed with exit code 1 (use -v to see invocation)
configure:15084: $? = 1
configure: failed program was:
| /* confdefs.h */
| #define PACKAGE_NAME "libsodium"
| #define PACKAGE_TARNAME "libsodium"
| #define PACKAGE_VERSION "1.0.2"
| #define PACKAGE_STRING "libsodium 1.0.2"
| #define PACKAGE_BUGREPORT "https://github.com/jedisct1/libsodium/issues"
| #define PACKAGE_URL "https://github.com/jedisct1/libsodium"
| #define PACKAGE "libsodium"
| #define VERSION "1.0.2"
| #define STDC_HEADERS 1
| #define HAVE_SYS_TYPES_H 1
| #define HAVE_SYS_STAT_H 1
| #define HAVE_STDLIB_H 1
| #define HAVE_STRING_H 1
| #define HAVE_MEMORY_H 1
| #define HAVE_STRINGS_H 1
| #define HAVE_INTTYPES_H 1
| #define HAVE_STDINT_H 1
| #define HAVE_UNISTD_H 1
| #define __EXTENSIONS__ 1
| #define _ALL_SOURCE 1
| #define _GNU_SOURCE 1
| #define _POSIX_PTHREAD_SEMANTICS 1
| #define _TANDEM_SOURCE 1
| #define HAVE_DLFCN_H 1
| #define LT_OBJDIR ".libs/"
| #define HAVE_MMINTRIN_H 1
| #define HAVE_EMMINTRIN_H 1
| #define HAVE_PMMINTRIN_H 1
| #define HAVE_TMMINTRIN_H 1
| #define HAVE_SYS_MMAN_H 1
| #define NATIVE_LITTLE_ENDIAN 1
| #define HAVE_AMD64_ASM 1
| #define HAVE_TI_MODE 1
| #define HAVE_CPUID 1
| #define HAVE_WEAK_SYMBOLS 1
| #define HAVE_ARC4RANDOM 1
| #define HAVE_ARC4RANDOM_BUF 1
| #define HAVE_MMAP 1
| #define HAVE_MLOCK 1
| #define HAVE_MADVISE 1
| #define HAVE_MPROTECT 1
| /* end confdefs.h.  */
| /* Define explicit_bzero to an innocuous variant, in case <limits.h> declares explicit_bzero.
|    For example, HP-UX 11i <limits.h> declares gettimeofday.  */
| #define explicit_bzero innocuous_explicit_bzero
| 
| /* System header to define __stub macros and hopefully few prototypes,
|     which can conflict with char explicit_bzero (); below.
|     Prefer <limits.h> to <assert.h> if __STDC__ is defined, since
|     <limits.h> exists even on freestanding compilers.  */
| 
| #ifdef __STDC__
| # include <limits.h>
| #else
| # include <assert.h>
| #endif
| 
| #undef explicit_bzero
| 
| /* Override any GCC internal prototype to avoid an error.
|    Use char because int might match the return type of a GCC
|    builtin and then its argument prototype would still apply.  */
| #ifdef __cplusplus
| extern "C"
| #endif
| char explicit_bzero ();
| /* The GNU C library defines this for functions which it implements
|     to always fail with ENOSYS.  Some functions are actually named
|     something starting with __ and the normal name is an alias.  */
| #if defined __stub_explicit_bzero || defined __stub___explicit_bzero
| choke me
| #endif
| 
| int
| main ()
| {
| return explicit_bzero ();
|   ;
|   return 0;
| }
configure:15084: result: no
configure:15097: checking for posix_memalign
configure:15097: gcc -o conftest -g -O2 -fvisibility=hidden -fPIC -fPIE -fno-strict-aliasing -fno-strict-overflow -fstack-protector -Winit-self -Wwrite-strings -Wdiv-by-zero -Wsometimes-uninitialized  -D_FORTIFY_SOURCE=2  -pie conftest.c  >&5
clang: warning: argument unused during compilation: '-pie'
configure:15097: $? = 0
configure:15097: result: yes
configure:15426: checking if gcc/ld supports -Wl,--output-def
configure:15447: gcc -o conftest -g -O2 -fvisibility=hidden -fPIC -fPIE -fno-strict-aliasing -fno-strict-overflow -fstack-protector -Winit-self -Wwrite-strings -Wdiv-by-zero -Wsometimes-uninitialized  -D_FORTIFY_SOURCE=2 -Wl,--output-def,conftest.def conftest.c  >&5
ld: unknown option: --output-def
clang: error: linker command failed with exit code 1 (use -v to see invocation)
configure:15447: $? = 1
configure: failed program was:
| /* confdefs.h */
| #define PACKAGE_NAME "libsodium"
| #define PACKAGE_TARNAME "libsodium"
| #define PACKAGE_VERSION "1.0.2"
| #define PACKAGE_STRING "libsodium 1.0.2"
| #define PACKAGE_BUGREPORT "https://github.com/jedisct1/libsodium/issues"
| #define PACKAGE_URL "https://github.com/jedisct1/libsodium"
| #define PACKAGE "libsodium"
| #define VERSION "1.0.2"
| #define STDC_HEADERS 1
| #define HAVE_SYS_TYPES_H 1
| #define HAVE_SYS_STAT_H 1
| #define HAVE_STDLIB_H 1
| #define HAVE_STRING_H 1
| #define HAVE_MEMORY_H 1
| #define HAVE_STRINGS_H 1
| #define HAVE_INTTYPES_H 1
| #define HAVE_STDINT_H 1
| #define HAVE_UNISTD_H 1
| #define __EXTENSIONS__ 1
| #define _ALL_SOURCE 1
| #define _GNU_SOURCE 1
| #define _POSIX_PTHREAD_SEMANTICS 1
| #define _TANDEM_SOURCE 1
| #define HAVE_DLFCN_H 1
| #define LT_OBJDIR ".libs/"
| #define HAVE_MMINTRIN_H 1
| #define HAVE_EMMINTRIN_H 1
| #define HAVE_PMMINTRIN_H 1
| #define HAVE_TMMINTRIN_H 1
| #define HAVE_SYS_MMAN_H 1
| #define NATIVE_LITTLE_ENDIAN 1
| #define HAVE_AMD64_ASM 1
| #define HAVE_TI_MODE 1
| #define HAVE_CPUID 1
| #define HAVE_WEAK_SYMBOLS 1
| #define HAVE_ARC4RANDOM 1
| #define HAVE_ARC4RANDOM_BUF 1
| #define HAVE_MMAP 1
| #define HAVE_MLOCK 1
| #define HAVE_MADVISE 1
| #define HAVE_MPROTECT 1
| #define HAVE_POSIX_MEMALIGN 1
| /* end confdefs.h.  */
| 
| int
| main ()
| {
| 
|   ;
|   return 0;
| }
configure:15458: result: no
configure:15620: checking that generated files are newer than configure
configure:15626: result: done
configure:15677: creating ./config.status

## ---------------------- ##
## Running config.status. ##
## ---------------------- ##

This file was extended by libsodium config.status 1.0.2, which was
generated by GNU Autoconf 2.69.  Invocation command line was

  CONFIG_FILES    = 
  CONFIG_HEADERS  = 
  CONFIG_LINKS    = 
  CONFIG_COMMANDS = 
  $ ./config.status 

on Book.local

config.status:1052: creating Makefile
config.status:1052: creating dist-build/Makefile
config.status:1052: creating libsodium.pc
config.status:1052: creating libsodium-uninstalled.pc
config.status:1052: creating msvc-scripts/Makefile
config.status:1052: creating src/Makefile
config.status:1052: creating src/libsodium/Makefile
config.status:1052: creating src/libsodium/include/Makefile
config.status:1052: creating src/libsodium/include/sodium/version.h
config.status:1052: creating test/default/Makefile
config.status:1052: creating test/Makefile
config.status:1224: executing depfiles commands
config.status:1224: executing libtool commands

## ---------------- ##
## Cache variables. ##
## ---------------- ##

ac_cv_build=x86_64-apple-darwin14.1.0
ac_cv_c_bigendian=no
ac_cv_c_compiler_gnu=yes
ac_cv_c_inline=inline
ac_cv_env_AR_set=
ac_cv_env_AR_value=
ac_cv_env_CCASFLAGS_set=
ac_cv_env_CCASFLAGS_value=
ac_cv_env_CCAS_set=
ac_cv_env_CCAS_value=
ac_cv_env_CC_set=
ac_cv_env_CC_value=
ac_cv_env_CFLAGS_set=
ac_cv_env_CFLAGS_value=
ac_cv_env_CPPFLAGS_set=
ac_cv_env_CPPFLAGS_value=
ac_cv_env_CPP_set=
ac_cv_env_CPP_value=
ac_cv_env_CWFLAGS_set=
ac_cv_env_CWFLAGS_value=
ac_cv_env_LDFLAGS_set=
ac_cv_env_LDFLAGS_value=
ac_cv_env_LIBS_set=
ac_cv_env_LIBS_value=
ac_cv_env_LT_SYS_LIBRARY_PATH_set=
ac_cv_env_LT_SYS_LIBRARY_PATH_value=
ac_cv_env_SAFECODE_HOME_set=
ac_cv_env_SAFECODE_HOME_value=
ac_cv_env_build_alias_set=
ac_cv_env_build_alias_value=
ac_cv_env_host_alias_set=
ac_cv_env_host_alias_value=
ac_cv_env_target_alias_set=
ac_cv_env_target_alias_value=
ac_cv_func_arc4random=yes
ac_cv_func_arc4random_buf=yes
ac_cv_func_explicit_bzero=no
ac_cv_func_madvise=yes
ac_cv_func_mlock=yes
ac_cv_func_mmap=yes
ac_cv_func_mprotect=yes
ac_cv_func_posix_memalign=yes
ac_cv_header_dlfcn_h=yes
ac_cv_header_inttypes_h=yes
ac_cv_header_memory_h=yes
ac_cv_header_minix_config_h=no
ac_cv_header_stdc=yes
ac_cv_header_stdint_h=yes
ac_cv_header_stdlib_h=yes
ac_cv_header_string_h=yes
ac_cv_header_strings_h=yes
ac_cv_header_sys_mman_h=yes
ac_cv_header_sys_stat_h=yes
ac_cv_header_sys_types_h=yes
ac_cv_header_unistd_h=yes
ac_cv_host=x86_64-apple-darwin14.1.0
ac_cv_objext=o
ac_cv_path_EGREP='/usr/bin/grep -E'
ac_cv_path_FGREP='/usr/bin/grep -F'
ac_cv_path_GREP=/usr/bin/grep
ac_cv_path_SED=/usr/bin/sed
ac_cv_path_install='/usr/bin/install -c'
ac_cv_path_lt_DD=/bin/dd
ac_cv_prog_AWK=awk
ac_cv_prog_CPP='gcc -E'
ac_cv_prog_ac_ct_AR=ar
ac_cv_prog_ac_ct_CC=gcc
ac_cv_prog_ac_ct_DSYMUTIL=dsymutil
ac_cv_prog_ac_ct_LIPO=lipo
ac_cv_prog_ac_ct_NMEDIT=nmedit
ac_cv_prog_ac_ct_OTOOL=otool
ac_cv_prog_ac_ct_RANLIB=ranlib
ac_cv_prog_ac_ct_STRIP=strip
ac_cv_prog_cc_c89=
ac_cv_prog_cc_c99=
ac_cv_prog_cc_g=yes
ac_cv_prog_make_make_set=yes
ac_cv_safe_to_define___extensions__=yes
am_cv_CCAS_dependencies_compiler_type=gcc3
am_cv_CC_dependencies_compiler_type=gcc3
am_cv_make_support_nested_variables=yes
am_cv_prog_cc_c_o=yes
am_cv_prog_tar_ustar=gnutar
ax_cv_check_cflags___D_FORTIFY_SOURCE_2=yes
ax_cv_check_cflags___Wdiv_by_zero=yes
ax_cv_check_cflags___Winit_self=yes
ax_cv_check_cflags___Wsometimes_uninitialized=yes
ax_cv_check_cflags___Wwrite_strings=yes
ax_cv_check_cflags____Wall=yes
ax_cv_check_cflags____Wall__Wextra=yes
ax_cv_check_cflags____Wall__Wextra__Wno_unknown_warning_option=yes
ax_cv_check_cflags____Wall__Wextra__Wno_unknown_warning_option__Wbad_function_cast=yes
ax_cv_check_cflags____Wall__Wextra__Wno_unknown_warning_option__Wbad_function_cast__Wcast_align=yes
ax_cv_check_cflags____Wall__Wextra__Wno_unknown_warning_option__Wbad_function_cast__Wcast_align__Wcast_qual=yes
ax_cv_check_cflags____Wall__Wextra__Wno_unknown_warning_option__Wbad_function_cast__Wcast_align__Wcast_qual__Wchar_subscripts=yes
ax_cv_check_cflags____Wall__Wextra__Wno_unknown_warning_option__Wbad_function_cast__Wcast_align__Wcast_qual__Wchar_subscripts__Wcomment=yes
ax_cv_check_cflags____Wall__Wextra__Wno_unknown_warning_option__Wbad_function_cast__Wcast_align__Wcast_qual__Wchar_subscripts__Wcomment__Wfloat_equal=yes
ax_cv_check_cflags____Wall__Wextra__Wno_unknown_warning_option__Wbad_function_cast__Wcast_align__Wcast_qual__Wchar_subscripts__Wcomment__Wfloat_equal__Wformat_2=yes
ax_cv_check_cflags____Wall__Wextra__Wno_unknown_warning_option__Wbad_function_cast__Wcast_align__Wcast_qual__Wchar_subscripts__Wcomment__Wfloat_equal__Wformat_2__Wimplicit=yes
ax_cv_check_cflags____Wall__Wextra__Wno_unknown_warning_option__Wbad_function_cast__Wcast_align__Wcast_qual__Wchar_subscripts__Wcomment__Wfloat_equal__Wformat_2__Wimplicit__Wmissing_declarations=yes
ax_cv_check_cflags____Wall__Wextra__Wno_unknown_warning_option__Wbad_function_cast__Wcast_align__Wcast_qual__Wchar_subscripts__Wcomment__Wfloat_equal__Wformat_2__Wimplicit__Wmissing_declarations__Wmissing_prototypes=yes
ax_cv_check_cflags____Wall__Wextra__Wno_unknown_warning_option__Wbad_function_cast__Wcast_align__Wcast_qual__Wchar_subscripts__Wcomment__Wfloat_equal__Wformat_2__Wimplicit__Wmissing_declarations__Wmissing_prototypes__Wnormalized_id=yes
ax_cv_check_cflags____Wall__Wextra__Wno_unknown_warning_option__Wbad_function_cast__Wcast_align__Wcast_qual__Wchar_subscripts__Wcomment__Wfloat_equal__Wformat_2__Wimplicit__Wmissing_declarations__Wmissing_prototypes__Wnormalized_id__Woverride_init=yes
ax_cv_check_cflags____Wall__Wextra__Wno_unknown_warning_option__Wbad_function_cast__Wcast_align__Wcast_qual__Wchar_subscripts__Wcomment__Wfloat_equal__Wformat_2__Wimplicit__Wmissing_declarations__Wmissing_prototypes__Wnormalized_id__Woverride_init__Wparentheses=yes
ax_cv_check_cflags____Wall__Wextra__Wno_unknown_warning_option__Wbad_function_cast__Wcast_align__Wcast_qual__Wchar_subscripts__Wcomment__Wfloat_equal__Wformat_2__Wimplicit__Wmissing_declarations__Wmissing_prototypes__Wnormalized_id__Woverride_init__Wparentheses__Wpointer_arith=yes
ax_cv_check_cflags____Wall__Wextra__Wno_unknown_warning_option__Wbad_function_cast__Wcast_align__Wcast_qual__Wchar_subscripts__Wcomment__Wfloat_equal__Wformat_2__Wimplicit__Wmissing_declarations__Wmissing_prototypes__Wnormalized_id__Woverride_init__Wparentheses__Wpointer_arith__Wredundant_decls=yes
ax_cv_check_cflags____Wall__Wextra__Wno_unknown_warning_option__Wbad_function_cast__Wcast_align__Wcast_qual__Wchar_subscripts__Wcomment__Wfloat_equal__Wformat_2__Wimplicit__Wmissing_declarations__Wmissing_prototypes__Wnormalized_id__Woverride_init__Wparentheses__Wpointer_arith__Wredundant_decls__Wstrict_prototypes=yes
ax_cv_check_cflags____Wall__Wextra__Wno_unknown_warning_option__Wbad_function_cast__Wcast_align__Wcast_qual__Wchar_subscripts__Wcomment__Wfloat_equal__Wformat_2__Wimplicit__Wmissing_declarations__Wmissing_prototypes__Wnormalized_id__Woverride_init__Wparentheses__Wpointer_arith__Wredundant_decls__Wstrict_prototypes__Wswitch_enum=yes
ax_cv_check_cflags____Wall__Wextra__Wno_unknown_warning_option__Wbad_function_cast__Wcast_align__Wcast_qual__Wchar_subscripts__Wcomment__Wfloat_equal__Wformat_2__Wimplicit__Wmissing_declarations__Wmissing_prototypes__Wnormalized_id__Woverride_init__Wparentheses__Wpointer_arith__Wredundant_decls__Wstrict_prototypes__Wswitch_enum__Wvariable_decl=yes
ax_cv_check_cflags___fPIC=yes
ax_cv_check_cflags___fPIE=yes
ax_cv_check_cflags___fno_strict_aliasing=yes
ax_cv_check_cflags___fno_strict_overflow=yes
ax_cv_check_cflags___fstack_protector=yes
ax_cv_check_cflags___fvisibility_hidden=yes
ax_cv_check_ldflags___Wl__z_noexecstack=no
ax_cv_check_ldflags___Wl__z_now=no
ax_cv_check_ldflags___Wl__z_relro=no
ax_cv_check_ldflags___fPIC=yes
ax_cv_check_ldflags___fPIE=yes
ax_cv_check_ldflags___fstack_protector=yes
ax_cv_check_ldflags___pie=yes
gl_cv_ld_output_def=no
lt_cv_apple_cc_single_mod=yes
lt_cv_ar_at_file=no
lt_cv_deplibs_check_method=pass_all
lt_cv_file_magic_cmd='$MAGIC_CMD'
lt_cv_file_magic_test_file=
lt_cv_ld_exported_symbols_list=yes
lt_cv_ld_force_load=yes
lt_cv_ld_reload_flag=-r
lt_cv_nm_interface='BSD nm'
lt_cv_objdir=.libs
lt_cv_path_LD=/Applications/Xcode.app/Contents/Developer/Toolchains/XcodeDefault.xctoolchain/usr/bin/ld
lt_cv_path_NM=/usr/bin/nm
lt_cv_path_mainfest_tool=no
lt_cv_prog_compiler_c_o=yes
lt_cv_prog_compiler_pic='-fno-common -DPIC'
lt_cv_prog_compiler_pic_works=yes
lt_cv_prog_compiler_rtti_exceptions=yes
lt_cv_prog_compiler_static_works=no
lt_cv_prog_gnu_ld=no
lt_cv_sharedlib_from_linklib_cmd='printf %s\n'
lt_cv_sys_global_symbol_pipe='sed -n -e '\''s/^.*[	 ]\([BCDEGRST][BCDEGRST]*\)[	 ][	 ]*_\([_A-Za-z][_A-Za-z0-9]*\)$/\1 _\2 \2/p'\'' | sed '\''/ __gnu_lto/d'\'''
lt_cv_sys_global_symbol_to_c_name_address='sed -n -e '\''s/^: \(.*\) .*$/  {"\1", (void *) 0},/p'\'' -e '\''s/^[BCDEGRST][BCDEGRST]* .* \(.*\)$/  {"\1", (void *) \&\1},/p'\'''
lt_cv_sys_global_symbol_to_c_name_address_lib_prefix='sed -n -e '\''s/^: \(.*\) .*$/  {"\1", (void *) 0},/p'\'' -e '\''s/^[BCDEGRST][BCDEGRST]* .* \(lib.*\)$/  {"\1", (void *) \&\1},/p'\'' -e '\''s/^[BCDEGRST][BCDEGRST]* .* \(.*\)$/  {"lib\1", (void *) \&\1},/p'\'''
lt_cv_sys_global_symbol_to_cdecl='sed -n -e '\''s/^T .* \(.*\)$/extern int \1();/p'\'' -e '\''s/^[BCDEGRST][BCDEGRST]* .* \(.*\)$/extern char \1;/p'\'''
lt_cv_sys_global_symbol_to_import=
lt_cv_sys_lib_dlsearch_path_spec='/usr/local/lib /lib /usr/lib'
lt_cv_sys_max_cmd_len=196608
lt_cv_to_host_file_cmd=func_convert_file_noop
lt_cv_to_tool_file_cmd=func_convert_file_noop
lt_cv_truncate_bin='/bin/dd bs=4096 count=1'

## ----------------- ##
## Output variables. ##
## ----------------- ##

ACLOCAL='${SHELL} /Users/pedro/work/node-sodium/deps/libsodium-1.0.2/build-aux/missing aclocal-1.15'
AMDEPBACKSLASH='\'
AMDEP_FALSE='#'
AMDEP_TRUE=''
AMTAR='$${TAR-tar}'
AM_BACKSLASH='\'
AM_DEFAULT_V='$(AM_DEFAULT_VERBOSITY)'
AM_DEFAULT_VERBOSITY='0'
AM_V='$(V)'
AR='ar'
AS='as'
AUTOCONF='${SHELL} /Users/pedro/work/node-sodium/deps/libsodium-1.0.2/build-aux/missing autoconf'
AUTOHEADER='${SHELL} /Users/pedro/work/node-sodium/deps/libsodium-1.0.2/build-aux/missing autoheader'
AUTOMAKE='${SHELL} /Users/pedro/work/node-sodium/deps/libsodium-1.0.2/build-aux/missing automake-1.15'
AWK='awk'
CC='gcc'
CCAS='gcc'
CCASDEPMODE='depmode=gcc3'
CCASFLAGS='-g -O2'
CCDEPMODE='depmode=gcc3'
CFLAGS='-g -O2 -fvisibility=hidden -fPIC -fPIE -fno-strict-aliasing -fno-strict-overflow -fstack-protector -Winit-self -Wwrite-strings -Wdiv-by-zero -Wsometimes-uninitialized'
CPP='gcc -E'
CPPFLAGS=' -D_FORTIFY_SOURCE=2'
CWFLAGS=' -Wall -Wextra -Wno-unknown-warning-option -Wbad-function-cast -Wcast-align -Wcast-qual -Wchar-subscripts -Wcomment -Wfloat-equal -Wformat=2 -Wimplicit -Wmissing-declarations -Wmissing-prototypes -Wnormalized=id -Woverride-init -Wparentheses -Wpointer-arith -Wredundant-decls -Wstrict-prototypes -Wswitch-enum -Wvariable-decl'
CYGPATH_W='echo'
DEFS='-DPACKAGE_NAME=\"libsodium\" -DPACKAGE_TARNAME=\"libsodium\" -DPACKAGE_VERSION=\"1.0.2\" -DPACKAGE_STRING=\"libsodium\ 1.0.2\" -DPACKAGE_BUGREPORT=\"https://github.com/jedisct1/libsodium/issues\" -DPACKAGE_URL=\"https://github.com/jedisct1/libsodium\" -DPACKAGE=\"libsodium\" -DVERSION=\"1.0.2\" -DSTDC_HEADERS=1 -DHAVE_SYS_TYPES_H=1 -DHAVE_SYS_STAT_H=1 -DHAVE_STDLIB_H=1 -DHAVE_STRING_H=1 -DHAVE_MEMORY_H=1 -DHAVE_STRINGS_H=1 -DHAVE_INTTYPES_H=1 -DHAVE_STDINT_H=1 -DHAVE_UNISTD_H=1 -D__EXTENSIONS__=1 -D_ALL_SOURCE=1 -D_GNU_SOURCE=1 -D_POSIX_PTHREAD_SEMANTICS=1 -D_TANDEM_SOURCE=1 -DHAVE_DLFCN_H=1 -DLT_OBJDIR=\".libs/\" -DHAVE_MMINTRIN_H=1 -DHAVE_EMMINTRIN_H=1 -DHAVE_PMMINTRIN_H=1 -DHAVE_TMMINTRIN_H=1 -DHAVE_SYS_MMAN_H=1 -DNATIVE_LITTLE_ENDIAN=1 -DHAVE_AMD64_ASM=1 -DHAVE_TI_MODE=1 -DHAVE_CPUID=1 -DHAVE_WEAK_SYMBOLS=1 -DHAVE_ARC4RANDOM=1 -DHAVE_ARC4RANDOM_BUF=1 -DHAVE_MMAP=1 -DHAVE_MLOCK=1 -DHAVE_MADVISE=1 -DHAVE_MPROTECT=1 -DHAVE_POSIX_MEMALIGN=1'
DEPDIR='.deps'
DLLTOOL='false'
DLL_VERSION='6'
DSYMUTIL='dsymutil'
DUMPBIN=''
ECHO_C='\c'
ECHO_N=''
ECHO_T=''
EGREP='/usr/bin/grep -E'
EMSCRIPTEN_FALSE=''
EMSCRIPTEN_TRUE='#'
EXEEXT=''
FGREP='/usr/bin/grep -F'
GREP='/usr/bin/grep'
HAVE_AMD64_ASM_FALSE='#'
HAVE_AMD64_ASM_TRUE=''
HAVE_AMD64_ASM_V='1'
HAVE_CPUID_V='1'
HAVE_LD_OUTPUT_DEF_FALSE=''
HAVE_LD_OUTPUT_DEF_TRUE='#'
HAVE_TI_MODE_FALSE='#'
HAVE_TI_MODE_TRUE=''
HAVE_TI_MODE_V='1'
INSTALL_DATA='${INSTALL} -m 644'
INSTALL_PROGRAM='${INSTALL}'
INSTALL_SCRIPT='${INSTALL}'
INSTALL_STRIP_PROGRAM='$(install_sh) -c -s'
ISODATE='2015-02-18'
LD='/Applications/Xcode.app/Contents/Developer/Toolchains/XcodeDefault.xctoolchain/usr/bin/ld'
LDFLAGS=' -pie'
LIBOBJS=''
LIBS=''
LIBTOOL='$(SHELL) $(top_builddir)/libtool'
LIBTOOL_DEPS='build-aux/ltmain.sh'
LIBTOOL_EXTRA_FLAGS=' -version-info 14:0:1'
LIPO='lipo'
LN_S='ln -s'
LTLIBOBJS=''
LT_SYS_LIBRARY_PATH=''
MAINT='#'
MAINTAINER_MODE_FALSE=''
MAINTAINER_MODE_TRUE='#'
MAKEINFO='${SHELL} /Users/pedro/work/node-sodium/deps/libsodium-1.0.2/build-aux/missing makeinfo'
MANIFEST_TOOL=':'
MINIMAL_FALSE=''
MINIMAL_TRUE='#'
MKDIR_P='build-aux/install-sh -c -d'
NM='/usr/bin/nm'
NMEDIT='nmedit'
OBJDUMP='false'
OBJEXT='o'
OTOOL64=':'
OTOOL='otool'
PACKAGE='libsodium'
PACKAGE_BUGREPORT='https://github.com/jedisct1/libsodium/issues'
PACKAGE_NAME='libsodium'
PACKAGE_STRING='libsodium 1.0.2'
PACKAGE_TARNAME='libsodium'
PACKAGE_URL='https://github.com/jedisct1/libsodium'
PACKAGE_VERSION='1.0.2'
PATH_SEPARATOR=':'
RANLIB='ranlib'
SAFECODE_HOME=''
SED='/usr/bin/sed'
SET_MAKE=''
SHELL='/bin/sh'
SODIUM_LIBRARY_VERSION='14:0:1'
SODIUM_LIBRARY_VERSION_MAJOR='7'
SODIUM_LIBRARY_VERSION_MINOR='4'
STRIP='strip'
TEST_LDFLAGS=''
VERSION='1.0.2'
ac_ct_AR='ar'
ac_ct_CC='gcc'
ac_ct_DUMPBIN=''
am__EXEEXT_FALSE=''
am__EXEEXT_TRUE='#'
am__fastdepCCAS_FALSE='#'
am__fastdepCCAS_TRUE=''
am__fastdepCC_FALSE='#'
am__fastdepCC_TRUE=''
am__include='include'
am__isrc=''
am__leading_dot='.'
am__nodep='_no'
am__quote=''
am__tar='tar --format=ustar -chf - "$$tardir"'
am__untar='tar -xf -'
bindir='${exec_prefix}/bin'
build='x86_64-apple-darwin14.1.0'
build_alias=''
build_cpu='x86_64'
build_os='darwin14.1.0'
build_vendor='apple'
datadir='${datarootdir}'
datarootdir='${prefix}/share'
docdir='${datarootdir}/doc/${PACKAGE_TARNAME}'
dvidir='${docdir}'
exec_prefix='${prefix}'
host='x86_64-apple-darwin14.1.0'
host_alias=''
host_cpu='x86_64'
host_os='darwin14.1.0'
host_vendor='apple'
htmldir='${docdir}'
includedir='${prefix}/include'
infodir='${datarootdir}/info'
install_sh='${SHELL} /Users/pedro/work/node-sodium/deps/libsodium-1.0.2/build-aux/install-sh'
libdir='${exec_prefix}/lib'
libexecdir='${exec_prefix}/libexec'
localedir='${datarootdir}/locale'
localstatedir='${prefix}/var'
mandir='${datarootdir}/man'
mkdir_p='$(MKDIR_P)'
oldincludedir='/usr/include'
pdfdir='${docdir}'
prefix='/usr/local'
program_transform_name='s,x,x,'
psdir='${docdir}'
sbindir='${exec_prefix}/sbin'
sharedstatedir='${prefix}/com'
sysconfdir='${prefix}/etc'
target_alias=''

## ----------- ##
## confdefs.h. ##
## ----------- ##

/* confdefs.h */
#define PACKAGE_NAME "libsodium"
#define PACKAGE_TARNAME "libsodium"
#define PACKAGE_VERSION "1.0.2"
#define PACKAGE_STRING "libsodium 1.0.2"
#define PACKAGE_BUGREPORT "https://github.com/jedisct1/libsodium/issues"
#define PACKAGE_URL "https://github.com/jedisct1/libsodium"
#define PACKAGE "libsodium"
#define VERSION "1.0.2"
#define STDC_HEADERS 1
#define HAVE_SYS_TYPES_H 1
#define HAVE_SYS_STAT_H 1
#define HAVE_STDLIB_H 1
#define HAVE_STRING_H 1
#define HAVE_MEMORY_H 1
#define HAVE_STRINGS_H 1
#define HAVE_INTTYPES_H 1
#define HAVE_STDINT_H 1
#define HAVE_UNISTD_H 1
#define __EXTENSIONS__ 1
#define _ALL_SOURCE 1
#define _GNU_SOURCE 1
#define _POSIX_PTHREAD_SEMANTICS 1
#define _TANDEM_SOURCE 1
#define HAVE_DLFCN_H 1
#define LT_OBJDIR ".libs/"
#define HAVE_MMINTRIN_H 1
#define HAVE_EMMINTRIN_H 1
#define HAVE_PMMINTRIN_H 1
#define HAVE_TMMINTRIN_H 1
#define HAVE_SYS_MMAN_H 1
#define NATIVE_LITTLE_ENDIAN 1
#define HAVE_AMD64_ASM 1
#define HAVE_TI_MODE 1
#define HAVE_CPUID 1
#define HAVE_WEAK_SYMBOLS 1
#define HAVE_ARC4RANDOM 1
#define HAVE_ARC4RANDOM_BUF 1
#define HAVE_MMAP 1
#define HAVE_MLOCK 1
#define HAVE_MADVISE 1
#define HAVE_MPROTECT 1
#define HAVE_POSIX_MEMALIGN 1

configure: exit 0
